CRITICAL - 2023-08-23 19:43:38 --> CodeIgniter\Database\BaseResult::getFirstRow(): Argument #1 ($type) must be of type string, null given, called in /Users/luan/Code/codetest/vendor/codeigniter4/framework/system/Model.php on line 268
in SYSTEMPATH/Database/BaseResult.php on line 389.
 1 SYSTEMPATH/Model.php(268): CodeIgniter\Database\BaseResult->getFirstRow(null)
 2 SYSTEMPATH/BaseModel.php(656): CodeIgniter\Model->doFirst()
 3 APPPATH/Repository/StockDataRepository.php(32): CodeIgniter\BaseModel->first()
 4 APPPATH/Repository/Cache/StockDataRepositoryCache.php(37): App\Repository\StockDataRepository->getLastestStockData(Object(App\Libraries\StockData\Filter), Object(App\Libraries\StockData\SortOrder))
 5 APPPATH/Controllers/Api/ApiStockData.php(22): App\Repository\Cache\StockDataRepositoryCache->getLastestStockData(Object(App\Libraries\StockData\Filter), Object(App\Libraries\StockData\SortOrder))
 6 SYSTEMPATH/CodeIgniter.php(932): App\Controllers\Api\ApiStockData->index()
 7 SYSTEMPATH/CodeIgniter.php(497): CodeIgniter\CodeIgniter->runController(Object(App\Controllers\Api\ApiStockData))
 8 SYSTEMPATH/CodeIgniter.php(366): CodeIgniter\CodeIgniter->handleRequest(null, Object(Config\Cache), false)
 9 FCPATH/index.php(67): CodeIgniter\CodeIgniter->run()
CRITICAL - 2023-08-23 19:49:29 --> CodeIgniter\Database\BaseResult::getFirstRow(): Argument #1 ($type) must be of type string, null given, called in /Users/luan/Code/codetest/vendor/codeigniter4/framework/system/Model.php on line 268
in SYSTEMPATH/Database/BaseResult.php on line 389.
 1 SYSTEMPATH/Model.php(268): CodeIgniter\Database\BaseResult->getFirstRow(null)
 2 SYSTEMPATH/BaseModel.php(656): CodeIgniter\Model->doFirst()
 3 APPPATH/Repository/StockDataRepository.php(32): CodeIgniter\BaseModel->first()
 4 APPPATH/Repository/Cache/StockDataRepositoryCache.php(37): App\Repository\StockDataRepository->getLastestStockData(Object(App\Libraries\StockData\Filter), Object(App\Libraries\StockData\SortOrder))
 5 APPPATH/Controllers/Api/ApiStockData.php(22): App\Repository\Cache\StockDataRepositoryCache->getLastestStockData(Object(App\Libraries\StockData\Filter), Object(App\Libraries\StockData\SortOrder))
 6 SYSTEMPATH/CodeIgniter.php(932): App\Controllers\Api\ApiStockData->index()
 7 SYSTEMPATH/CodeIgniter.php(497): CodeIgniter\CodeIgniter->runController(Object(App\Controllers\Api\ApiStockData))
 8 SYSTEMPATH/CodeIgniter.php(366): CodeIgniter\CodeIgniter->handleRequest(null, Object(Config\Cache), false)
 9 FCPATH/index.php(67): CodeIgniter\CodeIgniter->run()
CRITICAL - 2023-08-23 19:50:21 --> CodeIgniter\Database\BaseResult::getFirstRow(): Argument #1 ($type) must be of type string, null given, called in /Users/luan/Code/codetest/vendor/codeigniter4/framework/system/Model.php on line 268
in SYSTEMPATH/Database/BaseResult.php on line 389.
 1 SYSTEMPATH/Model.php(268): CodeIgniter\Database\BaseResult->getFirstRow(null)
 2 SYSTEMPATH/BaseModel.php(656): CodeIgniter\Model->doFirst()
 3 APPPATH/Repository/StockDataRepository.php(33): CodeIgniter\BaseModel->first()
 4 APPPATH/Repository/Cache/StockDataRepositoryCache.php(37): App\Repository\StockDataRepository->getLastestStockData(Object(App\Libraries\StockData\Filter), Object(App\Libraries\StockData\SortOrder))
 5 APPPATH/Controllers/Api/ApiStockData.php(22): App\Repository\Cache\StockDataRepositoryCache->getLastestStockData(Object(App\Libraries\StockData\Filter), Object(App\Libraries\StockData\SortOrder))
 6 SYSTEMPATH/CodeIgniter.php(932): App\Controllers\Api\ApiStockData->index()
 7 SYSTEMPATH/CodeIgniter.php(497): CodeIgniter\CodeIgniter->runController(Object(App\Controllers\Api\ApiStockData))
 8 SYSTEMPATH/CodeIgniter.php(366): CodeIgniter\CodeIgniter->handleRequest(null, Object(Config\Cache), false)
 9 FCPATH/index.php(67): CodeIgniter\CodeIgniter->run()
CRITICAL - 2023-08-23 20:05:22 --> CodeIgniter\Database\BaseResult::getFirstRow(): Argument #1 ($type) must be of type string, null given, called in /Users/luan/Code/codetest/vendor/codeigniter4/framework/system/Model.php on line 268
in SYSTEMPATH/Database/BaseResult.php on line 389.
 1 SYSTEMPATH/Model.php(268): CodeIgniter\Database\BaseResult->getFirstRow(null)
 2 SYSTEMPATH/BaseModel.php(656): CodeIgniter\Model->doFirst()
 3 APPPATH/Repository/StockDataRepository.php(32): CodeIgniter\BaseModel->first()
 4 APPPATH/Repository/Cache/StockDataRepositoryCache.php(37): App\Repository\StockDataRepository->getLastestStockData(Object(App\Libraries\StockData\Filter), Object(App\Libraries\StockData\SortOrder))
 5 APPPATH/Controllers/Api/ApiStockData.php(22): App\Repository\Cache\StockDataRepositoryCache->getLastestStockData(Object(App\Libraries\StockData\Filter), Object(App\Libraries\StockData\SortOrder))
 6 SYSTEMPATH/CodeIgniter.php(932): App\Controllers\Api\ApiStockData->index()
 7 SYSTEMPATH/CodeIgniter.php(497): CodeIgniter\CodeIgniter->runController(Object(App\Controllers\Api\ApiStockData))
 8 SYSTEMPATH/CodeIgniter.php(366): CodeIgniter\CodeIgniter->handleRequest(null, Object(Config\Cache), false)
 9 FCPATH/index.php(67): CodeIgniter\CodeIgniter->run()
CRITICAL - 2023-08-23 20:05:53 --> Cannot use object of type App\Models\StockDataModel as array
in APPPATH/Repository/StockDataRepository.php on line 38.
 1 APPPATH/Repository/Cache/StockDataRepositoryCache.php(37): App\Repository\StockDataRepository->getLastestStockData(Object(App\Libraries\StockData\Filter), Object(App\Libraries\StockData\SortOrder))
 2 APPPATH/Controllers/Api/ApiStockData.php(22): App\Repository\Cache\StockDataRepositoryCache->getLastestStockData(Object(App\Libraries\StockData\Filter), Object(App\Libraries\StockData\SortOrder))
 3 SYSTEMPATH/CodeIgniter.php(932): App\Controllers\Api\ApiStockData->index()
 4 SYSTEMPATH/CodeIgniter.php(497): CodeIgniter\CodeIgniter->runController(Object(App\Controllers\Api\ApiStockData))
 5 SYSTEMPATH/CodeIgniter.php(366): CodeIgniter\CodeIgniter->handleRequest(null, Object(Config\Cache), false)
 6 FCPATH/index.php(67): CodeIgniter\CodeIgniter->run()
CRITICAL - 2023-08-23 20:05:54 --> Cannot use object of type App\Models\StockDataModel as array
in APPPATH/Repository/StockDataRepository.php on line 38.
 1 APPPATH/Repository/Cache/StockDataRepositoryCache.php(37): App\Repository\StockDataRepository->getLastestStockData(Object(App\Libraries\StockData\Filter), Object(App\Libraries\StockData\SortOrder))
 2 APPPATH/Controllers/Api/ApiStockData.php(22): App\Repository\Cache\StockDataRepositoryCache->getLastestStockData(Object(App\Libraries\StockData\Filter), Object(App\Libraries\StockData\SortOrder))
 3 SYSTEMPATH/CodeIgniter.php(932): App\Controllers\Api\ApiStockData->index()
 4 SYSTEMPATH/CodeIgniter.php(497): CodeIgniter\CodeIgniter->runController(Object(App\Controllers\Api\ApiStockData))
 5 SYSTEMPATH/CodeIgniter.php(366): CodeIgniter\CodeIgniter->handleRequest(null, Object(Config\Cache), false)
 6 FCPATH/index.php(67): CodeIgniter\CodeIgniter->run()
CRITICAL - 2023-08-23 20:05:58 --> Cannot use object of type App\Models\StockDataModel as array
in APPPATH/Repository/StockDataRepository.php on line 38.
 1 APPPATH/Repository/Cache/StockDataRepositoryCache.php(37): App\Repository\StockDataRepository->getLastestStockData(Object(App\Libraries\StockData\Filter), Object(App\Libraries\StockData\SortOrder))
 2 APPPATH/Controllers/Api/ApiStockData.php(22): App\Repository\Cache\StockDataRepositoryCache->getLastestStockData(Object(App\Libraries\StockData\Filter), Object(App\Libraries\StockData\SortOrder))
 3 SYSTEMPATH/CodeIgniter.php(932): App\Controllers\Api\ApiStockData->index()
 4 SYSTEMPATH/CodeIgniter.php(497): CodeIgniter\CodeIgniter->runController(Object(App\Controllers\Api\ApiStockData))
 5 SYSTEMPATH/CodeIgniter.php(366): CodeIgniter\CodeIgniter->handleRequest(null, Object(Config\Cache), false)
 6 FCPATH/index.php(67): CodeIgniter\CodeIgniter->run()
CRITICAL - 2023-08-23 20:06:19 --> CodeIgniter\Database\BaseResult::getFirstRow(): Argument #1 ($type) must be of type string, null given, called in /Users/luan/Code/codetest/vendor/codeigniter4/framework/system/Model.php on line 268
in SYSTEMPATH/Database/BaseResult.php on line 389.
 1 SYSTEMPATH/Model.php(268): CodeIgniter\Database\BaseResult->getFirstRow(null)
 2 SYSTEMPATH/BaseModel.php(656): CodeIgniter\Model->doFirst()
 3 APPPATH/Repository/StockDataRepository.php(32): CodeIgniter\BaseModel->first()
 4 APPPATH/Repository/Cache/StockDataRepositoryCache.php(37): App\Repository\StockDataRepository->getLastestStockData(Object(App\Libraries\StockData\Filter), Object(App\Libraries\StockData\SortOrder))
 5 APPPATH/Controllers/Api/ApiStockData.php(22): App\Repository\Cache\StockDataRepositoryCache->getLastestStockData(Object(App\Libraries\StockData\Filter), Object(App\Libraries\StockData\SortOrder))
 6 SYSTEMPATH/CodeIgniter.php(932): App\Controllers\Api\ApiStockData->index()
 7 SYSTEMPATH/CodeIgniter.php(497): CodeIgniter\CodeIgniter->runController(Object(App\Controllers\Api\ApiStockData))
 8 SYSTEMPATH/CodeIgniter.php(366): CodeIgniter\CodeIgniter->handleRequest(null, Object(Config\Cache), false)
 9 FCPATH/index.php(67): CodeIgniter\CodeIgniter->run()
CRITICAL - 2023-08-23 20:06:42 --> CodeIgniter\Database\BaseResult::getResult(): Argument #1 ($type) must be of type string, null given, called in /Users/luan/Code/codetest/vendor/codeigniter4/framework/system/Model.php on line 242
in SYSTEMPATH/Database/BaseResult.php on line 104.
 1 SYSTEMPATH/Model.php(242): CodeIgniter\Database\BaseResult->getResult(null)
 2 SYSTEMPATH/BaseModel.php(618): CodeIgniter\Model->doFindAll(0, 0)
 3 APPPATH/Repository/StockDataRepository.php(32): CodeIgniter\BaseModel->findAll()
 4 APPPATH/Repository/Cache/StockDataRepositoryCache.php(37): App\Repository\StockDataRepository->getLastestStockData(Object(App\Libraries\StockData\Filter), Object(App\Libraries\StockData\SortOrder))
 5 APPPATH/Controllers/Api/ApiStockData.php(22): App\Repository\Cache\StockDataRepositoryCache->getLastestStockData(Object(App\Libraries\StockData\Filter), Object(App\Libraries\StockData\SortOrder))
 6 SYSTEMPATH/CodeIgniter.php(932): App\Controllers\Api\ApiStockData->index()
 7 SYSTEMPATH/CodeIgniter.php(497): CodeIgniter\CodeIgniter->runController(Object(App\Controllers\Api\ApiStockData))
 8 SYSTEMPATH/CodeIgniter.php(366): CodeIgniter\CodeIgniter->handleRequest(null, Object(Config\Cache), false)
 9 FCPATH/index.php(67): CodeIgniter\CodeIgniter->run()
CRITICAL - 2023-08-23 20:06:50 --> CodeIgniter\Database\BaseResult::getFirstRow(): Argument #1 ($type) must be of type string, null given, called in /Users/luan/Code/codetest/vendor/codeigniter4/framework/system/Model.php on line 268
in SYSTEMPATH/Database/BaseResult.php on line 389.
 1 SYSTEMPATH/Model.php(268): CodeIgniter\Database\BaseResult->getFirstRow(null)
 2 SYSTEMPATH/BaseModel.php(656): CodeIgniter\Model->doFirst()
 3 APPPATH/Repository/StockDataRepository.php(32): CodeIgniter\BaseModel->first()
 4 APPPATH/Repository/Cache/StockDataRepositoryCache.php(37): App\Repository\StockDataRepository->getLastestStockData(Object(App\Libraries\StockData\Filter), Object(App\Libraries\StockData\SortOrder))
 5 APPPATH/Controllers/Api/ApiStockData.php(22): App\Repository\Cache\StockDataRepositoryCache->getLastestStockData(Object(App\Libraries\StockData\Filter), Object(App\Libraries\StockData\SortOrder))
 6 SYSTEMPATH/CodeIgniter.php(932): App\Controllers\Api\ApiStockData->index()
 7 SYSTEMPATH/CodeIgniter.php(497): CodeIgniter\CodeIgniter->runController(Object(App\Controllers\Api\ApiStockData))
 8 SYSTEMPATH/CodeIgniter.php(366): CodeIgniter\CodeIgniter->handleRequest(null, Object(Config\Cache), false)
 9 FCPATH/index.php(67): CodeIgniter\CodeIgniter->run()
CRITICAL - 2023-08-23 20:07:09 --> CodeIgniter\Database\BaseResult::getFirstRow(): Argument #1 ($type) must be of type string, null given, called in /Users/luan/Code/codetest/vendor/codeigniter4/framework/system/Model.php on line 268
in SYSTEMPATH/Database/BaseResult.php on line 389.
 1 SYSTEMPATH/Model.php(268): CodeIgniter\Database\BaseResult->getFirstRow(null)
 2 SYSTEMPATH/BaseModel.php(656): CodeIgniter\Model->doFirst()
 3 APPPATH/Repository/StockDataRepository.php(32): CodeIgniter\BaseModel->first()
 4 APPPATH/Repository/Cache/StockDataRepositoryCache.php(37): App\Repository\StockDataRepository->getLastestStockData(Object(App\Libraries\StockData\Filter), Object(App\Libraries\StockData\SortOrder))
 5 APPPATH/Controllers/Api/ApiStockData.php(22): App\Repository\Cache\StockDataRepositoryCache->getLastestStockData(Object(App\Libraries\StockData\Filter), Object(App\Libraries\StockData\SortOrder))
 6 SYSTEMPATH/CodeIgniter.php(932): App\Controllers\Api\ApiStockData->index()
 7 SYSTEMPATH/CodeIgniter.php(497): CodeIgniter\CodeIgniter->runController(Object(App\Controllers\Api\ApiStockData))
 8 SYSTEMPATH/CodeIgniter.php(366): CodeIgniter\CodeIgniter->handleRequest(null, Object(Config\Cache), false)
 9 FCPATH/index.php(67): CodeIgniter\CodeIgniter->run()
CRITICAL - 2023-08-23 20:07:10 --> CodeIgniter\Database\BaseResult::getFirstRow(): Argument #1 ($type) must be of type string, null given, called in /Users/luan/Code/codetest/vendor/codeigniter4/framework/system/Model.php on line 268
in SYSTEMPATH/Database/BaseResult.php on line 389.
 1 SYSTEMPATH/Model.php(268): CodeIgniter\Database\BaseResult->getFirstRow(null)
 2 SYSTEMPATH/BaseModel.php(656): CodeIgniter\Model->doFirst()
 3 APPPATH/Repository/StockDataRepository.php(32): CodeIgniter\BaseModel->first()
 4 APPPATH/Repository/Cache/StockDataRepositoryCache.php(37): App\Repository\StockDataRepository->getLastestStockData(Object(App\Libraries\StockData\Filter), Object(App\Libraries\StockData\SortOrder))
 5 APPPATH/Controllers/Api/ApiStockData.php(22): App\Repository\Cache\StockDataRepositoryCache->getLastestStockData(Object(App\Libraries\StockData\Filter), Object(App\Libraries\StockData\SortOrder))
 6 SYSTEMPATH/CodeIgniter.php(932): App\Controllers\Api\ApiStockData->index()
 7 SYSTEMPATH/CodeIgniter.php(497): CodeIgniter\CodeIgniter->runController(Object(App\Controllers\Api\ApiStockData))
 8 SYSTEMPATH/CodeIgniter.php(366): CodeIgniter\CodeIgniter->handleRequest(null, Object(Config\Cache), false)
 9 FCPATH/index.php(67): CodeIgniter\CodeIgniter->run()
CRITICAL - 2023-08-23 20:07:11 --> CodeIgniter\Database\BaseResult::getFirstRow(): Argument #1 ($type) must be of type string, null given, called in /Users/luan/Code/codetest/vendor/codeigniter4/framework/system/Model.php on line 268
in SYSTEMPATH/Database/BaseResult.php on line 389.
 1 SYSTEMPATH/Model.php(268): CodeIgniter\Database\BaseResult->getFirstRow(null)
 2 SYSTEMPATH/BaseModel.php(656): CodeIgniter\Model->doFirst()
 3 APPPATH/Repository/StockDataRepository.php(32): CodeIgniter\BaseModel->first()
 4 APPPATH/Repository/Cache/StockDataRepositoryCache.php(37): App\Repository\StockDataRepository->getLastestStockData(Object(App\Libraries\StockData\Filter), Object(App\Libraries\StockData\SortOrder))
 5 APPPATH/Controllers/Api/ApiStockData.php(22): App\Repository\Cache\StockDataRepositoryCache->getLastestStockData(Object(App\Libraries\StockData\Filter), Object(App\Libraries\StockData\SortOrder))
 6 SYSTEMPATH/CodeIgniter.php(932): App\Controllers\Api\ApiStockData->index()
 7 SYSTEMPATH/CodeIgniter.php(497): CodeIgniter\CodeIgniter->runController(Object(App\Controllers\Api\ApiStockData))
 8 SYSTEMPATH/CodeIgniter.php(366): CodeIgniter\CodeIgniter->handleRequest(null, Object(Config\Cache), false)
 9 FCPATH/index.php(67): CodeIgniter\CodeIgniter->run()
CRITICAL - 2023-08-23 20:07:17 --> CodeIgniter\Database\BaseResult::getFirstRow(): Argument #1 ($type) must be of type string, null given, called in /Users/luan/Code/codetest/vendor/codeigniter4/framework/system/Model.php on line 268
in SYSTEMPATH/Database/BaseResult.php on line 389.
 1 SYSTEMPATH/Model.php(268): CodeIgniter\Database\BaseResult->getFirstRow(null)
 2 SYSTEMPATH/BaseModel.php(656): CodeIgniter\Model->doFirst()
 3 APPPATH/Repository/StockDataRepository.php(32): CodeIgniter\BaseModel->first()
 4 APPPATH/Repository/Cache/StockDataRepositoryCache.php(37): App\Repository\StockDataRepository->getLastestStockData(Object(App\Libraries\StockData\Filter), Object(App\Libraries\StockData\SortOrder))
 5 APPPATH/Controllers/Api/ApiStockData.php(22): App\Repository\Cache\StockDataRepositoryCache->getLastestStockData(Object(App\Libraries\StockData\Filter), Object(App\Libraries\StockData\SortOrder))
 6 SYSTEMPATH/CodeIgniter.php(932): App\Controllers\Api\ApiStockData->index()
 7 SYSTEMPATH/CodeIgniter.php(497): CodeIgniter\CodeIgniter->runController(Object(App\Controllers\Api\ApiStockData))
 8 SYSTEMPATH/CodeIgniter.php(366): CodeIgniter\CodeIgniter->handleRequest(null, Object(Config\Cache), false)
 9 FCPATH/index.php(67): CodeIgniter\CodeIgniter->run()
CRITICAL - 2023-08-23 20:08:40 --> Cannot use object of type App\Models\StockDataModel as array
in APPPATH/Repository/StockDataRepository.php on line 38.
 1 APPPATH/Repository/Cache/StockDataRepositoryCache.php(37): App\Repository\StockDataRepository->getLastestStockData(Object(App\Libraries\StockData\Filter), Object(App\Libraries\StockData\SortOrder))
 2 APPPATH/Controllers/Api/ApiStockData.php(22): App\Repository\Cache\StockDataRepositoryCache->getLastestStockData(Object(App\Libraries\StockData\Filter), Object(App\Libraries\StockData\SortOrder))
 3 SYSTEMPATH/CodeIgniter.php(932): App\Controllers\Api\ApiStockData->index()
 4 SYSTEMPATH/CodeIgniter.php(497): CodeIgniter\CodeIgniter->runController(Object(App\Controllers\Api\ApiStockData))
 5 SYSTEMPATH/CodeIgniter.php(366): CodeIgniter\CodeIgniter->handleRequest(null, Object(Config\Cache), false)
 6 FCPATH/index.php(67): CodeIgniter\CodeIgniter->run()
CRITICAL - 2023-08-23 20:10:59 --> CodeIgniter\Database\BaseResult::getFirstRow(): Argument #1 ($type) must be of type string, null given, called in /Users/luan/Code/codetest/vendor/codeigniter4/framework/system/Model.php on line 268
in SYSTEMPATH/Database/BaseResult.php on line 389.
 1 SYSTEMPATH/Model.php(268): CodeIgniter\Database\BaseResult->getFirstRow(null)
 2 SYSTEMPATH/BaseModel.php(656): CodeIgniter\Model->doFirst()
 3 APPPATH/Repository/StockDataRepository.php(32): CodeIgniter\BaseModel->first()
 4 APPPATH/Repository/Cache/StockDataRepositoryCache.php(37): App\Repository\StockDataRepository->getLastestStockData(Object(App\Libraries\StockData\Filter), Object(App\Libraries\StockData\SortOrder))
 5 APPPATH/Controllers/Api/ApiStockData.php(22): App\Repository\Cache\StockDataRepositoryCache->getLastestStockData(Object(App\Libraries\StockData\Filter), Object(App\Libraries\StockData\SortOrder))
 6 SYSTEMPATH/CodeIgniter.php(932): App\Controllers\Api\ApiStockData->index()
 7 SYSTEMPATH/CodeIgniter.php(497): CodeIgniter\CodeIgniter->runController(Object(App\Controllers\Api\ApiStockData))
 8 SYSTEMPATH/CodeIgniter.php(366): CodeIgniter\CodeIgniter->handleRequest(null, Object(Config\Cache), false)
 9 FCPATH/index.php(67): CodeIgniter\CodeIgniter->run()
CRITICAL - 2023-08-23 20:11:39 --> CodeIgniter\Database\BaseResult::getFirstRow(): Argument #1 ($type) must be of type string, null given, called in /Users/luan/Code/codetest/vendor/codeigniter4/framework/system/Model.php on line 268
in SYSTEMPATH/Database/BaseResult.php on line 389.
 1 SYSTEMPATH/Model.php(268): CodeIgniter\Database\BaseResult->getFirstRow(null)
 2 SYSTEMPATH/BaseModel.php(656): CodeIgniter\Model->doFirst()
 3 APPPATH/Repository/StockDataRepository.php(32): CodeIgniter\BaseModel->first()
 4 APPPATH/Repository/Cache/StockDataRepositoryCache.php(37): App\Repository\StockDataRepository->getLastestStockData(Object(App\Libraries\StockData\Filter), Object(App\Libraries\StockData\SortOrder))
 5 APPPATH/Controllers/Api/ApiStockData.php(22): App\Repository\Cache\StockDataRepositoryCache->getLastestStockData(Object(App\Libraries\StockData\Filter), Object(App\Libraries\StockData\SortOrder))
 6 SYSTEMPATH/CodeIgniter.php(932): App\Controllers\Api\ApiStockData->index()
 7 SYSTEMPATH/CodeIgniter.php(497): CodeIgniter\CodeIgniter->runController(Object(App\Controllers\Api\ApiStockData))
 8 SYSTEMPATH/CodeIgniter.php(366): CodeIgniter\CodeIgniter->handleRequest(null, Object(Config\Cache), false)
 9 FCPATH/index.php(67): CodeIgniter\CodeIgniter->run()
CRITICAL - 2023-08-23 20:11:40 --> CodeIgniter\Database\BaseResult::getFirstRow(): Argument #1 ($type) must be of type string, null given, called in /Users/luan/Code/codetest/vendor/codeigniter4/framework/system/Model.php on line 268
in SYSTEMPATH/Database/BaseResult.php on line 389.
 1 SYSTEMPATH/Model.php(268): CodeIgniter\Database\BaseResult->getFirstRow(null)
 2 SYSTEMPATH/BaseModel.php(656): CodeIgniter\Model->doFirst()
 3 APPPATH/Repository/StockDataRepository.php(32): CodeIgniter\BaseModel->first()
 4 APPPATH/Repository/Cache/StockDataRepositoryCache.php(37): App\Repository\StockDataRepository->getLastestStockData(Object(App\Libraries\StockData\Filter), Object(App\Libraries\StockData\SortOrder))
 5 APPPATH/Controllers/Api/ApiStockData.php(22): App\Repository\Cache\StockDataRepositoryCache->getLastestStockData(Object(App\Libraries\StockData\Filter), Object(App\Libraries\StockData\SortOrder))
 6 SYSTEMPATH/CodeIgniter.php(932): App\Controllers\Api\ApiStockData->index()
 7 SYSTEMPATH/CodeIgniter.php(497): CodeIgniter\CodeIgniter->runController(Object(App\Controllers\Api\ApiStockData))
 8 SYSTEMPATH/CodeIgniter.php(366): CodeIgniter\CodeIgniter->handleRequest(null, Object(Config\Cache), false)
 9 FCPATH/index.php(67): CodeIgniter\CodeIgniter->run()
CRITICAL - 2023-08-23 20:11:45 --> CodeIgniter\Database\BaseResult::getFirstRow(): Argument #1 ($type) must be of type string, null given, called in /Users/luan/Code/codetest/vendor/codeigniter4/framework/system/Model.php on line 268
in SYSTEMPATH/Database/BaseResult.php on line 389.
 1 SYSTEMPATH/Model.php(268): CodeIgniter\Database\BaseResult->getFirstRow(null)
 2 SYSTEMPATH/BaseModel.php(656): CodeIgniter\Model->doFirst()
 3 APPPATH/Repository/StockDataRepository.php(32): CodeIgniter\BaseModel->first()
 4 APPPATH/Repository/Cache/StockDataRepositoryCache.php(37): App\Repository\StockDataRepository->getLastestStockData(Object(App\Libraries\StockData\Filter), Object(App\Libraries\StockData\SortOrder))
 5 APPPATH/Controllers/Api/ApiStockData.php(22): App\Repository\Cache\StockDataRepositoryCache->getLastestStockData(Object(App\Libraries\StockData\Filter), Object(App\Libraries\StockData\SortOrder))
 6 SYSTEMPATH/CodeIgniter.php(932): App\Controllers\Api\ApiStockData->index()
 7 SYSTEMPATH/CodeIgniter.php(497): CodeIgniter\CodeIgniter->runController(Object(App\Controllers\Api\ApiStockData))
 8 SYSTEMPATH/CodeIgniter.php(366): CodeIgniter\CodeIgniter->handleRequest(null, Object(Config\Cache), false)
 9 FCPATH/index.php(67): CodeIgniter\CodeIgniter->run()
CRITICAL - 2023-08-23 20:12:18 --> CodeIgniter\Database\BaseResult::getFirstRow(): Argument #1 ($type) must be of type string, null given, called in /Users/luan/Code/codetest/vendor/codeigniter4/framework/system/Model.php on line 268
in SYSTEMPATH/Database/BaseResult.php on line 389.
 1 SYSTEMPATH/Model.php(268): CodeIgniter\Database\BaseResult->getFirstRow(null)
 2 SYSTEMPATH/BaseModel.php(656): CodeIgniter\Model->doFirst()
 3 APPPATH/Repository/StockDataRepository.php(32): CodeIgniter\BaseModel->first()
 4 APPPATH/Repository/Cache/StockDataRepositoryCache.php(37): App\Repository\StockDataRepository->getLastestStockData(Object(App\Libraries\StockData\Filter), Object(App\Libraries\StockData\SortOrder))
 5 APPPATH/Controllers/Api/ApiStockData.php(22): App\Repository\Cache\StockDataRepositoryCache->getLastestStockData(Object(App\Libraries\StockData\Filter), Object(App\Libraries\StockData\SortOrder))
 6 SYSTEMPATH/CodeIgniter.php(932): App\Controllers\Api\ApiStockData->index()
 7 SYSTEMPATH/CodeIgniter.php(497): CodeIgniter\CodeIgniter->runController(Object(App\Controllers\Api\ApiStockData))
 8 SYSTEMPATH/CodeIgniter.php(366): CodeIgniter\CodeIgniter->handleRequest(null, Object(Config\Cache), false)
 9 FCPATH/index.php(67): CodeIgniter\CodeIgniter->run()
CRITICAL - 2023-08-23 20:12:38 --> CodeIgniter\Database\BaseResult::getFirstRow(): Argument #1 ($type) must be of type string, null given, called in /Users/luan/Code/codetest/vendor/codeigniter4/framework/system/Model.php on line 268
in SYSTEMPATH/Database/BaseResult.php on line 389.
 1 SYSTEMPATH/Model.php(268): CodeIgniter\Database\BaseResult->getFirstRow(null)
 2 SYSTEMPATH/BaseModel.php(656): CodeIgniter\Model->doFirst()
 3 APPPATH/Repository/StockDataRepository.php(32): CodeIgniter\BaseModel->first()
 4 APPPATH/Repository/Cache/StockDataRepositoryCache.php(37): App\Repository\StockDataRepository->getLastestStockData(Object(App\Libraries\StockData\Filter), Object(App\Libraries\StockData\SortOrder))
 5 APPPATH/Controllers/Api/ApiStockData.php(22): App\Repository\Cache\StockDataRepositoryCache->getLastestStockData(Object(App\Libraries\StockData\Filter), Object(App\Libraries\StockData\SortOrder))
 6 SYSTEMPATH/CodeIgniter.php(932): App\Controllers\Api\ApiStockData->index()
 7 SYSTEMPATH/CodeIgniter.php(497): CodeIgniter\CodeIgniter->runController(Object(App\Controllers\Api\ApiStockData))
 8 SYSTEMPATH/CodeIgniter.php(366): CodeIgniter\CodeIgniter->handleRequest(null, Object(Config\Cache), false)
 9 FCPATH/index.php(67): CodeIgniter\CodeIgniter->run()
CRITICAL - 2023-08-23 20:13:18 --> CodeIgniter\Database\BaseResult::getFirstRow(): Argument #1 ($type) must be of type string, null given, called in /Users/luan/Code/codetest/vendor/codeigniter4/framework/system/Model.php on line 268
in SYSTEMPATH/Database/BaseResult.php on line 389.
 1 SYSTEMPATH/Model.php(268): CodeIgniter\Database\BaseResult->getFirstRow(null)
 2 SYSTEMPATH/BaseModel.php(656): CodeIgniter\Model->doFirst()
 3 APPPATH/Repository/StockDataRepository.php(32): CodeIgniter\BaseModel->first()
 4 APPPATH/Repository/Cache/StockDataRepositoryCache.php(37): App\Repository\StockDataRepository->getLastestStockData(Object(App\Libraries\StockData\Filter), Object(App\Libraries\StockData\SortOrder))
 5 APPPATH/Controllers/Api/ApiStockData.php(22): App\Repository\Cache\StockDataRepositoryCache->getLastestStockData(Object(App\Libraries\StockData\Filter), Object(App\Libraries\StockData\SortOrder))
 6 SYSTEMPATH/CodeIgniter.php(932): App\Controllers\Api\ApiStockData->index()
 7 SYSTEMPATH/CodeIgniter.php(497): CodeIgniter\CodeIgniter->runController(Object(App\Controllers\Api\ApiStockData))
 8 SYSTEMPATH/CodeIgniter.php(366): CodeIgniter\CodeIgniter->handleRequest(null, Object(Config\Cache), false)
 9 FCPATH/index.php(67): CodeIgniter\CodeIgniter->run()
CRITICAL - 2023-08-23 20:13:36 --> Call to undefined method App\Models\StockDataModel::getTableName
in SYSTEMPATH/Model.php on line 838.
 1 APPPATH/Repository/StockDataRepository.php(49): CodeIgniter\Model->__call('getTableName', [...])
 2 APPPATH/Repository/Cache/StockDataRepositoryCache.php(37): App\Repository\StockDataRepository->getLastestStockData(Object(App\Libraries\StockData\Param\ParamTime), Object(App\Libraries\StockData\SortOrder))
 3 APPPATH/Controllers/Api/ApiStockData.php(22): App\Repository\Cache\StockDataRepositoryCache->getLastestStockData(Object(App\Libraries\StockData\Filter), Object(App\Libraries\StockData\SortOrder))
 4 SYSTEMPATH/CodeIgniter.php(932): App\Controllers\Api\ApiStockData->index()
 5 SYSTEMPATH/CodeIgniter.php(497): CodeIgniter\CodeIgniter->runController(Object(App\Controllers\Api\ApiStockData))
 6 SYSTEMPATH/CodeIgniter.php(366): CodeIgniter\CodeIgniter->handleRequest(null, Object(Config\Cache), false)
 7 FCPATH/index.php(67): CodeIgniter\CodeIgniter->run()
CRITICAL - 2023-08-23 20:14:05 --> CodeIgniter\Database\BaseResult::getFirstRow(): Argument #1 ($type) must be of type string, null given, called in /Users/luan/Code/codetest/vendor/codeigniter4/framework/system/Model.php on line 268
in SYSTEMPATH/Database/BaseResult.php on line 389.
 1 SYSTEMPATH/Model.php(268): CodeIgniter\Database\BaseResult->getFirstRow(null)
 2 SYSTEMPATH/BaseModel.php(656): CodeIgniter\Model->doFirst()
 3 APPPATH/Repository/StockDataRepository.php(32): CodeIgniter\BaseModel->first()
 4 APPPATH/Repository/Cache/StockDataRepositoryCache.php(37): App\Repository\StockDataRepository->getLastestStockData(Object(App\Libraries\StockData\Filter), Object(App\Libraries\StockData\SortOrder))
 5 APPPATH/Controllers/Api/ApiStockData.php(22): App\Repository\Cache\StockDataRepositoryCache->getLastestStockData(Object(App\Libraries\StockData\Filter), Object(App\Libraries\StockData\SortOrder))
 6 SYSTEMPATH/CodeIgniter.php(932): App\Controllers\Api\ApiStockData->index()
 7 SYSTEMPATH/CodeIgniter.php(497): CodeIgniter\CodeIgniter->runController(Object(App\Controllers\Api\ApiStockData))
 8 SYSTEMPATH/CodeIgniter.php(366): CodeIgniter\CodeIgniter->handleRequest(null, Object(Config\Cache), false)
 9 FCPATH/index.php(67): CodeIgniter\CodeIgniter->run()
CRITICAL - 2023-08-23 20:14:22 --> CodeIgniter\Database\BaseResult::getFirstRow(): Argument #1 ($type) must be of type string, null given, called in /Users/luan/Code/codetest/vendor/codeigniter4/framework/system/Model.php on line 268
in SYSTEMPATH/Database/BaseResult.php on line 389.
 1 SYSTEMPATH/Model.php(268): CodeIgniter\Database\BaseResult->getFirstRow(null)
 2 SYSTEMPATH/BaseModel.php(656): CodeIgniter\Model->doFirst()
 3 APPPATH/Repository/StockDataRepository.php(32): CodeIgniter\BaseModel->first()
 4 APPPATH/Repository/Cache/StockDataRepositoryCache.php(37): App\Repository\StockDataRepository->getLastestStockData(Object(App\Libraries\StockData\Filter), Object(App\Libraries\StockData\SortOrder))
 5 APPPATH/Controllers/Api/ApiStockData.php(22): App\Repository\Cache\StockDataRepositoryCache->getLastestStockData(Object(App\Libraries\StockData\Filter), Object(App\Libraries\StockData\SortOrder))
 6 SYSTEMPATH/CodeIgniter.php(932): App\Controllers\Api\ApiStockData->index()
 7 SYSTEMPATH/CodeIgniter.php(497): CodeIgniter\CodeIgniter->runController(Object(App\Controllers\Api\ApiStockData))
 8 SYSTEMPATH/CodeIgniter.php(366): CodeIgniter\CodeIgniter->handleRequest(null, Object(Config\Cache), false)
 9 FCPATH/index.php(67): CodeIgniter\CodeIgniter->run()
CRITICAL - 2023-08-23 20:16:04 --> Call to undefined method App\Libraries\StockData\Param\ParamTime::getFilters()
in APPPATH/Repository/StockDataRepository.php on line 52.
 1 APPPATH/Repository/Cache/StockDataRepositoryCache.php(37): App\Repository\StockDataRepository->getLastestStockData(Object(App\Libraries\StockData\Param\ParamTime), Object(App\Libraries\StockData\SortOrder))
 2 APPPATH/Controllers/Api/ApiStockData.php(22): App\Repository\Cache\StockDataRepositoryCache->getLastestStockData(Object(App\Libraries\StockData\Filter), Object(App\Libraries\StockData\SortOrder))
 3 SYSTEMPATH/CodeIgniter.php(932): App\Controllers\Api\ApiStockData->index()
 4 SYSTEMPATH/CodeIgniter.php(497): CodeIgniter\CodeIgniter->runController(Object(App\Controllers\Api\ApiStockData))
 5 SYSTEMPATH/CodeIgniter.php(366): CodeIgniter\CodeIgniter->handleRequest(null, Object(Config\Cache), false)
 6 FCPATH/index.php(67): CodeIgniter\CodeIgniter->run()
CRITICAL - 2023-08-23 20:17:18 --> CodeIgniter\Database\BaseResult::getFirstRow(): Argument #1 ($type) must be of type string, null given, called in /Users/luan/Code/codetest/vendor/codeigniter4/framework/system/Model.php on line 268
in SYSTEMPATH/Database/BaseResult.php on line 389.
 1 SYSTEMPATH/Model.php(268): CodeIgniter\Database\BaseResult->getFirstRow(null)
 2 SYSTEMPATH/BaseModel.php(656): CodeIgniter\Model->doFirst()
 3 APPPATH/Repository/StockDataRepository.php(32): CodeIgniter\BaseModel->first()
 4 APPPATH/Repository/Cache/StockDataRepositoryCache.php(37): App\Repository\StockDataRepository->getLastestStockData(Object(App\Libraries\StockData\Filter), Object(App\Libraries\StockData\SortOrder))
 5 APPPATH/Controllers/Api/ApiStockData.php(22): App\Repository\Cache\StockDataRepositoryCache->getLastestStockData(Object(App\Libraries\StockData\Filter), Object(App\Libraries\StockData\SortOrder))
 6 SYSTEMPATH/CodeIgniter.php(932): App\Controllers\Api\ApiStockData->index()
 7 SYSTEMPATH/CodeIgniter.php(497): CodeIgniter\CodeIgniter->runController(Object(App\Controllers\Api\ApiStockData))
 8 SYSTEMPATH/CodeIgniter.php(366): CodeIgniter\CodeIgniter->handleRequest(null, Object(Config\Cache), false)
 9 FCPATH/index.php(67): CodeIgniter\CodeIgniter->run()
CRITICAL - 2023-08-23 20:17:35 --> CodeIgniter\Database\BaseResult::getFirstRow(): Argument #1 ($type) must be of type string, null given, called in /Users/luan/Code/codetest/vendor/codeigniter4/framework/system/Model.php on line 268
in SYSTEMPATH/Database/BaseResult.php on line 389.
 1 SYSTEMPATH/Model.php(268): CodeIgniter\Database\BaseResult->getFirstRow(null)
 2 SYSTEMPATH/BaseModel.php(656): CodeIgniter\Model->doFirst()
 3 APPPATH/Repository/StockDataRepository.php(32): CodeIgniter\BaseModel->first()
 4 APPPATH/Repository/Cache/StockDataRepositoryCache.php(37): App\Repository\StockDataRepository->getLastestStockData(Object(App\Libraries\StockData\Filter), Object(App\Libraries\StockData\SortOrder))
 5 APPPATH/Controllers/Api/ApiStockData.php(22): App\Repository\Cache\StockDataRepositoryCache->getLastestStockData(Object(App\Libraries\StockData\Filter), Object(App\Libraries\StockData\SortOrder))
 6 SYSTEMPATH/CodeIgniter.php(932): App\Controllers\Api\ApiStockData->index()
 7 SYSTEMPATH/CodeIgniter.php(497): CodeIgniter\CodeIgniter->runController(Object(App\Controllers\Api\ApiStockData))
 8 SYSTEMPATH/CodeIgniter.php(366): CodeIgniter\CodeIgniter->handleRequest(null, Object(Config\Cache), false)
 9 FCPATH/index.php(67): CodeIgniter\CodeIgniter->run()
CRITICAL - 2023-08-23 20:17:36 --> CodeIgniter\Database\BaseResult::getFirstRow(): Argument #1 ($type) must be of type string, null given, called in /Users/luan/Code/codetest/vendor/codeigniter4/framework/system/Model.php on line 268
in SYSTEMPATH/Database/BaseResult.php on line 389.
 1 SYSTEMPATH/Model.php(268): CodeIgniter\Database\BaseResult->getFirstRow(null)
 2 SYSTEMPATH/BaseModel.php(656): CodeIgniter\Model->doFirst()
 3 APPPATH/Repository/StockDataRepository.php(32): CodeIgniter\BaseModel->first()
 4 APPPATH/Repository/Cache/StockDataRepositoryCache.php(37): App\Repository\StockDataRepository->getLastestStockData(Object(App\Libraries\StockData\Filter), Object(App\Libraries\StockData\SortOrder))
 5 APPPATH/Controllers/Api/ApiStockData.php(22): App\Repository\Cache\StockDataRepositoryCache->getLastestStockData(Object(App\Libraries\StockData\Filter), Object(App\Libraries\StockData\SortOrder))
 6 SYSTEMPATH/CodeIgniter.php(932): App\Controllers\Api\ApiStockData->index()
 7 SYSTEMPATH/CodeIgniter.php(497): CodeIgniter\CodeIgniter->runController(Object(App\Controllers\Api\ApiStockData))
 8 SYSTEMPATH/CodeIgniter.php(366): CodeIgniter\CodeIgniter->handleRequest(null, Object(Config\Cache), false)
 9 FCPATH/index.php(67): CodeIgniter\CodeIgniter->run()
CRITICAL - 2023-08-23 20:18:17 --> Call to undefined method App\Libraries\StockData\Param\ParamTime::getFilters()
in APPPATH/Repository/StockDataRepository.php on line 52.
 1 APPPATH/Repository/Cache/StockDataRepositoryCache.php(37): App\Repository\StockDataRepository->getLastestStockData(Object(App\Libraries\StockData\Param\ParamTime), Object(App\Libraries\StockData\SortOrder))
 2 APPPATH/Controllers/Api/ApiStockData.php(22): App\Repository\Cache\StockDataRepositoryCache->getLastestStockData(Object(App\Libraries\StockData\Filter), Object(App\Libraries\StockData\SortOrder))
 3 SYSTEMPATH/CodeIgniter.php(932): App\Controllers\Api\ApiStockData->index()
 4 SYSTEMPATH/CodeIgniter.php(497): CodeIgniter\CodeIgniter->runController(Object(App\Controllers\Api\ApiStockData))
 5 SYSTEMPATH/CodeIgniter.php(366): CodeIgniter\CodeIgniter->handleRequest(null, Object(Config\Cache), false)
 6 FCPATH/index.php(67): CodeIgniter\CodeIgniter->run()
CRITICAL - 2023-08-23 20:20:13 --> CodeIgniter\Database\BaseResult::getFirstRow(): Argument #1 ($type) must be of type string, null given, called in /Users/luan/Code/codetest/vendor/codeigniter4/framework/system/Model.php on line 268
in SYSTEMPATH/Database/BaseResult.php on line 389.
 1 SYSTEMPATH/Model.php(268): CodeIgniter\Database\BaseResult->getFirstRow(null)
 2 SYSTEMPATH/BaseModel.php(656): CodeIgniter\Model->doFirst()
 3 APPPATH/Repository/StockDataRepository.php(32): CodeIgniter\BaseModel->first()
 4 APPPATH/Repository/Cache/StockDataRepositoryCache.php(37): App\Repository\StockDataRepository->getLastestStockData(Object(App\Libraries\StockData\Filter), Object(App\Libraries\StockData\SortOrder))
 5 APPPATH/Controllers/Api/ApiStockData.php(22): App\Repository\Cache\StockDataRepositoryCache->getLastestStockData(Object(App\Libraries\StockData\Filter), Object(App\Libraries\StockData\SortOrder))
 6 SYSTEMPATH/CodeIgniter.php(932): App\Controllers\Api\ApiStockData->index()
 7 SYSTEMPATH/CodeIgniter.php(497): CodeIgniter\CodeIgniter->runController(Object(App\Controllers\Api\ApiStockData))
 8 SYSTEMPATH/CodeIgniter.php(366): CodeIgniter\CodeIgniter->handleRequest(null, Object(Config\Cache), false)
 9 FCPATH/index.php(67): CodeIgniter\CodeIgniter->run()
CRITICAL - 2023-08-23 20:20:36 --> CodeIgniter\Database\BaseResult::getFirstRow(): Argument #1 ($type) must be of type string, null given, called in /Users/luan/Code/codetest/vendor/codeigniter4/framework/system/Model.php on line 268
in SYSTEMPATH/Database/BaseResult.php on line 389.
 1 SYSTEMPATH/Model.php(268): CodeIgniter\Database\BaseResult->getFirstRow(null)
 2 SYSTEMPATH/BaseModel.php(656): CodeIgniter\Model->doFirst()
 3 APPPATH/Repository/StockDataRepository.php(32): CodeIgniter\BaseModel->first()
 4 APPPATH/Repository/Cache/StockDataRepositoryCache.php(37): App\Repository\StockDataRepository->getLastestStockData(Object(App\Libraries\StockData\Filter), Object(App\Libraries\StockData\SortOrder))
 5 APPPATH/Controllers/Api/ApiStockData.php(22): App\Repository\Cache\StockDataRepositoryCache->getLastestStockData(Object(App\Libraries\StockData\Filter), Object(App\Libraries\StockData\SortOrder))
 6 SYSTEMPATH/CodeIgniter.php(932): App\Controllers\Api\ApiStockData->index()
 7 SYSTEMPATH/CodeIgniter.php(497): CodeIgniter\CodeIgniter->runController(Object(App\Controllers\Api\ApiStockData))
 8 SYSTEMPATH/CodeIgniter.php(366): CodeIgniter\CodeIgniter->handleRequest(null, Object(Config\Cache), false)
 9 FCPATH/index.php(67): CodeIgniter\CodeIgniter->run()
CRITICAL - 2023-08-23 20:21:26 --> CodeIgniter\Database\BaseResult::getFirstRow(): Argument #1 ($type) must be of type string, null given, called in /Users/luan/Code/codetest/vendor/codeigniter4/framework/system/Model.php on line 268
in SYSTEMPATH/Database/BaseResult.php on line 389.
 1 SYSTEMPATH/Model.php(268): CodeIgniter\Database\BaseResult->getFirstRow(null)
 2 SYSTEMPATH/BaseModel.php(656): CodeIgniter\Model->doFirst()
 3 APPPATH/Repository/StockDataRepository.php(32): CodeIgniter\BaseModel->first()
 4 APPPATH/Repository/Cache/StockDataRepositoryCache.php(37): App\Repository\StockDataRepository->getLastestStockData(Object(App\Libraries\StockData\Filter), Object(App\Libraries\StockData\SortOrder))
 5 APPPATH/Controllers/Api/ApiStockData.php(22): App\Repository\Cache\StockDataRepositoryCache->getLastestStockData(Object(App\Libraries\StockData\Filter), Object(App\Libraries\StockData\SortOrder))
 6 SYSTEMPATH/CodeIgniter.php(932): App\Controllers\Api\ApiStockData->index()
 7 SYSTEMPATH/CodeIgniter.php(497): CodeIgniter\CodeIgniter->runController(Object(App\Controllers\Api\ApiStockData))
 8 SYSTEMPATH/CodeIgniter.php(366): CodeIgniter\CodeIgniter->handleRequest(null, Object(Config\Cache), false)
 9 FCPATH/index.php(67): CodeIgniter\CodeIgniter->run()
CRITICAL - 2023-08-23 20:21:36 --> CodeIgniter\Database\BaseResult::getFirstRow(): Argument #1 ($type) must be of type string, null given, called in /Users/luan/Code/codetest/vendor/codeigniter4/framework/system/Model.php on line 268
in SYSTEMPATH/Database/BaseResult.php on line 389.
 1 SYSTEMPATH/Model.php(268): CodeIgniter\Database\BaseResult->getFirstRow(null)
 2 SYSTEMPATH/BaseModel.php(656): CodeIgniter\Model->doFirst()
 3 APPPATH/Repository/StockDataRepository.php(32): CodeIgniter\BaseModel->first()
 4 APPPATH/Repository/Cache/StockDataRepositoryCache.php(37): App\Repository\StockDataRepository->getLastestStockData(Object(App\Libraries\StockData\Filter), Object(App\Libraries\StockData\SortOrder))
 5 APPPATH/Controllers/Api/ApiStockData.php(22): App\Repository\Cache\StockDataRepositoryCache->getLastestStockData(Object(App\Libraries\StockData\Filter), Object(App\Libraries\StockData\SortOrder))
 6 SYSTEMPATH/CodeIgniter.php(932): App\Controllers\Api\ApiStockData->index()
 7 SYSTEMPATH/CodeIgniter.php(497): CodeIgniter\CodeIgniter->runController(Object(App\Controllers\Api\ApiStockData))
 8 SYSTEMPATH/CodeIgniter.php(366): CodeIgniter\CodeIgniter->handleRequest(null, Object(Config\Cache), false)
 9 FCPATH/index.php(67): CodeIgniter\CodeIgniter->run()
CRITICAL - 2023-08-23 20:22:22 --> Call to undefined method App\Libraries\StockData\Param\ParamTime::getFilters()
in APPPATH/Repository/StockDataRepository.php on line 52.
 1 APPPATH/Repository/Cache/StockDataRepositoryCache.php(37): App\Repository\StockDataRepository->getLastestStockData(Object(App\Libraries\StockData\Param\ParamTime), Object(App\Libraries\StockData\SortOrder))
 2 APPPATH/Controllers/Api/ApiStockData.php(22): App\Repository\Cache\StockDataRepositoryCache->getLastestStockData(Object(App\Libraries\StockData\Filter), Object(App\Libraries\StockData\SortOrder))
 3 SYSTEMPATH/CodeIgniter.php(932): App\Controllers\Api\ApiStockData->index()
 4 SYSTEMPATH/CodeIgniter.php(497): CodeIgniter\CodeIgniter->runController(Object(App\Controllers\Api\ApiStockData))
 5 SYSTEMPATH/CodeIgniter.php(366): CodeIgniter\CodeIgniter->handleRequest(null, Object(Config\Cache), false)
 6 FCPATH/index.php(67): CodeIgniter\CodeIgniter->run()
CRITICAL - 2023-08-23 20:22:48 --> Call to undefined method App\Libraries\StockData\Param\ParamTime::getFilters()
in APPPATH/Repository/StockDataRepository.php on line 52.
 1 APPPATH/Repository/Cache/StockDataRepositoryCache.php(37): App\Repository\StockDataRepository->getLastestStockData(Object(App\Libraries\StockData\Param\ParamTime), Object(App\Libraries\StockData\SortOrder))
 2 APPPATH/Controllers/Api/ApiStockData.php(22): App\Repository\Cache\StockDataRepositoryCache->getLastestStockData(Object(App\Libraries\StockData\Filter), Object(App\Libraries\StockData\SortOrder))
 3 SYSTEMPATH/CodeIgniter.php(932): App\Controllers\Api\ApiStockData->index()
 4 SYSTEMPATH/CodeIgniter.php(497): CodeIgniter\CodeIgniter->runController(Object(App\Controllers\Api\ApiStockData))
 5 SYSTEMPATH/CodeIgniter.php(366): CodeIgniter\CodeIgniter->handleRequest(null, Object(Config\Cache), false)
 6 FCPATH/index.php(67): CodeIgniter\CodeIgniter->run()
CRITICAL - 2023-08-23 20:26:00 --> CodeIgniter\Database\BaseResult::getFirstRow(): Argument #1 ($type) must be of type string, null given, called in /Users/luan/Code/codetest/vendor/codeigniter4/framework/system/Model.php on line 268
in SYSTEMPATH/Database/BaseResult.php on line 389.
 1 SYSTEMPATH/Model.php(268): CodeIgniter\Database\BaseResult->getFirstRow(null)
 2 SYSTEMPATH/BaseModel.php(656): CodeIgniter\Model->doFirst()
 3 APPPATH/Repository/StockDataRepository.php(32): CodeIgniter\BaseModel->first()
 4 APPPATH/Repository/Cache/StockDataRepositoryCache.php(37): App\Repository\StockDataRepository->getLastestStockData(Object(App\Libraries\StockData\Filter), Object(App\Libraries\StockData\SortOrder))
 5 APPPATH/Controllers/Api/ApiStockData.php(22): App\Repository\Cache\StockDataRepositoryCache->getLastestStockData(Object(App\Libraries\StockData\Filter), Object(App\Libraries\StockData\SortOrder))
 6 SYSTEMPATH/CodeIgniter.php(932): App\Controllers\Api\ApiStockData->index()
 7 SYSTEMPATH/CodeIgniter.php(497): CodeIgniter\CodeIgniter->runController(Object(App\Controllers\Api\ApiStockData))
 8 SYSTEMPATH/CodeIgniter.php(366): CodeIgniter\CodeIgniter->handleRequest(null, Object(Config\Cache), false)
 9 FCPATH/index.php(67): CodeIgniter\CodeIgniter->run()
CRITICAL - 2023-08-23 20:27:38 --> CodeIgniter\Database\BaseResult::getFirstRow(): Argument #1 ($type) must be of type string, null given, called in /Users/luan/Code/codetest/vendor/codeigniter4/framework/system/Model.php on line 268
in SYSTEMPATH/Database/BaseResult.php on line 389.
 1 SYSTEMPATH/Model.php(268): CodeIgniter\Database\BaseResult->getFirstRow(null)
 2 SYSTEMPATH/BaseModel.php(656): CodeIgniter\Model->doFirst()
 3 APPPATH/Repository/StockDataRepository.php(32): CodeIgniter\BaseModel->first()
 4 APPPATH/Repository/Cache/StockDataRepositoryCache.php(37): App\Repository\StockDataRepository->getLastestStockData(Object(App\Libraries\StockData\Filter), Object(App\Libraries\StockData\SortOrder))
 5 APPPATH/Controllers/Api/ApiStockData.php(22): App\Repository\Cache\StockDataRepositoryCache->getLastestStockData(Object(App\Libraries\StockData\Filter), Object(App\Libraries\StockData\SortOrder))
 6 SYSTEMPATH/CodeIgniter.php(932): App\Controllers\Api\ApiStockData->index()
 7 SYSTEMPATH/CodeIgniter.php(497): CodeIgniter\CodeIgniter->runController(Object(App\Controllers\Api\ApiStockData))
 8 SYSTEMPATH/CodeIgniter.php(366): CodeIgniter\CodeIgniter->handleRequest(null, Object(Config\Cache), false)
 9 FCPATH/index.php(67): CodeIgniter\CodeIgniter->run()
CRITICAL - 2023-08-23 20:31:06 --> CodeIgniter\Database\BaseResult::getFirstRow(): Argument #1 ($type) must be of type string, null given, called in /Users/luan/Code/codetest/vendor/codeigniter4/framework/system/Model.php on line 268
in SYSTEMPATH/Database/BaseResult.php on line 389.
 1 SYSTEMPATH/Model.php(268): CodeIgniter\Database\BaseResult->getFirstRow(null)
 2 SYSTEMPATH/BaseModel.php(656): CodeIgniter\Model->doFirst()
 3 APPPATH/Repository/StockDataRepository.php(32): CodeIgniter\BaseModel->first()
 4 APPPATH/Repository/Cache/StockDataRepositoryCache.php(37): App\Repository\StockDataRepository->getLastestStockData(Object(App\Libraries\StockData\Filter), Object(App\Libraries\StockData\SortOrder))
 5 APPPATH/Controllers/Api/ApiStockData.php(22): App\Repository\Cache\StockDataRepositoryCache->getLastestStockData(Object(App\Libraries\StockData\Filter), Object(App\Libraries\StockData\SortOrder))
 6 SYSTEMPATH/CodeIgniter.php(932): App\Controllers\Api\ApiStockData->index()
 7 SYSTEMPATH/CodeIgniter.php(497): CodeIgniter\CodeIgniter->runController(Object(App\Controllers\Api\ApiStockData))
 8 SYSTEMPATH/CodeIgniter.php(366): CodeIgniter\CodeIgniter->handleRequest(null, Object(Config\Cache), false)
 9 FCPATH/index.php(67): CodeIgniter\CodeIgniter->run()
CRITICAL - 2023-08-23 20:36:35 --> CodeIgniter\Database\BaseResult::getFirstRow(): Argument #1 ($type) must be of type string, null given, called in /Users/luan/Code/codetest/vendor/codeigniter4/framework/system/Model.php on line 268
in SYSTEMPATH/Database/BaseResult.php on line 389.
 1 SYSTEMPATH/Model.php(268): CodeIgniter\Database\BaseResult->getFirstRow(null)
 2 SYSTEMPATH/BaseModel.php(656): CodeIgniter\Model->doFirst()
 3 APPPATH/Repository/StockDataRepository.php(32): CodeIgniter\BaseModel->first()
 4 APPPATH/Repository/Cache/StockDataRepositoryCache.php(48): App\Repository\StockDataRepository->getLastestStockData(Object(App\Libraries\StockData\Filter), Object(App\Libraries\StockData\SortOrder))
 5 APPPATH/Controllers/Api/ApiStockData.php(43): App\Repository\Cache\StockDataRepositoryCache->getLastestStockDataNoCache(Object(App\Libraries\StockData\Filter), Object(App\Libraries\StockData\SortOrder))
 6 SYSTEMPATH/CodeIgniter.php(932): App\Controllers\Api\ApiStockData->sell()
 7 SYSTEMPATH/CodeIgniter.php(497): CodeIgniter\CodeIgniter->runController(Object(App\Controllers\Api\ApiStockData))
 8 SYSTEMPATH/CodeIgniter.php(366): CodeIgniter\CodeIgniter->handleRequest(null, Object(Config\Cache), false)
 9 FCPATH/index.php(67): CodeIgniter\CodeIgniter->run()
CRITICAL - 2023-08-23 20:36:35 --> CodeIgniter\Database\BaseResult::getFirstRow(): Argument #1 ($type) must be of type string, null given, called in /Users/luan/Code/codetest/vendor/codeigniter4/framework/system/Model.php on line 268
in SYSTEMPATH/Database/BaseResult.php on line 389.
 1 SYSTEMPATH/Model.php(268): CodeIgniter\Database\BaseResult->getFirstRow(null)
 2 SYSTEMPATH/BaseModel.php(656): CodeIgniter\Model->doFirst()
 3 APPPATH/Repository/StockDataRepository.php(32): CodeIgniter\BaseModel->first()
 4 APPPATH/Repository/Cache/StockDataRepositoryCache.php(37): App\Repository\StockDataRepository->getLastestStockData(Object(App\Libraries\StockData\Filter), Object(App\Libraries\StockData\SortOrder))
 5 APPPATH/Controllers/Api/ApiStockData.php(22): App\Repository\Cache\StockDataRepositoryCache->getLastestStockData(Object(App\Libraries\StockData\Filter), Object(App\Libraries\StockData\SortOrder))
 6 SYSTEMPATH/CodeIgniter.php(932): App\Controllers\Api\ApiStockData->index()
 7 SYSTEMPATH/CodeIgniter.php(497): CodeIgniter\CodeIgniter->runController(Object(App\Controllers\Api\ApiStockData))
 8 SYSTEMPATH/CodeIgniter.php(366): CodeIgniter\CodeIgniter->handleRequest(null, Object(Config\Cache), false)
 9 FCPATH/index.php(67): CodeIgniter\CodeIgniter->run()
CRITICAL - 2023-08-23 20:36:35 --> CodeIgniter\Database\BaseResult::getFirstRow(): Argument #1 ($type) must be of type string, null given, called in /Users/luan/Code/codetest/vendor/codeigniter4/framework/system/Model.php on line 268
in SYSTEMPATH/Database/BaseResult.php on line 389.
 1 SYSTEMPATH/Model.php(268): CodeIgniter\Database\BaseResult->getFirstRow(null)
 2 SYSTEMPATH/BaseModel.php(656): CodeIgniter\Model->doFirst()
 3 APPPATH/Repository/StockDataRepository.php(32): CodeIgniter\BaseModel->first()
 4 APPPATH/Repository/Cache/StockDataRepositoryCache.php(37): App\Repository\StockDataRepository->getLastestStockData(Object(App\Libraries\StockData\Filter), Object(App\Libraries\StockData\SortOrder))
 5 APPPATH/Controllers/Api/ApiGroup.php(39): App\Repository\Cache\StockDataRepositoryCache->getLastestStockData(Object(App\Libraries\StockData\Filter), Object(App\Libraries\StockData\SortOrder))
 6 SYSTEMPATH/CodeIgniter.php(932): App\Controllers\Api\ApiGroup->groupActivedList()
 7 SYSTEMPATH/CodeIgniter.php(497): CodeIgniter\CodeIgniter->runController(Object(App\Controllers\Api\ApiGroup))
 8 SYSTEMPATH/CodeIgniter.php(366): CodeIgniter\CodeIgniter->handleRequest(null, Object(Config\Cache), false)
 9 FCPATH/index.php(67): CodeIgniter\CodeIgniter->run()
