CRITICAL - 2022-11-15 19:43:25 --> Call to a member function addMoreInfo() on null
in APPPATH/Commands/RawData.php on line 32.
 1 SYSTEMPATH/CLI/Commands.php(63): App\Commands\RawData->run([])
 2 SYSTEMPATH/CLI/CommandRunner.php(65): CodeIgniter\CLI\Commands->run('rawdata', [])
 3 SYSTEMPATH/CLI/CommandRunner.php(51): CodeIgniter\CLI\CommandRunner->index([])
 4 SYSTEMPATH/CodeIgniter.php(900): CodeIgniter\CLI\CommandRunner->_remap('index', [...])
 5 SYSTEMPATH/CodeIgniter.php(457): CodeIgniter\CodeIgniter->runController(Object(CodeIgniter\CLI\CommandRunner))
 6 SYSTEMPATH/CodeIgniter.php(336): CodeIgniter\CodeIgniter->handleRequest(null, Object(Config\Cache), false)
 7 SYSTEMPATH/CLI/Console.php(48): CodeIgniter\CodeIgniter->run()
 8 ROOTPATH/spark(98): CodeIgniter\CLI\Console->run()
CRITICAL - 2022-11-15 20:06:19 --> krsort() expects parameter 1 to be array, string given
in APPPATH/Controllers/ApiStock.php on line 66.
 1 [internal function]: CodeIgniter\Debug\Exceptions->errorHandler(2, 'krsort() expects parameter 1 to be array, string given', 'APPPATH/Controllers/ApiStock.php', 66, [...])
 2 APPPATH/Controllers/ApiStock.php(66): krsort('ROOTPATH/writable/capture/20221115/stocks-20221115_195420.json')
 3 SYSTEMPATH/CodeIgniter.php(907): App\Controllers\ApiStock->listStocks()
 4 SYSTEMPATH/CodeIgniter.php(457): CodeIgniter\CodeIgniter->runController(Object(App\Controllers\ApiStock))
 5 SYSTEMPATH/CodeIgniter.php(340): CodeIgniter\CodeIgniter->handleRequest(null, Object(Config\Cache), false)
 6 FCPATH/index.php(67): CodeIgniter\CodeIgniter->run()
CRITICAL - 2022-11-15 20:06:21 --> krsort() expects parameter 1 to be array, string given
in APPPATH/Controllers/ApiStock.php on line 66.
 1 [internal function]: CodeIgniter\Debug\Exceptions->errorHandler(2, 'krsort() expects parameter 1 to be array, string given', 'APPPATH/Controllers/ApiStock.php', 66, [...])
 2 APPPATH/Controllers/ApiStock.php(66): krsort('ROOTPATH/writable/capture/20221115/stocks-20221115_195420.json')
 3 SYSTEMPATH/CodeIgniter.php(907): App\Controllers\ApiStock->listStocks()
 4 SYSTEMPATH/CodeIgniter.php(457): CodeIgniter\CodeIgniter->runController(Object(App\Controllers\ApiStock))
 5 SYSTEMPATH/CodeIgniter.php(340): CodeIgniter\CodeIgniter->handleRequest(null, Object(Config\Cache), false)
 6 FCPATH/index.php(67): CodeIgniter\CodeIgniter->run()
CRITICAL - 2022-11-15 20:06:21 --> krsort() expects parameter 1 to be array, string given
in APPPATH/Controllers/ApiStock.php on line 66.
 1 [internal function]: CodeIgniter\Debug\Exceptions->errorHandler(2, 'krsort() expects parameter 1 to be array, string given', 'APPPATH/Controllers/ApiStock.php', 66, [...])
 2 APPPATH/Controllers/ApiStock.php(66): krsort('ROOTPATH/writable/capture/20221115/stocks-20221115_195420.json')
 3 SYSTEMPATH/CodeIgniter.php(907): App\Controllers\ApiStock->listStocks()
 4 SYSTEMPATH/CodeIgniter.php(457): CodeIgniter\CodeIgniter->runController(Object(App\Controllers\ApiStock))
 5 SYSTEMPATH/CodeIgniter.php(340): CodeIgniter\CodeIgniter->handleRequest(null, Object(Config\Cache), false)
 6 FCPATH/index.php(67): CodeIgniter\CodeIgniter->run()
CRITICAL - 2022-11-15 20:06:25 --> ksort() expects parameter 1 to be array, string given
in APPPATH/Controllers/ApiStock.php on line 66.
 1 [internal function]: CodeIgniter\Debug\Exceptions->errorHandler(2, 'ksort() expects parameter 1 to be array, string given', 'APPPATH/Controllers/ApiStock.php', 66, [...])
 2 APPPATH/Controllers/ApiStock.php(66): ksort('ROOTPATH/writable/capture/20221115/stocks-20221115_195420.json')
 3 SYSTEMPATH/CodeIgniter.php(907): App\Controllers\ApiStock->listStocks()
 4 SYSTEMPATH/CodeIgniter.php(457): CodeIgniter\CodeIgniter->runController(Object(App\Controllers\ApiStock))
 5 SYSTEMPATH/CodeIgniter.php(340): CodeIgniter\CodeIgniter->handleRequest(null, Object(Config\Cache), false)
 6 FCPATH/index.php(67): CodeIgniter\CodeIgniter->run()
CRITICAL - 2022-11-15 20:16:59 --> Argument 1 passed to App\Models\StockModel::fill() must be of the type array, object given, called in /Users/luan/Code/codetest/app/Controllers/ApiStock.php on line 73
in APPPATH/Models/StockModel.php on line 24.
 1 APPPATH/Controllers/ApiStock.php(73): App\Models\StockModel->fill(Object(stdClass))
 2 SYSTEMPATH/CodeIgniter.php(907): App\Controllers\ApiStock->listStocks()
 3 SYSTEMPATH/CodeIgniter.php(457): CodeIgniter\CodeIgniter->runController(Object(App\Controllers\ApiStock))
 4 SYSTEMPATH/CodeIgniter.php(340): CodeIgniter\CodeIgniter->handleRequest(null, Object(Config\Cache), false)
 5 FCPATH/index.php(67): CodeIgniter\CodeIgniter->run()
CRITICAL - 2022-11-15 20:18:29 --> Call to undefined method stdClass::jsonSerialize()
in APPPATH/Libraries/DisplayRender/Stocks.php on line 76.
 1 APPPATH/Controllers/ApiStock.php(89): App\Libraries\DisplayRender\Stocks->render([...])
 2 SYSTEMPATH/CodeIgniter.php(907): App\Controllers\ApiStock->listStocks()
 3 SYSTEMPATH/CodeIgniter.php(457): CodeIgniter\CodeIgniter->runController(Object(App\Controllers\ApiStock))
 4 SYSTEMPATH/CodeIgniter.php(340): CodeIgniter\CodeIgniter->handleRequest(null, Object(Config\Cache), false)
 5 FCPATH/index.php(67): CodeIgniter\CodeIgniter->run()
CRITICAL - 2022-11-15 20:18:42 --> Call to undefined method stdClass::jsonSerialize()
in APPPATH/Libraries/DisplayRender/Stocks.php on line 76.
 1 APPPATH/Controllers/ApiStock.php(89): App\Libraries\DisplayRender\Stocks->render([...])
 2 SYSTEMPATH/CodeIgniter.php(907): App\Controllers\ApiStock->listStocks()
 3 SYSTEMPATH/CodeIgniter.php(457): CodeIgniter\CodeIgniter->runController(Object(App\Controllers\ApiStock))
 4 SYSTEMPATH/CodeIgniter.php(340): CodeIgniter\CodeIgniter->handleRequest(null, Object(Config\Cache), false)
 5 FCPATH/index.php(67): CodeIgniter\CodeIgniter->run()
CRITICAL - 2022-11-15 20:19:35 --> Argument 1 passed to App\Models\StockModel::fill() must be of the type array, object given, called in /Users/luan/Code/codetest/app/Controllers/ApiStock.php on line 73
in APPPATH/Models/StockModel.php on line 24.
 1 APPPATH/Controllers/ApiStock.php(73): App\Models\StockModel->fill(Object(stdClass))
 2 SYSTEMPATH/CodeIgniter.php(907): App\Controllers\ApiStock->listStocks()
 3 SYSTEMPATH/CodeIgniter.php(457): CodeIgniter\CodeIgniter->runController(Object(App\Controllers\ApiStock))
 4 SYSTEMPATH/CodeIgniter.php(340): CodeIgniter\CodeIgniter->handleRequest(null, Object(Config\Cache), false)
 5 FCPATH/index.php(67): CodeIgniter\CodeIgniter->run()
CRITICAL - 2022-11-15 20:28:40 --> Argument 1 passed to App\Libraries\Stock\StockMoreInfo::addMoreInfo() must be of the type array, null given, called in /Users/luan/Code/codetest/app/Controllers/ApiStock.php on line 139
in APPPATH/Libraries/Stock/StockMoreInfo.php on line 79.
 1 APPPATH/Controllers/ApiStock.php(139): App\Libraries\Stock\StockMoreInfo->addMoreInfo(null)
 2 SYSTEMPATH/CodeIgniter.php(907): App\Controllers\ApiStock->countGroup()
 3 SYSTEMPATH/CodeIgniter.php(457): CodeIgniter\CodeIgniter->runController(Object(App\Controllers\ApiStock))
 4 SYSTEMPATH/CodeIgniter.php(340): CodeIgniter\CodeIgniter->handleRequest(null, Object(Config\Cache), false)
 5 FCPATH/index.php(67): CodeIgniter\CodeIgniter->run()
CRITICAL - 2022-11-15 20:29:40 --> Argument 1 passed to App\Libraries\Stock\StockMoreInfo::addMoreInfo() must be of the type array, null given, called in /Users/luan/Code/codetest/app/Controllers/ApiStock.php on line 139
in APPPATH/Libraries/Stock/StockMoreInfo.php on line 79.
 1 APPPATH/Controllers/ApiStock.php(139): App\Libraries\Stock\StockMoreInfo->addMoreInfo(null)
 2 SYSTEMPATH/CodeIgniter.php(907): App\Controllers\ApiStock->countGroup()
 3 SYSTEMPATH/CodeIgniter.php(457): CodeIgniter\CodeIgniter->runController(Object(App\Controllers\ApiStock))
 4 SYSTEMPATH/CodeIgniter.php(340): CodeIgniter\CodeIgniter->handleRequest(null, Object(Config\Cache), false)
 5 FCPATH/index.php(67): CodeIgniter\CodeIgniter->run()
CRITICAL - 2022-11-15 21:33:49 --> Class 'App\Controllers\Services' not found
in APPPATH/Controllers/HistoryReport.php on line 18.
 1 SYSTEMPATH/CodeIgniter.php(907): App\Controllers\HistoryReport->times()
 2 SYSTEMPATH/CodeIgniter.php(457): CodeIgniter\CodeIgniter->runController(Object(App\Controllers\HistoryReport))
 3 SYSTEMPATH/CodeIgniter.php(340): CodeIgniter\CodeIgniter->handleRequest(null, Object(Config\Cache), false)
 4 FCPATH/index.php(67): CodeIgniter\CodeIgniter->run()
CRITICAL - 2022-11-15 21:47:03 --> Call to a member function addMoreInfo() on null
in APPPATH/Controllers/HistoryReport.php on line 54.
 1 SYSTEMPATH/CodeIgniter.php(907): App\Controllers\HistoryReport->stocks()
 2 SYSTEMPATH/CodeIgniter.php(457): CodeIgniter\CodeIgniter->runController(Object(App\Controllers\HistoryReport))
 3 SYSTEMPATH/CodeIgniter.php(340): CodeIgniter\CodeIgniter->handleRequest(null, Object(Config\Cache), false)
 4 FCPATH/index.php(67): CodeIgniter\CodeIgniter->run()
