CRITICAL - 2022-09-28 22:16:09 --> Trying to access array offset on value of type null
in APPPATH/Libraries/Stock/StockMoreInfo.php on line 105.
 1 APPPATH/Libraries/Stock/StockMoreInfo.php(105): CodeIgniter\Debug\Exceptions->errorHandler(2, 'Trying to access array offset on value of type null', 'APPPATH/Libraries/Stock/StockMoreInfo.php', 105)
 2 APPPATH/Controllers/Apistock.php(45): App\Libraries\Stock\StockMoreInfo->addMoreInfo([...])
 3 SYSTEMPATH/CodeIgniter.php(907): App\Controllers\ApiStock->index()
 4 SYSTEMPATH/CodeIgniter.php(457): CodeIgniter\CodeIgniter->runController(Object(App\Controllers\ApiStock))
 5 SYSTEMPATH/CodeIgniter.php(340): CodeIgniter\CodeIgniter->handleRequest(null, Object(Config\Cache), false)
 6 FCPATH/index.php(67): CodeIgniter\CodeIgniter->run()
CRITICAL - 2022-09-28 22:16:10 --> Trying to access array offset on value of type null
in APPPATH/Libraries/Stock/StockMoreInfo.php on line 105.
 1 APPPATH/Libraries/Stock/StockMoreInfo.php(105): CodeIgniter\Debug\Exceptions->errorHandler(2, 'Trying to access array offset on value of type null', 'APPPATH/Libraries/Stock/StockMoreInfo.php', 105)
 2 APPPATH/Controllers/Apistock.php(66): App\Libraries\Stock\StockMoreInfo->addMoreInfo([...])
 3 SYSTEMPATH/CodeIgniter.php(907): App\Controllers\ApiStock->countGroup()
 4 SYSTEMPATH/CodeIgniter.php(457): CodeIgniter\CodeIgniter->runController(Object(App\Controllers\ApiStock))
 5 SYSTEMPATH/CodeIgniter.php(340): CodeIgniter\CodeIgniter->handleRequest(null, Object(Config\Cache), false)
 6 FCPATH/index.php(67): CodeIgniter\CodeIgniter->run()
CRITICAL - 2022-09-28 22:16:12 --> Trying to access array offset on value of type null
in APPPATH/Libraries/Stock/StockMoreInfo.php on line 105.
 1 APPPATH/Libraries/Stock/StockMoreInfo.php(105): CodeIgniter\Debug\Exceptions->errorHandler(2, 'Trying to access array offset on value of type null', 'APPPATH/Libraries/Stock/StockMoreInfo.php', 105)
 2 APPPATH/Controllers/Apistock.php(66): App\Libraries\Stock\StockMoreInfo->addMoreInfo([...])
 3 SYSTEMPATH/CodeIgniter.php(907): App\Controllers\ApiStock->countGroup()
 4 SYSTEMPATH/CodeIgniter.php(457): CodeIgniter\CodeIgniter->runController(Object(App\Controllers\ApiStock))
 5 SYSTEMPATH/CodeIgniter.php(340): CodeIgniter\CodeIgniter->handleRequest(null, Object(Config\Cache), false)
 6 FCPATH/index.php(67): CodeIgniter\CodeIgniter->run()
CRITICAL - 2022-09-28 22:16:12 --> Trying to access array offset on value of type null
in APPPATH/Libraries/Stock/StockMoreInfo.php on line 105.
 1 APPPATH/Libraries/Stock/StockMoreInfo.php(105): CodeIgniter\Debug\Exceptions->errorHandler(2, 'Trying to access array offset on value of type null', 'APPPATH/Libraries/Stock/StockMoreInfo.php', 105)
 2 APPPATH/Controllers/Apistock.php(45): App\Libraries\Stock\StockMoreInfo->addMoreInfo([...])
 3 SYSTEMPATH/CodeIgniter.php(907): App\Controllers\ApiStock->index()
 4 SYSTEMPATH/CodeIgniter.php(457): CodeIgniter\CodeIgniter->runController(Object(App\Controllers\ApiStock))
 5 SYSTEMPATH/CodeIgniter.php(340): CodeIgniter\CodeIgniter->handleRequest(null, Object(Config\Cache), false)
 6 FCPATH/index.php(67): CodeIgniter\CodeIgniter->run()
CRITICAL - 2022-09-28 22:16:13 --> Trying to access array offset on value of type null
in APPPATH/Libraries/Stock/StockMoreInfo.php on line 105.
 1 APPPATH/Libraries/Stock/StockMoreInfo.php(105): CodeIgniter\Debug\Exceptions->errorHandler(2, 'Trying to access array offset on value of type null', 'APPPATH/Libraries/Stock/StockMoreInfo.php', 105)
 2 APPPATH/Controllers/Apistock.php(66): App\Libraries\Stock\StockMoreInfo->addMoreInfo([...])
 3 SYSTEMPATH/CodeIgniter.php(907): App\Controllers\ApiStock->countGroup()
 4 SYSTEMPATH/CodeIgniter.php(457): CodeIgniter\CodeIgniter->runController(Object(App\Controllers\ApiStock))
 5 SYSTEMPATH/CodeIgniter.php(340): CodeIgniter\CodeIgniter->handleRequest(null, Object(Config\Cache), false)
 6 FCPATH/index.php(67): CodeIgniter\CodeIgniter->run()
CRITICAL - 2022-09-28 22:16:13 --> Trying to access array offset on value of type null
in APPPATH/Libraries/Stock/StockMoreInfo.php on line 105.
 1 APPPATH/Libraries/Stock/StockMoreInfo.php(105): CodeIgniter\Debug\Exceptions->errorHandler(2, 'Trying to access array offset on value of type null', 'APPPATH/Libraries/Stock/StockMoreInfo.php', 105)
 2 APPPATH/Controllers/Apistock.php(45): App\Libraries\Stock\StockMoreInfo->addMoreInfo([...])
 3 SYSTEMPATH/CodeIgniter.php(907): App\Controllers\ApiStock->index()
 4 SYSTEMPATH/CodeIgniter.php(457): CodeIgniter\CodeIgniter->runController(Object(App\Controllers\ApiStock))
 5 SYSTEMPATH/CodeIgniter.php(340): CodeIgniter\CodeIgniter->handleRequest(null, Object(Config\Cache), false)
 6 FCPATH/index.php(67): CodeIgniter\CodeIgniter->run()
CRITICAL - 2022-09-28 22:25:24 --> Trying to access array offset on value of type null
in APPPATH/Libraries/Stock/StockMoreInfo.php on line 105.
 1 APPPATH/Libraries/Stock/StockMoreInfo.php(105): CodeIgniter\Debug\Exceptions->errorHandler(2, 'Trying to access array offset on value of type null', 'APPPATH/Libraries/Stock/StockMoreInfo.php', 105)
 2 APPPATH/Controllers/Apistock.php(66): App\Libraries\Stock\StockMoreInfo->addMoreInfo([...])
 3 SYSTEMPATH/CodeIgniter.php(907): App\Controllers\ApiStock->countGroup()
 4 SYSTEMPATH/CodeIgniter.php(457): CodeIgniter\CodeIgniter->runController(Object(App\Controllers\ApiStock))
 5 SYSTEMPATH/CodeIgniter.php(340): CodeIgniter\CodeIgniter->handleRequest(null, Object(Config\Cache), false)
 6 FCPATH/index.php(67): CodeIgniter\CodeIgniter->run()
CRITICAL - 2022-09-28 22:25:24 --> Trying to access array offset on value of type null
in APPPATH/Libraries/Stock/StockMoreInfo.php on line 105.
 1 APPPATH/Libraries/Stock/StockMoreInfo.php(105): CodeIgniter\Debug\Exceptions->errorHandler(2, 'Trying to access array offset on value of type null', 'APPPATH/Libraries/Stock/StockMoreInfo.php', 105)
 2 APPPATH/Controllers/Apistock.php(45): App\Libraries\Stock\StockMoreInfo->addMoreInfo([...])
 3 SYSTEMPATH/CodeIgniter.php(907): App\Controllers\ApiStock->index()
 4 SYSTEMPATH/CodeIgniter.php(457): CodeIgniter\CodeIgniter->runController(Object(App\Controllers\ApiStock))
 5 SYSTEMPATH/CodeIgniter.php(340): CodeIgniter\CodeIgniter->handleRequest(null, Object(Config\Cache), false)
 6 FCPATH/index.php(67): CodeIgniter\CodeIgniter->run()
CRITICAL - 2022-09-28 22:28:50 --> Trying to access array offset on value of type null
in APPPATH/Libraries/Stock/StockMoreInfo.php on line 105.
 1 APPPATH/Libraries/Stock/StockMoreInfo.php(105): CodeIgniter\Debug\Exceptions->errorHandler(2, 'Trying to access array offset on value of type null', 'APPPATH/Libraries/Stock/StockMoreInfo.php', 105)
 2 APPPATH/Controllers/Apistock.php(45): App\Libraries\Stock\StockMoreInfo->addMoreInfo([...])
 3 SYSTEMPATH/CodeIgniter.php(907): App\Controllers\ApiStock->index()
 4 SYSTEMPATH/CodeIgniter.php(457): CodeIgniter\CodeIgniter->runController(Object(App\Controllers\ApiStock))
 5 SYSTEMPATH/CodeIgniter.php(340): CodeIgniter\CodeIgniter->handleRequest(null, Object(Config\Cache), false)
 6 FCPATH/index.php(67): CodeIgniter\CodeIgniter->run()
CRITICAL - 2022-09-28 22:28:50 --> Trying to access array offset on value of type null
in APPPATH/Libraries/Stock/StockMoreInfo.php on line 105.
 1 APPPATH/Libraries/Stock/StockMoreInfo.php(105): CodeIgniter\Debug\Exceptions->errorHandler(2, 'Trying to access array offset on value of type null', 'APPPATH/Libraries/Stock/StockMoreInfo.php', 105)
 2 APPPATH/Controllers/Apistock.php(66): App\Libraries\Stock\StockMoreInfo->addMoreInfo([...])
 3 SYSTEMPATH/CodeIgniter.php(907): App\Controllers\ApiStock->countGroup()
 4 SYSTEMPATH/CodeIgniter.php(457): CodeIgniter\CodeIgniter->runController(Object(App\Controllers\ApiStock))
 5 SYSTEMPATH/CodeIgniter.php(340): CodeIgniter\CodeIgniter->handleRequest(null, Object(Config\Cache), false)
 6 FCPATH/index.php(67): CodeIgniter\CodeIgniter->run()
