CRITICAL - 2023-08-18 19:46:18 --> Undefined array key 0
in APPPATH/Libraries/Order/OrderService.php on line 50.
 1 APPPATH/Libraries/Order/OrderService.php(50): CodeIgniter\Debug\Exceptions->errorHandler(2, 'Undefined array key 0', '/Users/luan/Code/codetest/app/Libraries/Order/OrderService.php', 50)
 2 APPPATH/Controllers/Api/OrderController.php(29): App\Libraries\Order\OrderService->getOrders('pow', '2023-08-18', Object(App\Libraries\Order\SortOrder))
 3 SYSTEMPATH/CodeIgniter.php(932): App\Controllers\Api\OrderController->index()
 4 SYSTEMPATH/CodeIgniter.php(497): CodeIgniter\CodeIgniter->runController(Object(App\Controllers\Api\OrderController))
 5 SYSTEMPATH/CodeIgniter.php(366): CodeIgniter\CodeIgniter->handleRequest(null, Object(Config\Cache), false)
 6 FCPATH/index.php(67): CodeIgniter\CodeIgniter->run()
CRITICAL - 2023-08-18 19:46:41 --> Undefined array key 0
in APPPATH/Libraries/Order/OrderService.php on line 50.
 1 APPPATH/Libraries/Order/OrderService.php(50): CodeIgniter\Debug\Exceptions->errorHandler(2, 'Undefined array key 0', '/Users/luan/Code/codetest/app/Libraries/Order/OrderService.php', 50)
 2 APPPATH/Controllers/Api/OrderController.php(29): App\Libraries\Order\OrderService->getOrders('pow', '2023-08-18', Object(App\Libraries\Order\SortOrder))
 3 SYSTEMPATH/CodeIgniter.php(932): App\Controllers\Api\OrderController->index()
 4 SYSTEMPATH/CodeIgniter.php(497): CodeIgniter\CodeIgniter->runController(Object(App\Controllers\Api\OrderController))
 5 SYSTEMPATH/CodeIgniter.php(366): CodeIgniter\CodeIgniter->handleRequest(null, Object(Config\Cache), false)
 6 FCPATH/index.php(67): CodeIgniter\CodeIgniter->run()
CRITICAL - 2023-08-18 19:46:44 --> Undefined array key 0
in APPPATH/Libraries/Order/OrderService.php on line 50.
 1 APPPATH/Libraries/Order/OrderService.php(50): CodeIgniter\Debug\Exceptions->errorHandler(2, 'Undefined array key 0', '/Users/luan/Code/codetest/app/Libraries/Order/OrderService.php', 50)
 2 APPPATH/Controllers/Api/OrderController.php(29): App\Libraries\Order\OrderService->getOrders('pow', '2023-08-18', Object(App\Libraries\Order\SortOrder))
 3 SYSTEMPATH/CodeIgniter.php(932): App\Controllers\Api\OrderController->index()
 4 SYSTEMPATH/CodeIgniter.php(497): CodeIgniter\CodeIgniter->runController(Object(App\Controllers\Api\OrderController))
 5 SYSTEMPATH/CodeIgniter.php(366): CodeIgniter\CodeIgniter->handleRequest(null, Object(Config\Cache), false)
 6 FCPATH/index.php(67): CodeIgniter\CodeIgniter->run()
