CRITICAL - 2023-06-29 21:23:39 --> During inheritance of ArrayAccess: Uncaught ErrorException: Return type of PHPHtmlParser\Dom\Node\Collection::offsetGet($offset) should either be compatible with ArrayAccess::offsetGet(mixed $offset): mixed, or the #[\ReturnTypeWillChange] attribute should be used to temporarily suppress the notice in /Users/luan/Code/codetest/vendor/paquettg/php-html-parser/src/PHPHtmlParser/Dom/Node/Collection.php:133
Stack trace:
#0 /Users/luan/Code/codetest/vendor/paquettg/php-html-parser/src/PHPHtmlParser/Dom/Node/Collection.php(16): CodeIgniter\Debug\Exceptions->errorHandler(8192, 'Return type of ...', '/Users/luan/Cod...', 133)
#1 /Users/luan/Code/codetest/vendor/codeigniter4/framework/system/Autoloader/Autoloader.php(312): include_once('/Users/luan/Cod...')
#2 /Users/luan/Code/codetest/vendor/codeigniter4/framework/system/Autoloader/Autoloader.php(289): CodeIgniter\Autoloader\Autoloader->includeFile('/Users/luan/Cod...')
#3 /Users/luan/Code/codetest/vendor/codeigniter4/framework/system/Autoloader/Autoloader.php(267): CodeIgniter\Autoloader\Autoloader->loadInNamespace('PHPHtmlParser\\D...')
#4 /Users/luan/Code/codetest/vendor/paquettg/php-html-parser/src/PHPHtmlParser/Selector/Selector.php(65): CodeIgniter\Autoloader\Autoloader->loadClass('PHPHtmlParser\\D...')
#5 /Users/luan/Code/codetest/vendor/paquettg/php-html-parser/src/PHPHtmlParser/Dom/Node/AbstractNode.php(437): PHPHtmlParser\Selector\Selector->find(Object(PHPHtmlParser\Dom\Node\HtmlNode))
#6 /Users/luan/Code/codetest/vendor/paquettg/php-html-parser/src/PHPHtmlParser/Dom/Parser.php(121): PHPHtmlParser\Dom\Node\AbstractNode->find('meta[http-equiv...', 0)
#7 /Users/luan/Code/codetest/vendor/paquettg/php-html-parser/src/PHPHtmlParser/Dom.php(160): PHPHtmlParser\Dom\Parser->detectCharset(Object(PHPHtmlParser\Options), 'UTF-8', Object(PHPHtmlParser\Dom\Node\HtmlNode))
#8 /Users/luan/Code/codetest/app/Services/HistoryTransaction/AbstractRequest.php(54): PHPHtmlParser\Dom->loadStr('\r\n<!DOCTYPE htm...')
#9 /Users/luan/Code/codetest/app/Commands/RawTransaction.php(49): App\Services\HistoryTransaction\AbstractRequest->request(Array)
#10 /Users/luan/Code/codetest/vendor/codeigniter4/framework/system/CLI/Commands.php(65): App\Commands\RawTransaction->run(Array)
#11 /Users/luan/Code/codetest/vendor/codeigniter4/framework/system/CLI/Console.php(37): CodeIgniter\CLI\Commands->run('rawtransaction', Array)
#12 /Users/luan/Code/codetest/spark(98): CodeIgniter\CLI\Console->run()
#13 {main}
in VENDORPATH/paquettg/php-html-parser/src/PHPHtmlParser/Dom/Node/Collection.php on line 16.
 1 [internal function]: CodeIgniter\Debug\Exceptions->shutdownHandler()
CRITICAL - 2023-06-29 21:23:59 --> During inheritance of ArrayAccess: Uncaught ErrorException: Return type of PHPHtmlParser\Dom\Node\Collection::offsetGet($offset) should either be compatible with ArrayAccess::offsetGet(mixed $offset): mixed, or the #[\ReturnTypeWillChange] attribute should be used to temporarily suppress the notice in /Users/luan/Code/codetest/vendor/paquettg/php-html-parser/src/PHPHtmlParser/Dom/Node/Collection.php:133
Stack trace:
#0 /Users/luan/Code/codetest/vendor/paquettg/php-html-parser/src/PHPHtmlParser/Dom/Node/Collection.php(16): CodeIgniter\Debug\Exceptions->errorHandler(8192, 'Return type of ...', '/Users/luan/Cod...', 133)
#1 /Users/luan/Code/codetest/vendor/codeigniter4/framework/system/Autoloader/Autoloader.php(312): include_once('/Users/luan/Cod...')
#2 /Users/luan/Code/codetest/vendor/codeigniter4/framework/system/Autoloader/Autoloader.php(289): CodeIgniter\Autoloader\Autoloader->includeFile('/Users/luan/Cod...')
#3 /Users/luan/Code/codetest/vendor/codeigniter4/framework/system/Autoloader/Autoloader.php(267): CodeIgniter\Autoloader\Autoloader->loadInNamespace('PHPHtmlParser\\D...')
#4 /Users/luan/Code/codetest/vendor/paquettg/php-html-parser/src/PHPHtmlParser/Selector/Selector.php(65): CodeIgniter\Autoloader\Autoloader->loadClass('PHPHtmlParser\\D...')
#5 /Users/luan/Code/codetest/vendor/paquettg/php-html-parser/src/PHPHtmlParser/Dom/Node/AbstractNode.php(437): PHPHtmlParser\Selector\Selector->find(Object(PHPHtmlParser\Dom\Node\HtmlNode))
#6 /Users/luan/Code/codetest/vendor/paquettg/php-html-parser/src/PHPHtmlParser/Dom/Parser.php(121): PHPHtmlParser\Dom\Node\AbstractNode->find('meta[http-equiv...', 0)
#7 /Users/luan/Code/codetest/vendor/paquettg/php-html-parser/src/PHPHtmlParser/Dom.php(160): PHPHtmlParser\Dom\Parser->detectCharset(Object(PHPHtmlParser\Options), 'UTF-8', Object(PHPHtmlParser\Dom\Node\HtmlNode))
#8 /Users/luan/Code/codetest/app/Services/HistoryTransaction/AbstractRequest.php(54): PHPHtmlParser\Dom->loadStr('\r\n<!DOCTYPE htm...')
#9 /Users/luan/Code/codetest/app/Commands/RawTransaction.php(49): App\Services\HistoryTransaction\AbstractRequest->request(Array)
#10 /Users/luan/Code/codetest/vendor/codeigniter4/framework/system/CLI/Commands.php(65): App\Commands\RawTransaction->run(Array)
#11 /Users/luan/Code/codetest/vendor/codeigniter4/framework/system/CLI/Console.php(37): CodeIgniter\CLI\Commands->run('rawtransaction', Array)
#12 /Users/luan/Code/codetest/spark(98): CodeIgniter\CLI\Console->run()
#13 {main}
in VENDORPATH/paquettg/php-html-parser/src/PHPHtmlParser/Dom/Node/Collection.php on line 16.
 1 [internal function]: CodeIgniter\Debug\Exceptions->shutdownHandler()
CRITICAL - 2023-06-29 21:29:09 --> During inheritance of ArrayAccess: Uncaught ErrorException: Return type of PHPHtmlParser\Dom\Node\Collection::offsetGet($offset) should either be compatible with ArrayAccess::offsetGet(mixed $offset): mixed, or the #[\ReturnTypeWillChange] attribute should be used to temporarily suppress the notice in /Users/luan/Code/codetest/vendor/paquettg/php-html-parser/src/PHPHtmlParser/Dom/Node/Collection.php:133
Stack trace:
#0 /Users/luan/Code/codetest/vendor/paquettg/php-html-parser/src/PHPHtmlParser/Dom/Node/Collection.php(16): CodeIgniter\Debug\Exceptions->errorHandler(8192, 'Return type of ...', '/Users/luan/Cod...', 133)
#1 /Users/luan/Code/codetest/vendor/codeigniter4/framework/system/Autoloader/Autoloader.php(312): include_once('/Users/luan/Cod...')
#2 /Users/luan/Code/codetest/vendor/codeigniter4/framework/system/Autoloader/Autoloader.php(289): CodeIgniter\Autoloader\Autoloader->includeFile('/Users/luan/Cod...')
#3 /Users/luan/Code/codetest/vendor/codeigniter4/framework/system/Autoloader/Autoloader.php(267): CodeIgniter\Autoloader\Autoloader->loadInNamespace('PHPHtmlParser\\D...')
#4 /Users/luan/Code/codetest/vendor/paquettg/php-html-parser/src/PHPHtmlParser/Selector/Selector.php(65): CodeIgniter\Autoloader\Autoloader->loadClass('PHPHtmlParser\\D...')
#5 /Users/luan/Code/codetest/vendor/paquettg/php-html-parser/src/PHPHtmlParser/Dom/Node/AbstractNode.php(437): PHPHtmlParser\Selector\Selector->find(Object(PHPHtmlParser\Dom\Node\HtmlNode))
#6 /Users/luan/Code/codetest/vendor/paquettg/php-html-parser/src/PHPHtmlParser/Dom/Parser.php(121): PHPHtmlParser\Dom\Node\AbstractNode->find('meta[http-equiv...', 0)
#7 /Users/luan/Code/codetest/vendor/paquettg/php-html-parser/src/PHPHtmlParser/Dom.php(160): PHPHtmlParser\Dom\Parser->detectCharset(Object(PHPHtmlParser\Options), 'UTF-8', Object(PHPHtmlParser\Dom\Node\HtmlNode))
#8 /Users/luan/Code/codetest/app/Services/HistoryTransaction/AbstractRequest.php(54): PHPHtmlParser\Dom->loadStr('\r\n<!DOCTYPE htm...')
#9 /Users/luan/Code/codetest/app/Commands/RawTransaction.php(49): App\Services\HistoryTransaction\AbstractRequest->request(Array)
#10 /Users/luan/Code/codetest/vendor/codeigniter4/framework/system/CLI/Commands.php(65): App\Commands\RawTransaction->run(Array)
#11 /Users/luan/Code/codetest/vendor/codeigniter4/framework/system/CLI/Console.php(37): CodeIgniter\CLI\Commands->run('rawtransaction', Array)
#12 /Users/luan/Code/codetest/spark(98): CodeIgniter\CLI\Console->run()
#13 {main}
in VENDORPATH/paquettg/php-html-parser/src/PHPHtmlParser/Dom/Node/Collection.php on line 16.
 1 [internal function]: CodeIgniter\Debug\Exceptions->shutdownHandler()
CRITICAL - 2023-06-29 21:30:40 --> During inheritance of ArrayAccess: Uncaught ErrorException: Return type of PHPHtmlParser\Dom\Node\Collection::offsetGet($offset) should either be compatible with ArrayAccess::offsetGet(mixed $offset): mixed, or the #[\ReturnTypeWillChange] attribute should be used to temporarily suppress the notice in /Users/luan/Code/codetest/vendor/paquettg/php-html-parser/src/PHPHtmlParser/Dom/Node/Collection.php:133
Stack trace:
#0 /Users/luan/Code/codetest/vendor/paquettg/php-html-parser/src/PHPHtmlParser/Dom/Node/Collection.php(16): CodeIgniter\Debug\Exceptions->errorHandler(8192, 'Return type of ...', '/Users/luan/Cod...', 133)
#1 /Users/luan/Code/codetest/vendor/codeigniter4/framework/system/Autoloader/Autoloader.php(312): include_once('/Users/luan/Cod...')
#2 /Users/luan/Code/codetest/vendor/codeigniter4/framework/system/Autoloader/Autoloader.php(289): CodeIgniter\Autoloader\Autoloader->includeFile('/Users/luan/Cod...')
#3 /Users/luan/Code/codetest/vendor/codeigniter4/framework/system/Autoloader/Autoloader.php(267): CodeIgniter\Autoloader\Autoloader->loadInNamespace('PHPHtmlParser\\D...')
#4 /Users/luan/Code/codetest/vendor/paquettg/php-html-parser/src/PHPHtmlParser/Selector/Selector.php(65): CodeIgniter\Autoloader\Autoloader->loadClass('PHPHtmlParser\\D...')
#5 /Users/luan/Code/codetest/vendor/paquettg/php-html-parser/src/PHPHtmlParser/Dom/Node/AbstractNode.php(437): PHPHtmlParser\Selector\Selector->find(Object(PHPHtmlParser\Dom\Node\HtmlNode))
#6 /Users/luan/Code/codetest/vendor/paquettg/php-html-parser/src/PHPHtmlParser/Dom/Parser.php(121): PHPHtmlParser\Dom\Node\AbstractNode->find('meta[http-equiv...', 0)
#7 /Users/luan/Code/codetest/vendor/paquettg/php-html-parser/src/PHPHtmlParser/Dom.php(160): PHPHtmlParser\Dom\Parser->detectCharset(Object(PHPHtmlParser\Options), 'UTF-8', Object(PHPHtmlParser\Dom\Node\HtmlNode))
#8 /Users/luan/Code/codetest/app/Services/HistoryTransaction/AbstractRequest.php(54): PHPHtmlParser\Dom->loadStr('<div class="all...')
#9 /Users/luan/Code/codetest/app/Commands/RawTransaction.php(49): App\Services\HistoryTransaction\AbstractRequest->request(Array)
#10 /Users/luan/Code/codetest/vendor/codeigniter4/framework/system/CLI/Commands.php(65): App\Commands\RawTransaction->run(Array)
#11 /Users/luan/Code/codetest/vendor/codeigniter4/framework/system/CLI/Console.php(37): CodeIgniter\CLI\Commands->run('rawtransaction', Array)
#12 /Users/luan/Code/codetest/spark(98): CodeIgniter\CLI\Console->run()
#13 {main}
in VENDORPATH/paquettg/php-html-parser/src/PHPHtmlParser/Dom/Node/Collection.php on line 16.
 1 [internal function]: CodeIgniter\Debug\Exceptions->shutdownHandler()
CRITICAL - 2023-06-29 21:31:34 --> During inheritance of ArrayAccess: Uncaught ErrorException: Return type of PHPHtmlParser\Dom\Node\Collection::offsetGet($offset) should either be compatible with ArrayAccess::offsetGet(mixed $offset): mixed, or the #[\ReturnTypeWillChange] attribute should be used to temporarily suppress the notice in /Users/luan/Code/codetest/vendor/paquettg/php-html-parser/src/PHPHtmlParser/Dom/Node/Collection.php:133
Stack trace:
#0 /Users/luan/Code/codetest/vendor/paquettg/php-html-parser/src/PHPHtmlParser/Dom/Node/Collection.php(16): CodeIgniter\Debug\Exceptions->errorHandler(8192, 'Return type of ...', '/Users/luan/Cod...', 133)
#1 /Users/luan/Code/codetest/vendor/codeigniter4/framework/system/Autoloader/Autoloader.php(312): include_once('/Users/luan/Cod...')
#2 /Users/luan/Code/codetest/vendor/codeigniter4/framework/system/Autoloader/Autoloader.php(289): CodeIgniter\Autoloader\Autoloader->includeFile('/Users/luan/Cod...')
#3 /Users/luan/Code/codetest/vendor/codeigniter4/framework/system/Autoloader/Autoloader.php(267): CodeIgniter\Autoloader\Autoloader->loadInNamespace('PHPHtmlParser\\D...')
#4 /Users/luan/Code/codetest/vendor/paquettg/php-html-parser/src/PHPHtmlParser/Selector/Selector.php(65): CodeIgniter\Autoloader\Autoloader->loadClass('PHPHtmlParser\\D...')
#5 /Users/luan/Code/codetest/vendor/paquettg/php-html-parser/src/PHPHtmlParser/Dom/Node/AbstractNode.php(437): PHPHtmlParser\Selector\Selector->find(Object(PHPHtmlParser\Dom\Node\HtmlNode))
#6 /Users/luan/Code/codetest/vendor/paquettg/php-html-parser/src/PHPHtmlParser/Dom/Parser.php(121): PHPHtmlParser\Dom\Node\AbstractNode->find('meta[http-equiv...', 0)
#7 /Users/luan/Code/codetest/vendor/paquettg/php-html-parser/src/PHPHtmlParser/Dom.php(160): PHPHtmlParser\Dom\Parser->detectCharset(Object(PHPHtmlParser\Options), 'UTF-8', Object(PHPHtmlParser\Dom\Node\HtmlNode))
#8 /Users/luan/Code/codetest/app/Services/HistoryTransaction/AbstractRequest.php(54): PHPHtmlParser\Dom->loadStr('<div>fdfd</div>')
#9 /Users/luan/Code/codetest/app/Commands/RawTransaction.php(49): App\Services\HistoryTransaction\AbstractRequest->request(Array)
#10 /Users/luan/Code/codetest/vendor/codeigniter4/framework/system/CLI/Commands.php(65): App\Commands\RawTransaction->run(Array)
#11 /Users/luan/Code/codetest/vendor/codeigniter4/framework/system/CLI/Console.php(37): CodeIgniter\CLI\Commands->run('rawtransaction', Array)
#12 /Users/luan/Code/codetest/spark(98): CodeIgniter\CLI\Console->run()
#13 {main}
in VENDORPATH/paquettg/php-html-parser/src/PHPHtmlParser/Dom/Node/Collection.php on line 16.
 1 [internal function]: CodeIgniter\Debug\Exceptions->shutdownHandler()
CRITICAL - 2023-06-29 21:35:12 --> During inheritance of ArrayAccess: Uncaught ErrorException: Return type of PHPHtmlParser\Dom\Node\Collection::offsetGet($offset) should either be compatible with ArrayAccess::offsetGet(mixed $offset): mixed, or the #[\ReturnTypeWillChange] attribute should be used to temporarily suppress the notice in /Users/luan/Code/codetest/vendor/paquettg/php-html-parser/src/PHPHtmlParser/Dom/Node/Collection.php:133
Stack trace:
#0 /Users/luan/Code/codetest/vendor/paquettg/php-html-parser/src/PHPHtmlParser/Dom/Node/Collection.php(16): CodeIgniter\Debug\Exceptions->errorHandler(8192, 'Return type of ...', '/Users/luan/Cod...', 133)
#1 /Users/luan/Code/codetest/vendor/codeigniter4/framework/system/Autoloader/Autoloader.php(312): include_once('/Users/luan/Cod...')
#2 /Users/luan/Code/codetest/vendor/codeigniter4/framework/system/Autoloader/Autoloader.php(289): CodeIgniter\Autoloader\Autoloader->includeFile('/Users/luan/Cod...')
#3 /Users/luan/Code/codetest/vendor/codeigniter4/framework/system/Autoloader/Autoloader.php(267): CodeIgniter\Autoloader\Autoloader->loadInNamespace('PHPHtmlParser\\D...')
#4 /Users/luan/Code/codetest/vendor/paquettg/php-html-parser/src/PHPHtmlParser/Selector/Selector.php(65): CodeIgniter\Autoloader\Autoloader->loadClass('PHPHtmlParser\\D...')
#5 /Users/luan/Code/codetest/vendor/paquettg/php-html-parser/src/PHPHtmlParser/Dom/Node/AbstractNode.php(437): PHPHtmlParser\Selector\Selector->find(Object(PHPHtmlParser\Dom\Node\HtmlNode))
#6 /Users/luan/Code/codetest/vendor/paquettg/php-html-parser/src/PHPHtmlParser/Dom/Parser.php(121): PHPHtmlParser\Dom\Node\AbstractNode->find('meta[http-equiv...', 0)
#7 /Users/luan/Code/codetest/vendor/paquettg/php-html-parser/src/PHPHtmlParser/Dom.php(160): PHPHtmlParser\Dom\Parser->detectCharset(Object(PHPHtmlParser\Options), 'UTF-8', Object(PHPHtmlParser\Dom\Node\HtmlNode))
#8 /Users/luan/Code/codetest/app/Services/HistoryTransaction/AbstractRequest.php(54): PHPHtmlParser\Dom->loadStr('<div>fdfd</div>')
#9 /Users/luan/Code/codetest/app/Commands/RawTransaction.php(49): App\Services\HistoryTransaction\AbstractRequest->request(Array)
#10 /Users/luan/Code/codetest/vendor/codeigniter4/framework/system/CLI/Commands.php(65): App\Commands\RawTransaction->run(Array)
#11 /Users/luan/Code/codetest/vendor/codeigniter4/framework/system/CLI/Console.php(37): CodeIgniter\CLI\Commands->run('rawtransaction', Array)
#12 /Users/luan/Code/codetest/spark(98): CodeIgniter\CLI\Console->run()
#13 {main}
in VENDORPATH/paquettg/php-html-parser/src/PHPHtmlParser/Dom/Node/Collection.php on line 16.
 1 [internal function]: CodeIgniter\Debug\Exceptions->shutdownHandler()
CRITICAL - 2023-06-29 21:36:39 --> During inheritance of ArrayAccess: Uncaught ErrorException: Return type of PHPHtmlParser\Dom\Node\Collection::offsetGet($offset) should either be compatible with ArrayAccess::offsetGet(mixed $offset): mixed, or the #[\ReturnTypeWillChange] attribute should be used to temporarily suppress the notice in /Users/luan/Code/codetest/vendor/paquettg/php-html-parser/src/PHPHtmlParser/Dom/Node/Collection.php:133
Stack trace:
#0 /Users/luan/Code/codetest/vendor/paquettg/php-html-parser/src/PHPHtmlParser/Dom/Node/Collection.php(16): CodeIgniter\Debug\Exceptions->errorHandler(8192, 'Return type of ...', '/Users/luan/Cod...', 133)
#1 /Users/luan/Code/codetest/vendor/codeigniter4/framework/system/Autoloader/Autoloader.php(312): include_once('/Users/luan/Cod...')
#2 /Users/luan/Code/codetest/vendor/codeigniter4/framework/system/Autoloader/Autoloader.php(289): CodeIgniter\Autoloader\Autoloader->includeFile('/Users/luan/Cod...')
#3 /Users/luan/Code/codetest/vendor/codeigniter4/framework/system/Autoloader/Autoloader.php(267): CodeIgniter\Autoloader\Autoloader->loadInNamespace('PHPHtmlParser\\D...')
#4 /Users/luan/Code/codetest/vendor/paquettg/php-html-parser/src/PHPHtmlParser/Selector/Selector.php(65): CodeIgniter\Autoloader\Autoloader->loadClass('PHPHtmlParser\\D...')
#5 /Users/luan/Code/codetest/vendor/paquettg/php-html-parser/src/PHPHtmlParser/Dom/Node/AbstractNode.php(437): PHPHtmlParser\Selector\Selector->find(Object(PHPHtmlParser\Dom\Node\HtmlNode))
#6 /Users/luan/Code/codetest/vendor/paquettg/php-html-parser/src/PHPHtmlParser/Dom/Parser.php(121): PHPHtmlParser\Dom\Node\AbstractNode->find('meta[http-equiv...', 0)
#7 /Users/luan/Code/codetest/vendor/paquettg/php-html-parser/src/PHPHtmlParser/Dom.php(160): PHPHtmlParser\Dom\Parser->detectCharset(Object(PHPHtmlParser\Options), 'UTF-8', Object(PHPHtmlParser\Dom\Node\HtmlNode))
#8 /Users/luan/Code/codetest/vendor/paquettg/php-html-parser/src/PHPHtmlParser/Dom.php(132): PHPHtmlParser\Dom->loadStr('\n\n\n\n\n\n\n<!DOCTYP...', NULL)
#9 /Users/luan/Code/codetest/app/Services/HistoryTransaction/AbstractRequest.php(54): PHPHtmlParser\Dom->loadFromUrl('https://github....')
#10 /Users/luan/Code/codetest/app/Commands/RawTransaction.php(49): App\Services\HistoryTransaction\AbstractRequest->request(Array)
#11 /Users/luan/Code/codetest/vendor/codeigniter4/framework/system/CLI/Commands.php(65): App\Commands\RawTransaction->run(Array)
#12 /Users/luan/Code/codetest/vendor/codeigniter4/framework/system/CLI/Console.php(37): CodeIgniter\CLI\Commands->run('rawtransaction', Array)
#13 /Users/luan/Code/codetest/spark(98): CodeIgniter\CLI\Console->run()
#14 {main}
in VENDORPATH/paquettg/php-html-parser/src/PHPHtmlParser/Dom/Node/Collection.php on line 16.
 1 [internal function]: CodeIgniter\Debug\Exceptions->shutdownHandler()
CRITICAL - 2023-06-29 21:38:36 --> During inheritance of ArrayAccess: Uncaught ErrorException: Return type of PHPHtmlParser\Dom\Node\Collection::offsetGet($offset) should either be compatible with ArrayAccess::offsetGet(mixed $offset): mixed, or the #[\ReturnTypeWillChange] attribute should be used to temporarily suppress the notice in /Users/luan/Code/codetest/vendor/paquettg/php-html-parser/src/PHPHtmlParser/Dom/Node/Collection.php:133
Stack trace:
#0 /Users/luan/Code/codetest/vendor/paquettg/php-html-parser/src/PHPHtmlParser/Dom/Node/Collection.php(16): CodeIgniter\Debug\Exceptions->errorHandler(8192, 'Return type of ...', '/Users/luan/Cod...', 133)
#1 /Users/luan/Code/codetest/vendor/codeigniter4/framework/system/Autoloader/Autoloader.php(312): include_once('/Users/luan/Cod...')
#2 /Users/luan/Code/codetest/vendor/codeigniter4/framework/system/Autoloader/Autoloader.php(289): CodeIgniter\Autoloader\Autoloader->includeFile('/Users/luan/Cod...')
#3 /Users/luan/Code/codetest/vendor/codeigniter4/framework/system/Autoloader/Autoloader.php(267): CodeIgniter\Autoloader\Autoloader->loadInNamespace('PHPHtmlParser\\D...')
#4 /Users/luan/Code/codetest/vendor/paquettg/php-html-parser/src/PHPHtmlParser/Selector/Selector.php(65): CodeIgniter\Autoloader\Autoloader->loadClass('PHPHtmlParser\\D...')
#5 /Users/luan/Code/codetest/vendor/paquettg/php-html-parser/src/PHPHtmlParser/Dom/Node/AbstractNode.php(437): PHPHtmlParser\Selector\Selector->find(Object(PHPHtmlParser\Dom\Node\HtmlNode))
#6 /Users/luan/Code/codetest/vendor/paquettg/php-html-parser/src/PHPHtmlParser/Dom/Parser.php(121): PHPHtmlParser\Dom\Node\AbstractNode->find('meta[http-equiv...', 0)
#7 /Users/luan/Code/codetest/vendor/paquettg/php-html-parser/src/PHPHtmlParser/Dom.php(160): PHPHtmlParser\Dom\Parser->detectCharset(Object(PHPHtmlParser\Options), 'UTF-8', Object(PHPHtmlParser\Dom\Node\HtmlNode))
#8 /Users/luan/Code/codetest/app/Commands/RawTransaction.php(31): PHPHtmlParser\Dom->loadStr('<div class="all...')
#9 /Users/luan/Code/codetest/vendor/codeigniter4/framework/system/CLI/Commands.php(65): App\Commands\RawTransaction->run(Array)
#10 /Users/luan/Code/codetest/vendor/codeigniter4/framework/system/CLI/Console.php(37): CodeIgniter\CLI\Commands->run('rawtransaction', Array)
#11 /Users/luan/Code/codetest/spark(98): CodeIgniter\CLI\Console->run()
#12 {main}
in VENDORPATH/paquettg/php-html-parser/src/PHPHtmlParser/Dom/Node/Collection.php on line 16.
 1 [internal function]: CodeIgniter\Debug\Exceptions->shutdownHandler()
CRITICAL - 2023-06-29 21:38:39 --> During inheritance of ArrayAccess: Uncaught ErrorException: Return type of PHPHtmlParser\Dom\Node\Collection::offsetGet($offset) should either be compatible with ArrayAccess::offsetGet(mixed $offset): mixed, or the #[\ReturnTypeWillChange] attribute should be used to temporarily suppress the notice in /Users/luan/Code/codetest/vendor/paquettg/php-html-parser/src/PHPHtmlParser/Dom/Node/Collection.php:133
Stack trace:
#0 /Users/luan/Code/codetest/vendor/paquettg/php-html-parser/src/PHPHtmlParser/Dom/Node/Collection.php(16): CodeIgniter\Debug\Exceptions->errorHandler(8192, 'Return type of ...', '/Users/luan/Cod...', 133)
#1 /Users/luan/Code/codetest/vendor/codeigniter4/framework/system/Autoloader/Autoloader.php(312): include_once('/Users/luan/Cod...')
#2 /Users/luan/Code/codetest/vendor/codeigniter4/framework/system/Autoloader/Autoloader.php(289): CodeIgniter\Autoloader\Autoloader->includeFile('/Users/luan/Cod...')
#3 /Users/luan/Code/codetest/vendor/codeigniter4/framework/system/Autoloader/Autoloader.php(267): CodeIgniter\Autoloader\Autoloader->loadInNamespace('PHPHtmlParser\\D...')
#4 /Users/luan/Code/codetest/vendor/paquettg/php-html-parser/src/PHPHtmlParser/Selector/Selector.php(65): CodeIgniter\Autoloader\Autoloader->loadClass('PHPHtmlParser\\D...')
#5 /Users/luan/Code/codetest/vendor/paquettg/php-html-parser/src/PHPHtmlParser/Dom/Node/AbstractNode.php(437): PHPHtmlParser\Selector\Selector->find(Object(PHPHtmlParser\Dom\Node\HtmlNode))
#6 /Users/luan/Code/codetest/vendor/paquettg/php-html-parser/src/PHPHtmlParser/Dom/Parser.php(121): PHPHtmlParser\Dom\Node\AbstractNode->find('meta[http-equiv...', 0)
#7 /Users/luan/Code/codetest/vendor/paquettg/php-html-parser/src/PHPHtmlParser/Dom.php(160): PHPHtmlParser\Dom\Parser->detectCharset(Object(PHPHtmlParser\Options), 'UTF-8', Object(PHPHtmlParser\Dom\Node\HtmlNode))
#8 /Users/luan/Code/codetest/app/Commands/RawTransaction.php(31): PHPHtmlParser\Dom->loadStr('<div class="all...')
#9 /Users/luan/Code/codetest/vendor/codeigniter4/framework/system/CLI/Commands.php(65): App\Commands\RawTransaction->run(Array)
#10 /Users/luan/Code/codetest/vendor/codeigniter4/framework/system/CLI/Console.php(37): CodeIgniter\CLI\Commands->run('rawtransaction', Array)
#11 /Users/luan/Code/codetest/spark(98): CodeIgniter\CLI\Console->run()
#12 {main}
in VENDORPATH/paquettg/php-html-parser/src/PHPHtmlParser/Dom/Node/Collection.php on line 16.
 1 [internal function]: CodeIgniter\Debug\Exceptions->shutdownHandler()
CRITICAL - 2023-06-29 21:38:56 --> During inheritance of ArrayAccess: Uncaught ErrorException: Return type of PHPHtmlParser\Dom\Node\Collection::offsetGet($offset) should either be compatible with ArrayAccess::offsetGet(mixed $offset): mixed, or the #[\ReturnTypeWillChange] attribute should be used to temporarily suppress the notice in /Users/luan/Code/codetest/vendor/paquettg/php-html-parser/src/PHPHtmlParser/Dom/Node/Collection.php:133
Stack trace:
#0 /Users/luan/Code/codetest/vendor/paquettg/php-html-parser/src/PHPHtmlParser/Dom/Node/Collection.php(16): CodeIgniter\Debug\Exceptions->errorHandler(8192, 'Return type of ...', '/Users/luan/Cod...', 133)
#1 /Users/luan/Code/codetest/vendor/codeigniter4/framework/system/Autoloader/Autoloader.php(312): include_once('/Users/luan/Cod...')
#2 /Users/luan/Code/codetest/vendor/codeigniter4/framework/system/Autoloader/Autoloader.php(289): CodeIgniter\Autoloader\Autoloader->includeFile('/Users/luan/Cod...')
#3 /Users/luan/Code/codetest/vendor/codeigniter4/framework/system/Autoloader/Autoloader.php(267): CodeIgniter\Autoloader\Autoloader->loadInNamespace('PHPHtmlParser\\D...')
#4 /Users/luan/Code/codetest/vendor/paquettg/php-html-parser/src/PHPHtmlParser/Selector/Selector.php(65): CodeIgniter\Autoloader\Autoloader->loadClass('PHPHtmlParser\\D...')
#5 /Users/luan/Code/codetest/vendor/paquettg/php-html-parser/src/PHPHtmlParser/Dom/Node/AbstractNode.php(437): PHPHtmlParser\Selector\Selector->find(Object(PHPHtmlParser\Dom\Node\HtmlNode))
#6 /Users/luan/Code/codetest/vendor/paquettg/php-html-parser/src/PHPHtmlParser/Dom/Parser.php(121): PHPHtmlParser\Dom\Node\AbstractNode->find('meta[http-equiv...', 0)
#7 /Users/luan/Code/codetest/vendor/paquettg/php-html-parser/src/PHPHtmlParser/Dom.php(160): PHPHtmlParser\Dom\Parser->detectCharset(Object(PHPHtmlParser\Options), 'UTF-8', Object(PHPHtmlParser\Dom\Node\HtmlNode))
#8 /Users/luan/Code/codetest/app/Commands/RawTransaction.php(31): PHPHtmlParser\Dom->loadStr('<div class="all...')
#9 /Users/luan/Code/codetest/vendor/codeigniter4/framework/system/CLI/Commands.php(65): App\Commands\RawTransaction->run(Array)
#10 /Users/luan/Code/codetest/vendor/codeigniter4/framework/system/CLI/Console.php(37): CodeIgniter\CLI\Commands->run('rawtransaction', Array)
#11 /Users/luan/Code/codetest/spark(98): CodeIgniter\CLI\Console->run()
#12 {main}
in VENDORPATH/paquettg/php-html-parser/src/PHPHtmlParser/Dom/Node/Collection.php on line 16.
 1 [internal function]: CodeIgniter\Debug\Exceptions->shutdownHandler()
CRITICAL - 2023-06-29 21:39:08 --> During inheritance of ArrayAccess: Uncaught ErrorException: Return type of PHPHtmlParser\Dom\Node\Collection::offsetGet($offset) should either be compatible with ArrayAccess::offsetGet(mixed $offset): mixed, or the #[\ReturnTypeWillChange] attribute should be used to temporarily suppress the notice in /Users/luan/Code/codetest/vendor/paquettg/php-html-parser/src/PHPHtmlParser/Dom/Node/Collection.php:133
Stack trace:
#0 /Users/luan/Code/codetest/vendor/paquettg/php-html-parser/src/PHPHtmlParser/Dom/Node/Collection.php(16): CodeIgniter\Debug\Exceptions->errorHandler(8192, 'Return type of ...', '/Users/luan/Cod...', 133)
#1 /Users/luan/Code/codetest/vendor/codeigniter4/framework/system/Autoloader/Autoloader.php(312): include_once('/Users/luan/Cod...')
#2 /Users/luan/Code/codetest/vendor/codeigniter4/framework/system/Autoloader/Autoloader.php(289): CodeIgniter\Autoloader\Autoloader->includeFile('/Users/luan/Cod...')
#3 /Users/luan/Code/codetest/vendor/codeigniter4/framework/system/Autoloader/Autoloader.php(267): CodeIgniter\Autoloader\Autoloader->loadInNamespace('PHPHtmlParser\\D...')
#4 /Users/luan/Code/codetest/vendor/paquettg/php-html-parser/src/PHPHtmlParser/Selector/Selector.php(65): CodeIgniter\Autoloader\Autoloader->loadClass('PHPHtmlParser\\D...')
#5 /Users/luan/Code/codetest/vendor/paquettg/php-html-parser/src/PHPHtmlParser/Dom/Node/AbstractNode.php(437): PHPHtmlParser\Selector\Selector->find(Object(PHPHtmlParser\Dom\Node\HtmlNode))
#6 /Users/luan/Code/codetest/vendor/paquettg/php-html-parser/src/PHPHtmlParser/Dom/Parser.php(121): PHPHtmlParser\Dom\Node\AbstractNode->find('meta[http-equiv...', 0)
#7 /Users/luan/Code/codetest/vendor/paquettg/php-html-parser/src/PHPHtmlParser/Dom.php(160): PHPHtmlParser\Dom\Parser->detectCharset(Object(PHPHtmlParser\Options), 'UTF-8', Object(PHPHtmlParser\Dom\Node\HtmlNode))
#8 /Users/luan/Code/codetest/app/Commands/RawTransaction.php(31): PHPHtmlParser\Dom->loadStr('<div class="all...')
#9 /Users/luan/Code/codetest/vendor/codeigniter4/framework/system/CLI/Commands.php(65): App\Commands\RawTransaction->run(Array)
#10 /Users/luan/Code/codetest/vendor/codeigniter4/framework/system/CLI/Console.php(37): CodeIgniter\CLI\Commands->run('rawtransaction', Array)
#11 /Users/luan/Code/codetest/spark(98): CodeIgniter\CLI\Console->run()
#12 {main}
in VENDORPATH/paquettg/php-html-parser/src/PHPHtmlParser/Dom/Node/Collection.php on line 16.
 1 [internal function]: CodeIgniter\Debug\Exceptions->shutdownHandler()
CRITICAL - 2023-06-29 21:47:24 --> During inheritance of ArrayAccess: Uncaught ErrorException: Return type of PHPHtmlParser\Dom\Node\Collection::offsetGet($offset) should either be compatible with ArrayAccess::offsetGet(mixed $offset): mixed, or the #[\ReturnTypeWillChange] attribute should be used to temporarily suppress the notice in /Users/luan/Code/codetest/vendor/paquettg/php-html-parser/src/PHPHtmlParser/Dom/Node/Collection.php:133
Stack trace:
#0 /Users/luan/Code/codetest/vendor/paquettg/php-html-parser/src/PHPHtmlParser/Dom/Node/Collection.php(16): CodeIgniter\Debug\Exceptions->errorHandler(8192, 'Return type of ...', '/Users/luan/Cod...', 133)
#1 /Users/luan/Code/codetest/vendor/codeigniter4/framework/system/Autoloader/Autoloader.php(312): include_once('/Users/luan/Cod...')
#2 /Users/luan/Code/codetest/vendor/codeigniter4/framework/system/Autoloader/Autoloader.php(289): CodeIgniter\Autoloader\Autoloader->includeFile('/Users/luan/Cod...')
#3 /Users/luan/Code/codetest/vendor/codeigniter4/framework/system/Autoloader/Autoloader.php(267): CodeIgniter\Autoloader\Autoloader->loadInNamespace('PHPHtmlParser\\D...')
#4 /Users/luan/Code/codetest/vendor/paquettg/php-html-parser/src/PHPHtmlParser/Selector/Selector.php(65): CodeIgniter\Autoloader\Autoloader->loadClass('PHPHtmlParser\\D...')
#5 /Users/luan/Code/codetest/vendor/paquettg/php-html-parser/src/PHPHtmlParser/Dom/Node/AbstractNode.php(437): PHPHtmlParser\Selector\Selector->find(Object(PHPHtmlParser\Dom\Node\HtmlNode))
#6 /Users/luan/Code/codetest/vendor/paquettg/php-html-parser/src/PHPHtmlParser/Dom/Parser.php(121): PHPHtmlParser\Dom\Node\AbstractNode->find('meta[http-equiv...', 0)
#7 /Users/luan/Code/codetest/vendor/paquettg/php-html-parser/src/PHPHtmlParser/Dom.php(160): PHPHtmlParser\Dom\Parser->detectCharset(Object(PHPHtmlParser\Options), 'UTF-8', Object(PHPHtmlParser\Dom\Node\HtmlNode))
#8 /Users/luan/Code/codetest/app/Services/HistoryTransaction/AbstractRequest.php(53): PHPHtmlParser\Dom->loadStr('\r\n<!DOCTYPE htm...')
#9 /Users/luan/Code/codetest/app/Commands/RawTransaction.php(49): App\Services\HistoryTransaction\AbstractRequest->request(Array)
#10 /Users/luan/Code/codetest/vendor/codeigniter4/framework/system/CLI/Commands.php(65): App\Commands\RawTransaction->run(Array)
#11 /Users/luan/Code/codetest/vendor/codeigniter4/framework/system/CLI/Console.php(37): CodeIgniter\CLI\Commands->run('rawtransaction', Array)
#12 /Users/luan/Code/codetest/spark(98): CodeIgniter\CLI\Console->run()
#13 {main}
in VENDORPATH/paquettg/php-html-parser/src/PHPHtmlParser/Dom/Node/Collection.php on line 16.
 1 [internal function]: CodeIgniter\Debug\Exceptions->shutdownHandler()
CRITICAL - 2023-06-29 21:47:57 --> During inheritance of ArrayAccess: Uncaught ErrorException: Return type of PHPHtmlParser\Dom\Node\Collection::offsetGet($offset) should either be compatible with ArrayAccess::offsetGet(mixed $offset): mixed, or the #[\ReturnTypeWillChange] attribute should be used to temporarily suppress the notice in /Users/luan/Code/codetest/vendor/paquettg/php-html-parser/src/PHPHtmlParser/Dom/Node/Collection.php:133
Stack trace:
#0 /Users/luan/Code/codetest/vendor/paquettg/php-html-parser/src/PHPHtmlParser/Dom/Node/Collection.php(16): CodeIgniter\Debug\Exceptions->errorHandler(8192, 'Return type of ...', '/Users/luan/Cod...', 133)
#1 /Users/luan/Code/codetest/vendor/codeigniter4/framework/system/Autoloader/Autoloader.php(312): include_once('/Users/luan/Cod...')
#2 /Users/luan/Code/codetest/vendor/codeigniter4/framework/system/Autoloader/Autoloader.php(289): CodeIgniter\Autoloader\Autoloader->includeFile('/Users/luan/Cod...')
#3 /Users/luan/Code/codetest/vendor/codeigniter4/framework/system/Autoloader/Autoloader.php(267): CodeIgniter\Autoloader\Autoloader->loadInNamespace('PHPHtmlParser\\D...')
#4 /Users/luan/Code/codetest/vendor/paquettg/php-html-parser/src/PHPHtmlParser/Selector/Selector.php(65): CodeIgniter\Autoloader\Autoloader->loadClass('PHPHtmlParser\\D...')
#5 /Users/luan/Code/codetest/vendor/paquettg/php-html-parser/src/PHPHtmlParser/Dom/Node/AbstractNode.php(437): PHPHtmlParser\Selector\Selector->find(Object(PHPHtmlParser\Dom\Node\HtmlNode))
#6 /Users/luan/Code/codetest/vendor/paquettg/php-html-parser/src/PHPHtmlParser/Dom/Parser.php(121): PHPHtmlParser\Dom\Node\AbstractNode->find('meta[http-equiv...', 0)
#7 /Users/luan/Code/codetest/vendor/paquettg/php-html-parser/src/PHPHtmlParser/Dom.php(160): PHPHtmlParser\Dom\Parser->detectCharset(Object(PHPHtmlParser\Options), 'UTF-8', Object(PHPHtmlParser\Dom\Node\HtmlNode))
#8 /Users/luan/Code/codetest/app/Commands/RawTransaction.php(31): PHPHtmlParser\Dom->loadStr('<div class="all...')
#9 /Users/luan/Code/codetest/vendor/codeigniter4/framework/system/CLI/Commands.php(65): App\Commands\RawTransaction->run(Array)
#10 /Users/luan/Code/codetest/vendor/codeigniter4/framework/system/CLI/Console.php(37): CodeIgniter\CLI\Commands->run('rawtransaction', Array)
#11 /Users/luan/Code/codetest/spark(98): CodeIgniter\CLI\Console->run()
#12 {main}
in VENDORPATH/paquettg/php-html-parser/src/PHPHtmlParser/Dom/Node/Collection.php on line 16.
 1 [internal function]: CodeIgniter\Debug\Exceptions->shutdownHandler()
CRITICAL - 2023-06-29 21:47:59 --> During inheritance of ArrayAccess: Uncaught ErrorException: Return type of PHPHtmlParser\Dom\Node\Collection::offsetGet($offset) should either be compatible with ArrayAccess::offsetGet(mixed $offset): mixed, or the #[\ReturnTypeWillChange] attribute should be used to temporarily suppress the notice in /Users/luan/Code/codetest/vendor/paquettg/php-html-parser/src/PHPHtmlParser/Dom/Node/Collection.php:133
Stack trace:
#0 /Users/luan/Code/codetest/vendor/paquettg/php-html-parser/src/PHPHtmlParser/Dom/Node/Collection.php(16): CodeIgniter\Debug\Exceptions->errorHandler(8192, 'Return type of ...', '/Users/luan/Cod...', 133)
#1 /Users/luan/Code/codetest/vendor/codeigniter4/framework/system/Autoloader/Autoloader.php(312): include_once('/Users/luan/Cod...')
#2 /Users/luan/Code/codetest/vendor/codeigniter4/framework/system/Autoloader/Autoloader.php(289): CodeIgniter\Autoloader\Autoloader->includeFile('/Users/luan/Cod...')
#3 /Users/luan/Code/codetest/vendor/codeigniter4/framework/system/Autoloader/Autoloader.php(267): CodeIgniter\Autoloader\Autoloader->loadInNamespace('PHPHtmlParser\\D...')
#4 /Users/luan/Code/codetest/vendor/paquettg/php-html-parser/src/PHPHtmlParser/Selector/Selector.php(65): CodeIgniter\Autoloader\Autoloader->loadClass('PHPHtmlParser\\D...')
#5 /Users/luan/Code/codetest/vendor/paquettg/php-html-parser/src/PHPHtmlParser/Dom/Node/AbstractNode.php(437): PHPHtmlParser\Selector\Selector->find(Object(PHPHtmlParser\Dom\Node\HtmlNode))
#6 /Users/luan/Code/codetest/vendor/paquettg/php-html-parser/src/PHPHtmlParser/Dom/Parser.php(121): PHPHtmlParser\Dom\Node\AbstractNode->find('meta[http-equiv...', 0)
#7 /Users/luan/Code/codetest/vendor/paquettg/php-html-parser/src/PHPHtmlParser/Dom.php(160): PHPHtmlParser\Dom\Parser->detectCharset(Object(PHPHtmlParser\Options), 'UTF-8', Object(PHPHtmlParser\Dom\Node\HtmlNode))
#8 /Users/luan/Code/codetest/app/Commands/RawTransaction.php(31): PHPHtmlParser\Dom->loadStr('<div class="all...')
#9 /Users/luan/Code/codetest/vendor/codeigniter4/framework/system/CLI/Commands.php(65): App\Commands\RawTransaction->run(Array)
#10 /Users/luan/Code/codetest/vendor/codeigniter4/framework/system/CLI/Console.php(37): CodeIgniter\CLI\Commands->run('rawtransaction', Array)
#11 /Users/luan/Code/codetest/spark(98): CodeIgniter\CLI\Console->run()
#12 {main}
in VENDORPATH/paquettg/php-html-parser/src/PHPHtmlParser/Dom/Node/Collection.php on line 16.
 1 [internal function]: CodeIgniter\Debug\Exceptions->shutdownHandler()
CRITICAL - 2023-06-29 21:48:46 --> During inheritance of ArrayAccess: Uncaught ErrorException: Return type of PHPHtmlParser\Dom\Node\Collection::offsetGet($offset) should either be compatible with ArrayAccess::offsetGet(mixed $offset): mixed, or the #[\ReturnTypeWillChange] attribute should be used to temporarily suppress the notice in /Users/luan/Code/codetest/vendor/paquettg/php-html-parser/src/PHPHtmlParser/Dom/Node/Collection.php:133
Stack trace:
#0 /Users/luan/Code/codetest/vendor/paquettg/php-html-parser/src/PHPHtmlParser/Dom/Node/Collection.php(16): CodeIgniter\Debug\Exceptions->errorHandler(8192, 'Return type of ...', '/Users/luan/Cod...', 133)
#1 /Users/luan/Code/codetest/vendor/codeigniter4/framework/system/Autoloader/Autoloader.php(312): include_once('/Users/luan/Cod...')
#2 /Users/luan/Code/codetest/vendor/codeigniter4/framework/system/Autoloader/Autoloader.php(289): CodeIgniter\Autoloader\Autoloader->includeFile('/Users/luan/Cod...')
#3 /Users/luan/Code/codetest/vendor/codeigniter4/framework/system/Autoloader/Autoloader.php(267): CodeIgniter\Autoloader\Autoloader->loadInNamespace('PHPHtmlParser\\D...')
#4 /Users/luan/Code/codetest/vendor/paquettg/php-html-parser/src/PHPHtmlParser/Selector/Selector.php(65): CodeIgniter\Autoloader\Autoloader->loadClass('PHPHtmlParser\\D...')
#5 /Users/luan/Code/codetest/vendor/paquettg/php-html-parser/src/PHPHtmlParser/Dom/Node/AbstractNode.php(437): PHPHtmlParser\Selector\Selector->find(Object(PHPHtmlParser\Dom\Node\HtmlNode))
#6 /Users/luan/Code/codetest/vendor/paquettg/php-html-parser/src/PHPHtmlParser/Dom/Parser.php(121): PHPHtmlParser\Dom\Node\AbstractNode->find('meta[http-equiv...', 0)
#7 /Users/luan/Code/codetest/vendor/paquettg/php-html-parser/src/PHPHtmlParser/Dom.php(160): PHPHtmlParser\Dom\Parser->detectCharset(Object(PHPHtmlParser\Options), 'UTF-8', Object(PHPHtmlParser\Dom\Node\HtmlNode))
#8 /Users/luan/Code/codetest/app/Commands/RawTransaction.php(31): PHPHtmlParser\Dom->loadStr('<div class="all...')
#9 /Users/luan/Code/codetest/vendor/codeigniter4/framework/system/CLI/Commands.php(65): App\Commands\RawTransaction->run(Array)
#10 /Users/luan/Code/codetest/vendor/codeigniter4/framework/system/CLI/Console.php(37): CodeIgniter\CLI\Commands->run('rawtransaction', Array)
#11 /Users/luan/Code/codetest/spark(98): CodeIgniter\CLI\Console->run()
#12 {main}
in VENDORPATH/paquettg/php-html-parser/src/PHPHtmlParser/Dom/Node/Collection.php on line 16.
 1 [internal function]: CodeIgniter\Debug\Exceptions->shutdownHandler()
CRITICAL - 2023-06-29 21:49:05 --> During inheritance of ArrayAccess: Uncaught ErrorException: Return type of PHPHtmlParser\Dom\Node\Collection::offsetGet($offset) should either be compatible with ArrayAccess::offsetGet(mixed $offset): mixed, or the #[\ReturnTypeWillChange] attribute should be used to temporarily suppress the notice in /Users/luan/Code/codetest/vendor/paquettg/php-html-parser/src/PHPHtmlParser/Dom/Node/Collection.php:133
Stack trace:
#0 /Users/luan/Code/codetest/vendor/paquettg/php-html-parser/src/PHPHtmlParser/Dom/Node/Collection.php(16): CodeIgniter\Debug\Exceptions->errorHandler(8192, 'Return type of ...', '/Users/luan/Cod...', 133)
#1 /Users/luan/Code/codetest/vendor/codeigniter4/framework/system/Autoloader/Autoloader.php(312): include_once('/Users/luan/Cod...')
#2 /Users/luan/Code/codetest/vendor/codeigniter4/framework/system/Autoloader/Autoloader.php(289): CodeIgniter\Autoloader\Autoloader->includeFile('/Users/luan/Cod...')
#3 /Users/luan/Code/codetest/vendor/codeigniter4/framework/system/Autoloader/Autoloader.php(267): CodeIgniter\Autoloader\Autoloader->loadInNamespace('PHPHtmlParser\\D...')
#4 /Users/luan/Code/codetest/vendor/paquettg/php-html-parser/src/PHPHtmlParser/Selector/Selector.php(65): CodeIgniter\Autoloader\Autoloader->loadClass('PHPHtmlParser\\D...')
#5 /Users/luan/Code/codetest/vendor/paquettg/php-html-parser/src/PHPHtmlParser/Dom/Node/AbstractNode.php(437): PHPHtmlParser\Selector\Selector->find(Object(PHPHtmlParser\Dom\Node\HtmlNode))
#6 /Users/luan/Code/codetest/vendor/paquettg/php-html-parser/src/PHPHtmlParser/Dom/Parser.php(121): PHPHtmlParser\Dom\Node\AbstractNode->find('meta[http-equiv...', 0)
#7 /Users/luan/Code/codetest/vendor/paquettg/php-html-parser/src/PHPHtmlParser/Dom.php(160): PHPHtmlParser\Dom\Parser->detectCharset(Object(PHPHtmlParser\Options), 'UTF-8', Object(PHPHtmlParser\Dom\Node\HtmlNode))
#8 /Users/luan/Code/codetest/app/Commands/RawTransaction.php(31): PHPHtmlParser\Dom->loadStr('<div class="all...')
#9 /Users/luan/Code/codetest/vendor/codeigniter4/framework/system/CLI/Commands.php(65): App\Commands\RawTransaction->run(Array)
#10 /Users/luan/Code/codetest/vendor/codeigniter4/framework/system/CLI/Console.php(37): CodeIgniter\CLI\Commands->run('rawtransaction', Array)
#11 /Users/luan/Code/codetest/spark(98): CodeIgniter\CLI\Console->run()
#12 {main}
in VENDORPATH/paquettg/php-html-parser/src/PHPHtmlParser/Dom/Node/Collection.php on line 16.
 1 [internal function]: CodeIgniter\Debug\Exceptions->shutdownHandler()
