CRITICAL - 2022-11-01 21:24:41 --> During inheritance of ArrayAccess: Uncaught ErrorException: Return type of PHPHtmlParser\Dom\Node\Collection::offsetGet($offset) should either be compatible with ArrayAccess::offsetGet(mixed $offset): mixed, or the #[\ReturnTypeWillChange] attribute should be used to temporarily suppress the notice in /Users/luan/Code/codetest/vendor/paquettg/php-html-parser/src/PHPHtmlParser/Dom/Node/Collection.php:133
Stack trace:
#0 /Users/luan/Code/codetest/vendor/paquettg/php-html-parser/src/PHPHtmlParser/Dom/Node/Collection.php(16): CodeIgniter\Debug\Exceptions->errorHandler(8192, 'Return type of ...', '/Users/luan/Cod...', 133)
#1 /Users/luan/Code/codetest/vendor/codeigniter4/framework/system/Autoloader/Autoloader.php(282): include_once('/Users/luan/Cod...')
#2 /Users/luan/Code/codetest/vendor/codeigniter4/framework/system/Autoloader/Autoloader.php(259): CodeIgniter\Autoloader\Autoloader->includeFile('/Users/luan/Cod...')
#3 /Users/luan/Code/codetest/vendor/codeigniter4/framework/system/Autoloader/Autoloader.php(237): CodeIgniter\Autoloader\Autoloader->loadInNamespace('PHPHtmlParser\\D...')
#4 /Users/luan/Code/codetest/vendor/paquettg/php-html-parser/src/PHPHtmlParser/Selector/Selector.php(65): CodeIgniter\Autoloader\Autoloader->loadClass('PHPHtmlParser\\D...')
#5 /Users/luan/Code/codetest/vendor/paquettg/php-html-parser/src/PHPHtmlParser/Dom/Node/AbstractNode.php(437): PHPHtmlParser\Selector\Selector->find(Object(PHPHtmlParser\Dom\Node\HtmlNode))
#6 /Users/luan/Code/codetest/vendor/paquettg/php-html-parser/src/PHPHtmlParser/Dom/Parser.php(121): PHPHtmlParser\Dom\Node\AbstractNode->find('meta[http-equiv...', 0)
#7 /Users/luan/Code/codetest/vendor/paquettg/php-html-parser/src/PHPHtmlParser/Dom.php(160): PHPHtmlParser\Dom\Parser->detectCharset(Object(PHPHtmlParser\Options), 'UTF-8', Object(PHPHtmlParser\Dom\Node\HtmlNode))
#8 /Users/luan/Code/codetest/app/Services/HistoryTransaction/AbstractRequest.php(48): PHPHtmlParser\Dom->loadStr('\r\n<!DOCTYPE htm...')
#9 /Users/luan/Code/codetest/app/Commands/RawHistory.php(44): App\Services\HistoryTransaction\AbstractRequest->request(Array)
#10 /Users/luan/Code/codetest/vendor/codeigniter4/framework/system/CLI/Commands.php(63): App\Commands\RawHistory->run(Array)
#11 /Users/luan/Code/codetest/vendor/codeigniter4/framework/system/CLI/CommandRunner.php(65): CodeIgniter\CLI\Commands->run('rawhistory', Array)
#12 /Users/luan/Code/codetest/vendor/codeigniter4/framework/system/CLI/CommandRunner.php(51): CodeIgniter\CLI\CommandRunner->index(Array)
#13 /Users/luan/Code/codetest/vendor/codeigniter4/framework/system/CodeIgniter.php(900): CodeIgniter\CLI\CommandRunner->_remap('index', Array)
#14 /Users/luan/Code/codetest/vendor/codeigniter4/framework/system/CodeIgniter.php(457): CodeIgniter\CodeIgniter->runController(Object(CodeIgniter\CLI\CommandRunner))
#15 /Users/luan/Code/codetest/vendor/codeigniter4/framework/system/CodeIgniter.php(336): CodeIgniter\CodeIgniter->handleRequest(NULL, Object(Config\Cache), false)
#16 /Users/luan/Code/codetest/vendor/codeigniter4/framework/system/CLI/Console.php(48): CodeIgniter\CodeIgniter->run()
#17 /Users/luan/Code/codetest/spark(98): CodeIgniter\CLI\Console->run()
#18 {main}
in VENDORPATH/paquettg/php-html-parser/src/PHPHtmlParser/Dom/Node/Collection.php on line 16.
 1 [internal function]: CodeIgniter\Debug\Exceptions->shutdownHandler()
CRITICAL - 2022-11-01 21:28:36 --> Trying to access array offset on value of type null
in APPPATH/Libraries/Stock/StockMoreInfo.php on line 105.
 1 APPPATH/Libraries/Stock/StockMoreInfo.php(105): CodeIgniter\Debug\Exceptions->errorHandler(2, 'Trying to access array offset on value of type null', 'APPPATH/Libraries/Stock/StockMoreInfo.php', 105)
 2 APPPATH/Controllers/Apistock.php(66): App\Libraries\Stock\StockMoreInfo->addMoreInfo([...])
 3 SYSTEMPATH/CodeIgniter.php(907): App\Controllers\ApiStock->countGroup()
 4 SYSTEMPATH/CodeIgniter.php(457): CodeIgniter\CodeIgniter->runController(Object(App\Controllers\ApiStock))
 5 SYSTEMPATH/CodeIgniter.php(340): CodeIgniter\CodeIgniter->handleRequest(null, Object(Config\Cache), false)
 6 FCPATH/index.php(67): CodeIgniter\CodeIgniter->run()
CRITICAL - 2022-11-01 21:28:36 --> Trying to access array offset on value of type null
in APPPATH/Libraries/Stock/StockMoreInfo.php on line 105.
 1 APPPATH/Libraries/Stock/StockMoreInfo.php(105): CodeIgniter\Debug\Exceptions->errorHandler(2, 'Trying to access array offset on value of type null', 'APPPATH/Libraries/Stock/StockMoreInfo.php', 105)
 2 APPPATH/Controllers/Apistock.php(45): App\Libraries\Stock\StockMoreInfo->addMoreInfo([...])
 3 SYSTEMPATH/CodeIgniter.php(907): App\Controllers\ApiStock->index()
 4 SYSTEMPATH/CodeIgniter.php(457): CodeIgniter\CodeIgniter->runController(Object(App\Controllers\ApiStock))
 5 SYSTEMPATH/CodeIgniter.php(340): CodeIgniter\CodeIgniter->handleRequest(null, Object(Config\Cache), false)
 6 FCPATH/index.php(67): CodeIgniter\CodeIgniter->run()
CRITICAL - 2022-11-01 21:28:44 --> Trying to access array offset on value of type null
in APPPATH/Libraries/Stock/StockMoreInfo.php on line 105.
 1 APPPATH/Libraries/Stock/StockMoreInfo.php(105): CodeIgniter\Debug\Exceptions->errorHandler(2, 'Trying to access array offset on value of type null', 'APPPATH/Libraries/Stock/StockMoreInfo.php', 105)
 2 APPPATH/Controllers/Apistock.php(45): App\Libraries\Stock\StockMoreInfo->addMoreInfo([...])
 3 SYSTEMPATH/CodeIgniter.php(907): App\Controllers\ApiStock->index()
 4 SYSTEMPATH/CodeIgniter.php(457): CodeIgniter\CodeIgniter->runController(Object(App\Controllers\ApiStock))
 5 SYSTEMPATH/CodeIgniter.php(340): CodeIgniter\CodeIgniter->handleRequest(null, Object(Config\Cache), false)
 6 FCPATH/index.php(67): CodeIgniter\CodeIgniter->run()
CRITICAL - 2022-11-01 21:28:44 --> Trying to access array offset on value of type null
in APPPATH/Libraries/Stock/StockMoreInfo.php on line 105.
 1 APPPATH/Libraries/Stock/StockMoreInfo.php(105): CodeIgniter\Debug\Exceptions->errorHandler(2, 'Trying to access array offset on value of type null', 'APPPATH/Libraries/Stock/StockMoreInfo.php', 105)
 2 APPPATH/Controllers/Apistock.php(66): App\Libraries\Stock\StockMoreInfo->addMoreInfo([...])
 3 SYSTEMPATH/CodeIgniter.php(907): App\Controllers\ApiStock->countGroup()
 4 SYSTEMPATH/CodeIgniter.php(457): CodeIgniter\CodeIgniter->runController(Object(App\Controllers\ApiStock))
 5 SYSTEMPATH/CodeIgniter.php(340): CodeIgniter\CodeIgniter->handleRequest(null, Object(Config\Cache), false)
 6 FCPATH/index.php(67): CodeIgniter\CodeIgniter->run()
CRITICAL - 2022-11-01 21:29:11 --> Trying to access array offset on value of type null
in APPPATH/Libraries/Stock/StockMoreInfo.php on line 105.
 1 APPPATH/Libraries/Stock/StockMoreInfo.php(105): CodeIgniter\Debug\Exceptions->errorHandler(2, 'Trying to access array offset on value of type null', 'APPPATH/Libraries/Stock/StockMoreInfo.php', 105)
 2 APPPATH/Controllers/Apistock.php(66): App\Libraries\Stock\StockMoreInfo->addMoreInfo([...])
 3 SYSTEMPATH/CodeIgniter.php(907): App\Controllers\ApiStock->countGroup()
 4 SYSTEMPATH/CodeIgniter.php(457): CodeIgniter\CodeIgniter->runController(Object(App\Controllers\ApiStock))
 5 SYSTEMPATH/CodeIgniter.php(340): CodeIgniter\CodeIgniter->handleRequest(null, Object(Config\Cache), false)
 6 FCPATH/index.php(67): CodeIgniter\CodeIgniter->run()
CRITICAL - 2022-11-01 21:29:13 --> Trying to access array offset on value of type null
in APPPATH/Libraries/Stock/StockMoreInfo.php on line 105.
 1 APPPATH/Libraries/Stock/StockMoreInfo.php(105): CodeIgniter\Debug\Exceptions->errorHandler(2, 'Trying to access array offset on value of type null', 'APPPATH/Libraries/Stock/StockMoreInfo.php', 105)
 2 APPPATH/Controllers/Apistock.php(45): App\Libraries\Stock\StockMoreInfo->addMoreInfo([...])
 3 SYSTEMPATH/CodeIgniter.php(907): App\Controllers\ApiStock->index()
 4 SYSTEMPATH/CodeIgniter.php(457): CodeIgniter\CodeIgniter->runController(Object(App\Controllers\ApiStock))
 5 SYSTEMPATH/CodeIgniter.php(340): CodeIgniter\CodeIgniter->handleRequest(null, Object(Config\Cache), false)
 6 FCPATH/index.php(67): CodeIgniter\CodeIgniter->run()
CRITICAL - 2022-11-01 21:29:41 --> Trying to access array offset on value of type null
in APPPATH/Libraries/Stock/StockMoreInfo.php on line 105.
 1 APPPATH/Libraries/Stock/StockMoreInfo.php(105): CodeIgniter\Debug\Exceptions->errorHandler(2, 'Trying to access array offset on value of type null', 'APPPATH/Libraries/Stock/StockMoreInfo.php', 105)
 2 APPPATH/Controllers/Apistock.php(66): App\Libraries\Stock\StockMoreInfo->addMoreInfo([...])
 3 SYSTEMPATH/CodeIgniter.php(907): App\Controllers\ApiStock->countGroup()
 4 SYSTEMPATH/CodeIgniter.php(457): CodeIgniter\CodeIgniter->runController(Object(App\Controllers\ApiStock))
 5 SYSTEMPATH/CodeIgniter.php(340): CodeIgniter\CodeIgniter->handleRequest(null, Object(Config\Cache), false)
 6 FCPATH/index.php(67): CodeIgniter\CodeIgniter->run()
CRITICAL - 2022-11-01 21:29:43 --> Trying to access array offset on value of type null
in APPPATH/Libraries/Stock/StockMoreInfo.php on line 105.
 1 APPPATH/Libraries/Stock/StockMoreInfo.php(105): CodeIgniter\Debug\Exceptions->errorHandler(2, 'Trying to access array offset on value of type null', 'APPPATH/Libraries/Stock/StockMoreInfo.php', 105)
 2 APPPATH/Controllers/Apistock.php(45): App\Libraries\Stock\StockMoreInfo->addMoreInfo([...])
 3 SYSTEMPATH/CodeIgniter.php(907): App\Controllers\ApiStock->index()
 4 SYSTEMPATH/CodeIgniter.php(457): CodeIgniter\CodeIgniter->runController(Object(App\Controllers\ApiStock))
 5 SYSTEMPATH/CodeIgniter.php(340): CodeIgniter\CodeIgniter->handleRequest(null, Object(Config\Cache), false)
 6 FCPATH/index.php(67): CodeIgniter\CodeIgniter->run()
CRITICAL - 2022-11-01 21:30:01 --> Trying to access array offset on value of type null
in APPPATH/Libraries/Stock/StockMoreInfo.php on line 105.
 1 APPPATH/Libraries/Stock/StockMoreInfo.php(105): CodeIgniter\Debug\Exceptions->errorHandler(2, 'Trying to access array offset on value of type null', 'APPPATH/Libraries/Stock/StockMoreInfo.php', 105)
 2 APPPATH/Controllers/Apistock.php(45): App\Libraries\Stock\StockMoreInfo->addMoreInfo([...])
 3 SYSTEMPATH/CodeIgniter.php(907): App\Controllers\ApiStock->index()
 4 SYSTEMPATH/CodeIgniter.php(457): CodeIgniter\CodeIgniter->runController(Object(App\Controllers\ApiStock))
 5 SYSTEMPATH/CodeIgniter.php(340): CodeIgniter\CodeIgniter->handleRequest(null, Object(Config\Cache), false)
 6 FCPATH/index.php(67): CodeIgniter\CodeIgniter->run()
CRITICAL - 2022-11-01 21:30:10 --> unserialize(): Passing null to parameter #1 ($data) of type string is deprecated
in APPPATH/Libraries/Transaction/Filters/FilterYesterday.php on line 26.
 1 [internal function]: CodeIgniter\Debug\Exceptions->errorHandler(8192, 'unserialize(): Passing null to parameter #1 ($data) of type string is deprecated', 'APPPATH/Libraries/Transaction/Filters/FilterYesterday.php', 26)
 2 APPPATH/Libraries/Transaction/Filters/FilterYesterday.php(26): unserialize(null)
 3 APPPATH/Libraries/Transaction/TransactionFilter.php(30): App\Libraries\Transaction\Filters\FilterYesterday->get('AAA')
 4 APPPATH/Libraries/Transaction/TransactionFilter.php(44): App\Libraries\Transaction\TransactionFilter->filter('AAA')
 5 APPPATH/Libraries/Stock/StockMoreInfo.php(82): App\Libraries\Transaction\TransactionFilter->getTotalVol('AAA')
 6 APPPATH/Controllers/Apistock.php(45): App\Libraries\Stock\StockMoreInfo->addMoreInfo([...])
 7 SYSTEMPATH/CodeIgniter.php(907): App\Controllers\ApiStock->index()
 8 SYSTEMPATH/CodeIgniter.php(457): CodeIgniter\CodeIgniter->runController(Object(App\Controllers\ApiStock))
 9 SYSTEMPATH/CodeIgniter.php(340): CodeIgniter\CodeIgniter->handleRequest(null, Object(Config\Cache), false)
10 FCPATH/index.php(67): CodeIgniter\CodeIgniter->run()
CRITICAL - 2022-11-01 21:30:35 --> unserialize(): Passing null to parameter #1 ($data) of type string is deprecated
in APPPATH/Libraries/Transaction/Filters/FilterYesterday.php on line 26.
 1 [internal function]: CodeIgniter\Debug\Exceptions->errorHandler(8192, 'unserialize(): Passing null to parameter #1 ($data) of type string is deprecated', 'APPPATH/Libraries/Transaction/Filters/FilterYesterday.php', 26)
 2 APPPATH/Libraries/Transaction/Filters/FilterYesterday.php(26): unserialize(null)
 3 APPPATH/Libraries/Transaction/TransactionFilter.php(30): App\Libraries\Transaction\Filters\FilterYesterday->get('AAA')
 4 APPPATH/Libraries/Transaction/TransactionFilter.php(44): App\Libraries\Transaction\TransactionFilter->filter('AAA')
 5 APPPATH/Libraries/Stock/StockMoreInfo.php(82): App\Libraries\Transaction\TransactionFilter->getTotalVol('AAA')
 6 APPPATH/Controllers/Apistock.php(66): App\Libraries\Stock\StockMoreInfo->addMoreInfo([...])
 7 SYSTEMPATH/CodeIgniter.php(907): App\Controllers\ApiStock->countGroup()
 8 SYSTEMPATH/CodeIgniter.php(457): CodeIgniter\CodeIgniter->runController(Object(App\Controllers\ApiStock))
 9 SYSTEMPATH/CodeIgniter.php(340): CodeIgniter\CodeIgniter->handleRequest(null, Object(Config\Cache), false)
10 FCPATH/index.php(67): CodeIgniter\CodeIgniter->run()
CRITICAL - 2022-11-01 21:30:49 --> During inheritance of ArrayAccess: Uncaught ErrorException: Return type of PHPHtmlParser\Dom\Node\Collection::offsetGet($offset) should either be compatible with ArrayAccess::offsetGet(mixed $offset): mixed, or the #[\ReturnTypeWillChange] attribute should be used to temporarily suppress the notice in /Users/luan/Code/codetest/vendor/paquettg/php-html-parser/src/PHPHtmlParser/Dom/Node/Collection.php:133
Stack trace:
#0 /Users/luan/Code/codetest/vendor/paquettg/php-html-parser/src/PHPHtmlParser/Dom/Node/Collection.php(16): CodeIgniter\Debug\Exceptions->errorHandler(8192, 'Return type of ...', '/Users/luan/Cod...', 133)
#1 /Users/luan/Code/codetest/vendor/codeigniter4/framework/system/Autoloader/Autoloader.php(282): include_once('/Users/luan/Cod...')
#2 /Users/luan/Code/codetest/vendor/codeigniter4/framework/system/Autoloader/Autoloader.php(259): CodeIgniter\Autoloader\Autoloader->includeFile('/Users/luan/Cod...')
#3 /Users/luan/Code/codetest/vendor/codeigniter4/framework/system/Autoloader/Autoloader.php(237): CodeIgniter\Autoloader\Autoloader->loadInNamespace('PHPHtmlParser\\D...')
#4 /Users/luan/Code/codetest/vendor/paquettg/php-html-parser/src/PHPHtmlParser/Selector/Selector.php(65): CodeIgniter\Autoloader\Autoloader->loadClass('PHPHtmlParser\\D...')
#5 /Users/luan/Code/codetest/vendor/paquettg/php-html-parser/src/PHPHtmlParser/Dom/Node/AbstractNode.php(437): PHPHtmlParser\Selector\Selector->find(Object(PHPHtmlParser\Dom\Node\HtmlNode))
#6 /Users/luan/Code/codetest/vendor/paquettg/php-html-parser/src/PHPHtmlParser/Dom/Parser.php(121): PHPHtmlParser\Dom\Node\AbstractNode->find('meta[http-equiv...', 0)
#7 /Users/luan/Code/codetest/vendor/paquettg/php-html-parser/src/PHPHtmlParser/Dom.php(160): PHPHtmlParser\Dom\Parser->detectCharset(Object(PHPHtmlParser\Options), 'UTF-8', Object(PHPHtmlParser\Dom\Node\HtmlNode))
#8 /Users/luan/Code/codetest/app/Services/HistoryTransaction/AbstractRequest.php(48): PHPHtmlParser\Dom->loadStr('\r\n<!DOCTYPE htm...')
#9 /Users/luan/Code/codetest/app/Commands/RawHistory.php(44): App\Services\HistoryTransaction\AbstractRequest->request(Array)
#10 /Users/luan/Code/codetest/vendor/codeigniter4/framework/system/CLI/Commands.php(63): App\Commands\RawHistory->run(Array)
#11 /Users/luan/Code/codetest/vendor/codeigniter4/framework/system/CLI/CommandRunner.php(65): CodeIgniter\CLI\Commands->run('rawhistory', Array)
#12 /Users/luan/Code/codetest/vendor/codeigniter4/framework/system/CLI/CommandRunner.php(51): CodeIgniter\CLI\CommandRunner->index(Array)
#13 /Users/luan/Code/codetest/vendor/codeigniter4/framework/system/CodeIgniter.php(900): CodeIgniter\CLI\CommandRunner->_remap('index', Array)
#14 /Users/luan/Code/codetest/vendor/codeigniter4/framework/system/CodeIgniter.php(457): CodeIgniter\CodeIgniter->runController(Object(CodeIgniter\CLI\CommandRunner))
#15 /Users/luan/Code/codetest/vendor/codeigniter4/framework/system/CodeIgniter.php(336): CodeIgniter\CodeIgniter->handleRequest(NULL, Object(Config\Cache), false)
#16 /Users/luan/Code/codetest/vendor/codeigniter4/framework/system/CLI/Console.php(48): CodeIgniter\CodeIgniter->run()
#17 /Users/luan/Code/codetest/spark(98): CodeIgniter\CLI\Console->run()
#18 {main}
in VENDORPATH/paquettg/php-html-parser/src/PHPHtmlParser/Dom/Node/Collection.php on line 16.
 1 [internal function]: CodeIgniter\Debug\Exceptions->shutdownHandler()
CRITICAL - 2022-11-01 21:31:00 --> Trying to access array offset on value of type null
in APPPATH/Libraries/Stock/StockMoreInfo.php on line 105.
 1 APPPATH/Libraries/Stock/StockMoreInfo.php(105): CodeIgniter\Debug\Exceptions->errorHandler(2, 'Trying to access array offset on value of type null', 'APPPATH/Libraries/Stock/StockMoreInfo.php', 105)
 2 APPPATH/Controllers/Apistock.php(45): App\Libraries\Stock\StockMoreInfo->addMoreInfo([...])
 3 SYSTEMPATH/CodeIgniter.php(907): App\Controllers\ApiStock->index()
 4 SYSTEMPATH/CodeIgniter.php(457): CodeIgniter\CodeIgniter->runController(Object(App\Controllers\ApiStock))
 5 SYSTEMPATH/CodeIgniter.php(340): CodeIgniter\CodeIgniter->handleRequest(null, Object(Config\Cache), false)
 6 FCPATH/index.php(67): CodeIgniter\CodeIgniter->run()
CRITICAL - 2022-11-01 21:31:03 --> Trying to access array offset on value of type null
in APPPATH/Libraries/Stock/StockMoreInfo.php on line 105.
 1 APPPATH/Libraries/Stock/StockMoreInfo.php(105): CodeIgniter\Debug\Exceptions->errorHandler(2, 'Trying to access array offset on value of type null', 'APPPATH/Libraries/Stock/StockMoreInfo.php', 105)
 2 APPPATH/Controllers/Apistock.php(66): App\Libraries\Stock\StockMoreInfo->addMoreInfo([...])
 3 SYSTEMPATH/CodeIgniter.php(907): App\Controllers\ApiStock->countGroup()
 4 SYSTEMPATH/CodeIgniter.php(457): CodeIgniter\CodeIgniter->runController(Object(App\Controllers\ApiStock))
 5 SYSTEMPATH/CodeIgniter.php(340): CodeIgniter\CodeIgniter->handleRequest(null, Object(Config\Cache), false)
 6 FCPATH/index.php(67): CodeIgniter\CodeIgniter->run()
CRITICAL - 2022-11-01 21:31:03 --> Trying to access array offset on value of type null
in APPPATH/Libraries/Stock/StockMoreInfo.php on line 105.
 1 APPPATH/Libraries/Stock/StockMoreInfo.php(105): CodeIgniter\Debug\Exceptions->errorHandler(2, 'Trying to access array offset on value of type null', 'APPPATH/Libraries/Stock/StockMoreInfo.php', 105)
 2 APPPATH/Controllers/Apistock.php(45): App\Libraries\Stock\StockMoreInfo->addMoreInfo([...])
 3 SYSTEMPATH/CodeIgniter.php(907): App\Controllers\ApiStock->index()
 4 SYSTEMPATH/CodeIgniter.php(457): CodeIgniter\CodeIgniter->runController(Object(App\Controllers\ApiStock))
 5 SYSTEMPATH/CodeIgniter.php(340): CodeIgniter\CodeIgniter->handleRequest(null, Object(Config\Cache), false)
 6 FCPATH/index.php(67): CodeIgniter\CodeIgniter->run()
CRITICAL - 2022-11-01 21:31:18 --> Trying to access array offset on value of type null
in APPPATH/Libraries/Stock/StockMoreInfo.php on line 105.
 1 APPPATH/Libraries/Stock/StockMoreInfo.php(105): CodeIgniter\Debug\Exceptions->errorHandler(2, 'Trying to access array offset on value of type null', 'APPPATH/Libraries/Stock/StockMoreInfo.php', 105)
 2 APPPATH/Controllers/Apistock.php(66): App\Libraries\Stock\StockMoreInfo->addMoreInfo([...])
 3 SYSTEMPATH/CodeIgniter.php(907): App\Controllers\ApiStock->countGroup()
 4 SYSTEMPATH/CodeIgniter.php(457): CodeIgniter\CodeIgniter->runController(Object(App\Controllers\ApiStock))
 5 SYSTEMPATH/CodeIgniter.php(340): CodeIgniter\CodeIgniter->handleRequest(null, Object(Config\Cache), false)
 6 FCPATH/index.php(67): CodeIgniter\CodeIgniter->run()
CRITICAL - 2022-11-01 21:31:19 --> Trying to access array offset on value of type null
in APPPATH/Libraries/Stock/StockMoreInfo.php on line 105.
 1 APPPATH/Libraries/Stock/StockMoreInfo.php(105): CodeIgniter\Debug\Exceptions->errorHandler(2, 'Trying to access array offset on value of type null', 'APPPATH/Libraries/Stock/StockMoreInfo.php', 105)
 2 APPPATH/Controllers/Apistock.php(45): App\Libraries\Stock\StockMoreInfo->addMoreInfo([...])
 3 SYSTEMPATH/CodeIgniter.php(907): App\Controllers\ApiStock->index()
 4 SYSTEMPATH/CodeIgniter.php(457): CodeIgniter\CodeIgniter->runController(Object(App\Controllers\ApiStock))
 5 SYSTEMPATH/CodeIgniter.php(340): CodeIgniter\CodeIgniter->handleRequest(null, Object(Config\Cache), false)
 6 FCPATH/index.php(67): CodeIgniter\CodeIgniter->run()
CRITICAL - 2022-11-01 21:31:21 --> Trying to access array offset on value of type null
in APPPATH/Libraries/Stock/StockMoreInfo.php on line 105.
 1 APPPATH/Libraries/Stock/StockMoreInfo.php(105): CodeIgniter\Debug\Exceptions->errorHandler(2, 'Trying to access array offset on value of type null', 'APPPATH/Libraries/Stock/StockMoreInfo.php', 105)
 2 APPPATH/Controllers/Apistock.php(45): App\Libraries\Stock\StockMoreInfo->addMoreInfo([...])
 3 SYSTEMPATH/CodeIgniter.php(907): App\Controllers\ApiStock->index()
 4 SYSTEMPATH/CodeIgniter.php(457): CodeIgniter\CodeIgniter->runController(Object(App\Controllers\ApiStock))
 5 SYSTEMPATH/CodeIgniter.php(340): CodeIgniter\CodeIgniter->handleRequest(null, Object(Config\Cache), false)
 6 FCPATH/index.php(67): CodeIgniter\CodeIgniter->run()
CRITICAL - 2022-11-01 21:32:17 --> Trying to access array offset on value of type null
in APPPATH/Libraries/Stock/StockMoreInfo.php on line 106.
 1 APPPATH/Libraries/Stock/StockMoreInfo.php(106): CodeIgniter\Debug\Exceptions->errorHandler(2, 'Trying to access array offset on value of type null', 'APPPATH/Libraries/Stock/StockMoreInfo.php', 106)
 2 APPPATH/Controllers/Apistock.php(66): App\Libraries\Stock\StockMoreInfo->addMoreInfo([...])
 3 SYSTEMPATH/CodeIgniter.php(907): App\Controllers\ApiStock->countGroup()
 4 SYSTEMPATH/CodeIgniter.php(457): CodeIgniter\CodeIgniter->runController(Object(App\Controllers\ApiStock))
 5 SYSTEMPATH/CodeIgniter.php(340): CodeIgniter\CodeIgniter->handleRequest(null, Object(Config\Cache), false)
 6 FCPATH/index.php(67): CodeIgniter\CodeIgniter->run()
CRITICAL - 2022-11-01 21:32:27 --> Trying to access array offset on value of type null
in APPPATH/Libraries/Stock/StockMoreInfo.php on line 106.
 1 APPPATH/Libraries/Stock/StockMoreInfo.php(106): CodeIgniter\Debug\Exceptions->errorHandler(2, 'Trying to access array offset on value of type null', 'APPPATH/Libraries/Stock/StockMoreInfo.php', 106)
 2 APPPATH/Controllers/Apistock.php(45): App\Libraries\Stock\StockMoreInfo->addMoreInfo([...])
 3 SYSTEMPATH/CodeIgniter.php(907): App\Controllers\ApiStock->index()
 4 SYSTEMPATH/CodeIgniter.php(457): CodeIgniter\CodeIgniter->runController(Object(App\Controllers\ApiStock))
 5 SYSTEMPATH/CodeIgniter.php(340): CodeIgniter\CodeIgniter->handleRequest(null, Object(Config\Cache), false)
 6 FCPATH/index.php(67): CodeIgniter\CodeIgniter->run()
