CRITICAL - 2022-10-02 17:23:06 --> Trying to access array offset on value of type null
in APPPATH/Libraries/Stock/StockMoreInfo.php on line 105.
 1 APPPATH/Libraries/Stock/StockMoreInfo.php(105): CodeIgniter\Debug\Exceptions->errorHandler(2, 'Trying to access array offset on value of type null', 'APPPATH/Libraries/Stock/StockMoreInfo.php', 105)
 2 APPPATH/Controllers/Apistock.php(66): App\Libraries\Stock\StockMoreInfo->addMoreInfo([...])
 3 SYSTEMPATH/CodeIgniter.php(907): App\Controllers\ApiStock->countGroup()
 4 SYSTEMPATH/CodeIgniter.php(457): CodeIgniter\CodeIgniter->runController(Object(App\Controllers\ApiStock))
 5 SYSTEMPATH/CodeIgniter.php(340): CodeIgniter\CodeIgniter->handleRequest(null, Object(Config\Cache), false)
 6 FCPATH/index.php(67): CodeIgniter\CodeIgniter->run()
CRITICAL - 2022-10-02 17:23:06 --> Trying to access array offset on value of type null
in APPPATH/Libraries/Stock/StockMoreInfo.php on line 105.
 1 APPPATH/Libraries/Stock/StockMoreInfo.php(105): CodeIgniter\Debug\Exceptions->errorHandler(2, 'Trying to access array offset on value of type null', 'APPPATH/Libraries/Stock/StockMoreInfo.php', 105)
 2 APPPATH/Controllers/Apistock.php(45): App\Libraries\Stock\StockMoreInfo->addMoreInfo([...])
 3 SYSTEMPATH/CodeIgniter.php(907): App\Controllers\ApiStock->index()
 4 SYSTEMPATH/CodeIgniter.php(457): CodeIgniter\CodeIgniter->runController(Object(App\Controllers\ApiStock))
 5 SYSTEMPATH/CodeIgniter.php(340): CodeIgniter\CodeIgniter->handleRequest(null, Object(Config\Cache), false)
 6 FCPATH/index.php(67): CodeIgniter\CodeIgniter->run()
CRITICAL - 2022-10-02 17:23:14 --> Trying to access array offset on value of type null
in APPPATH/Libraries/Stock/StockMoreInfo.php on line 105.
 1 APPPATH/Libraries/Stock/StockMoreInfo.php(105): CodeIgniter\Debug\Exceptions->errorHandler(2, 'Trying to access array offset on value of type null', 'APPPATH/Libraries/Stock/StockMoreInfo.php', 105)
 2 APPPATH/Controllers/Apistock.php(45): App\Libraries\Stock\StockMoreInfo->addMoreInfo([...])
 3 SYSTEMPATH/CodeIgniter.php(907): App\Controllers\ApiStock->index()
 4 SYSTEMPATH/CodeIgniter.php(457): CodeIgniter\CodeIgniter->runController(Object(App\Controllers\ApiStock))
 5 SYSTEMPATH/CodeIgniter.php(340): CodeIgniter\CodeIgniter->handleRequest(null, Object(Config\Cache), false)
 6 FCPATH/index.php(67): CodeIgniter\CodeIgniter->run()
CRITICAL - 2022-10-02 17:23:16 --> Trying to access array offset on value of type null
in APPPATH/Libraries/Stock/StockMoreInfo.php on line 105.
 1 APPPATH/Libraries/Stock/StockMoreInfo.php(105): CodeIgniter\Debug\Exceptions->errorHandler(2, 'Trying to access array offset on value of type null', 'APPPATH/Libraries/Stock/StockMoreInfo.php', 105)
 2 APPPATH/Controllers/Apistock.php(66): App\Libraries\Stock\StockMoreInfo->addMoreInfo([...])
 3 SYSTEMPATH/CodeIgniter.php(907): App\Controllers\ApiStock->countGroup()
 4 SYSTEMPATH/CodeIgniter.php(457): CodeIgniter\CodeIgniter->runController(Object(App\Controllers\ApiStock))
 5 SYSTEMPATH/CodeIgniter.php(340): CodeIgniter\CodeIgniter->handleRequest(null, Object(Config\Cache), false)
 6 FCPATH/index.php(67): CodeIgniter\CodeIgniter->run()
CRITICAL - 2022-10-02 17:23:24 --> Trying to access array offset on value of type null
in APPPATH/Libraries/Stock/StockMoreInfo.php on line 105.
 1 APPPATH/Libraries/Stock/StockMoreInfo.php(105): CodeIgniter\Debug\Exceptions->errorHandler(2, 'Trying to access array offset on value of type null', 'APPPATH/Libraries/Stock/StockMoreInfo.php', 105)
 2 APPPATH/Controllers/Apistock.php(45): App\Libraries\Stock\StockMoreInfo->addMoreInfo([...])
 3 SYSTEMPATH/CodeIgniter.php(907): App\Controllers\ApiStock->index()
 4 SYSTEMPATH/CodeIgniter.php(457): CodeIgniter\CodeIgniter->runController(Object(App\Controllers\ApiStock))
 5 SYSTEMPATH/CodeIgniter.php(340): CodeIgniter\CodeIgniter->handleRequest(null, Object(Config\Cache), false)
 6 FCPATH/index.php(67): CodeIgniter\CodeIgniter->run()
CRITICAL - 2022-10-02 17:24:16 --> Trying to access array offset on value of type null
in APPPATH/Libraries/Stock/StockMoreInfo.php on line 105.
 1 APPPATH/Libraries/Stock/StockMoreInfo.php(105): CodeIgniter\Debug\Exceptions->errorHandler(2, 'Trying to access array offset on value of type null', 'APPPATH/Libraries/Stock/StockMoreInfo.php', 105)
 2 APPPATH/Controllers/Apistock.php(66): App\Libraries\Stock\StockMoreInfo->addMoreInfo([...])
 3 SYSTEMPATH/CodeIgniter.php(907): App\Controllers\ApiStock->countGroup()
 4 SYSTEMPATH/CodeIgniter.php(457): CodeIgniter\CodeIgniter->runController(Object(App\Controllers\ApiStock))
 5 SYSTEMPATH/CodeIgniter.php(340): CodeIgniter\CodeIgniter->handleRequest(null, Object(Config\Cache), false)
 6 FCPATH/index.php(67): CodeIgniter\CodeIgniter->run()
CRITICAL - 2022-10-02 17:25:19 --> Trying to access array offset on value of type null
in APPPATH/Libraries/Stock/StockMoreInfo.php on line 105.
 1 APPPATH/Libraries/Stock/StockMoreInfo.php(105): CodeIgniter\Debug\Exceptions->errorHandler(2, 'Trying to access array offset on value of type null', 'APPPATH/Libraries/Stock/StockMoreInfo.php', 105)
 2 APPPATH/Controllers/Apistock.php(66): App\Libraries\Stock\StockMoreInfo->addMoreInfo([...])
 3 SYSTEMPATH/CodeIgniter.php(907): App\Controllers\ApiStock->countGroup()
 4 SYSTEMPATH/CodeIgniter.php(457): CodeIgniter\CodeIgniter->runController(Object(App\Controllers\ApiStock))
 5 SYSTEMPATH/CodeIgniter.php(340): CodeIgniter\CodeIgniter->handleRequest(null, Object(Config\Cache), false)
 6 FCPATH/index.php(67): CodeIgniter\CodeIgniter->run()
CRITICAL - 2022-10-02 17:26:40 --> Trying to access array offset on value of type null
in APPPATH/Libraries/Stock/StockMoreInfo.php on line 105.
 1 APPPATH/Libraries/Stock/StockMoreInfo.php(105): CodeIgniter\Debug\Exceptions->errorHandler(2, 'Trying to access array offset on value of type null', 'APPPATH/Libraries/Stock/StockMoreInfo.php', 105)
 2 APPPATH/Controllers/Apistock.php(66): App\Libraries\Stock\StockMoreInfo->addMoreInfo([...])
 3 SYSTEMPATH/CodeIgniter.php(907): App\Controllers\ApiStock->countGroup()
 4 SYSTEMPATH/CodeIgniter.php(457): CodeIgniter\CodeIgniter->runController(Object(App\Controllers\ApiStock))
 5 SYSTEMPATH/CodeIgniter.php(340): CodeIgniter\CodeIgniter->handleRequest(null, Object(Config\Cache), false)
 6 FCPATH/index.php(67): CodeIgniter\CodeIgniter->run()
CRITICAL - 2022-10-02 17:27:16 --> Trying to access array offset on value of type null
in APPPATH/Libraries/Stock/StockMoreInfo.php on line 105.
 1 APPPATH/Libraries/Stock/StockMoreInfo.php(105): CodeIgniter\Debug\Exceptions->errorHandler(2, 'Trying to access array offset on value of type null', 'APPPATH/Libraries/Stock/StockMoreInfo.php', 105)
 2 APPPATH/Controllers/Apistock.php(66): App\Libraries\Stock\StockMoreInfo->addMoreInfo([...])
 3 SYSTEMPATH/CodeIgniter.php(907): App\Controllers\ApiStock->countGroup()
 4 SYSTEMPATH/CodeIgniter.php(457): CodeIgniter\CodeIgniter->runController(Object(App\Controllers\ApiStock))
 5 SYSTEMPATH/CodeIgniter.php(340): CodeIgniter\CodeIgniter->handleRequest(null, Object(Config\Cache), false)
 6 FCPATH/index.php(67): CodeIgniter\CodeIgniter->run()
CRITICAL - 2022-10-02 17:28:16 --> Trying to access array offset on value of type null
in APPPATH/Libraries/Stock/StockMoreInfo.php on line 105.
 1 APPPATH/Libraries/Stock/StockMoreInfo.php(105): CodeIgniter\Debug\Exceptions->errorHandler(2, 'Trying to access array offset on value of type null', 'APPPATH/Libraries/Stock/StockMoreInfo.php', 105)
 2 APPPATH/Controllers/Apistock.php(66): App\Libraries\Stock\StockMoreInfo->addMoreInfo([...])
 3 SYSTEMPATH/CodeIgniter.php(907): App\Controllers\ApiStock->countGroup()
 4 SYSTEMPATH/CodeIgniter.php(457): CodeIgniter\CodeIgniter->runController(Object(App\Controllers\ApiStock))
 5 SYSTEMPATH/CodeIgniter.php(340): CodeIgniter\CodeIgniter->handleRequest(null, Object(Config\Cache), false)
 6 FCPATH/index.php(67): CodeIgniter\CodeIgniter->run()
CRITICAL - 2022-10-02 17:28:31 --> Trying to access array offset on value of type null
in APPPATH/Libraries/Stock/StockMoreInfo.php on line 105.
 1 APPPATH/Libraries/Stock/StockMoreInfo.php(105): CodeIgniter\Debug\Exceptions->errorHandler(2, 'Trying to access array offset on value of type null', 'APPPATH/Libraries/Stock/StockMoreInfo.php', 105)
 2 APPPATH/Controllers/Apistock.php(45): App\Libraries\Stock\StockMoreInfo->addMoreInfo([...])
 3 SYSTEMPATH/CodeIgniter.php(907): App\Controllers\ApiStock->index()
 4 SYSTEMPATH/CodeIgniter.php(457): CodeIgniter\CodeIgniter->runController(Object(App\Controllers\ApiStock))
 5 SYSTEMPATH/CodeIgniter.php(340): CodeIgniter\CodeIgniter->handleRequest(null, Object(Config\Cache), false)
 6 FCPATH/index.php(67): CodeIgniter\CodeIgniter->run()
CRITICAL - 2022-10-02 17:28:32 --> Trying to access array offset on value of type null
in APPPATH/Libraries/Stock/StockMoreInfo.php on line 105.
 1 APPPATH/Libraries/Stock/StockMoreInfo.php(105): CodeIgniter\Debug\Exceptions->errorHandler(2, 'Trying to access array offset on value of type null', 'APPPATH/Libraries/Stock/StockMoreInfo.php', 105)
 2 APPPATH/Controllers/Apistock.php(66): App\Libraries\Stock\StockMoreInfo->addMoreInfo([...])
 3 SYSTEMPATH/CodeIgniter.php(907): App\Controllers\ApiStock->countGroup()
 4 SYSTEMPATH/CodeIgniter.php(457): CodeIgniter\CodeIgniter->runController(Object(App\Controllers\ApiStock))
 5 SYSTEMPATH/CodeIgniter.php(340): CodeIgniter\CodeIgniter->handleRequest(null, Object(Config\Cache), false)
 6 FCPATH/index.php(67): CodeIgniter\CodeIgniter->run()
CRITICAL - 2022-10-02 17:29:34 --> Trying to access array offset on value of type null
in APPPATH/Libraries/Stock/StockMoreInfo.php on line 105.
 1 APPPATH/Libraries/Stock/StockMoreInfo.php(105): CodeIgniter\Debug\Exceptions->errorHandler(2, 'Trying to access array offset on value of type null', 'APPPATH/Libraries/Stock/StockMoreInfo.php', 105)
 2 APPPATH/Controllers/Apistock.php(66): App\Libraries\Stock\StockMoreInfo->addMoreInfo([...])
 3 SYSTEMPATH/CodeIgniter.php(907): App\Controllers\ApiStock->countGroup()
 4 SYSTEMPATH/CodeIgniter.php(457): CodeIgniter\CodeIgniter->runController(Object(App\Controllers\ApiStock))
 5 SYSTEMPATH/CodeIgniter.php(340): CodeIgniter\CodeIgniter->handleRequest(null, Object(Config\Cache), false)
 6 FCPATH/index.php(67): CodeIgniter\CodeIgniter->run()
CRITICAL - 2022-10-02 17:30:53 --> Trying to access array offset on value of type null
in APPPATH/Libraries/Stock/StockMoreInfo.php on line 105.
 1 APPPATH/Libraries/Stock/StockMoreInfo.php(105): CodeIgniter\Debug\Exceptions->errorHandler(2, 'Trying to access array offset on value of type null', 'APPPATH/Libraries/Stock/StockMoreInfo.php', 105)
 2 APPPATH/Controllers/Apistock.php(66): App\Libraries\Stock\StockMoreInfo->addMoreInfo([...])
 3 SYSTEMPATH/CodeIgniter.php(907): App\Controllers\ApiStock->countGroup()
 4 SYSTEMPATH/CodeIgniter.php(457): CodeIgniter\CodeIgniter->runController(Object(App\Controllers\ApiStock))
 5 SYSTEMPATH/CodeIgniter.php(340): CodeIgniter\CodeIgniter->handleRequest(null, Object(Config\Cache), false)
 6 FCPATH/index.php(67): CodeIgniter\CodeIgniter->run()
CRITICAL - 2022-10-02 17:31:39 --> Trying to access array offset on value of type null
in APPPATH/Libraries/Stock/StockMoreInfo.php on line 105.
 1 APPPATH/Libraries/Stock/StockMoreInfo.php(105): CodeIgniter\Debug\Exceptions->errorHandler(2, 'Trying to access array offset on value of type null', 'APPPATH/Libraries/Stock/StockMoreInfo.php', 105)
 2 APPPATH/Controllers/Apistock.php(66): App\Libraries\Stock\StockMoreInfo->addMoreInfo([...])
 3 SYSTEMPATH/CodeIgniter.php(907): App\Controllers\ApiStock->countGroup()
 4 SYSTEMPATH/CodeIgniter.php(457): CodeIgniter\CodeIgniter->runController(Object(App\Controllers\ApiStock))
 5 SYSTEMPATH/CodeIgniter.php(340): CodeIgniter\CodeIgniter->handleRequest(null, Object(Config\Cache), false)
 6 FCPATH/index.php(67): CodeIgniter\CodeIgniter->run()
CRITICAL - 2022-10-02 17:32:46 --> Trying to access array offset on value of type null
in APPPATH/Libraries/Stock/StockMoreInfo.php on line 105.
 1 APPPATH/Libraries/Stock/StockMoreInfo.php(105): CodeIgniter\Debug\Exceptions->errorHandler(2, 'Trying to access array offset on value of type null', 'APPPATH/Libraries/Stock/StockMoreInfo.php', 105)
 2 APPPATH/Controllers/Apistock.php(66): App\Libraries\Stock\StockMoreInfo->addMoreInfo([...])
 3 SYSTEMPATH/CodeIgniter.php(907): App\Controllers\ApiStock->countGroup()
 4 SYSTEMPATH/CodeIgniter.php(457): CodeIgniter\CodeIgniter->runController(Object(App\Controllers\ApiStock))
 5 SYSTEMPATH/CodeIgniter.php(340): CodeIgniter\CodeIgniter->handleRequest(null, Object(Config\Cache), false)
 6 FCPATH/index.php(67): CodeIgniter\CodeIgniter->run()
CRITICAL - 2022-10-02 17:33:32 --> Trying to access array offset on value of type null
in APPPATH/Libraries/Stock/StockMoreInfo.php on line 105.
 1 APPPATH/Libraries/Stock/StockMoreInfo.php(105): CodeIgniter\Debug\Exceptions->errorHandler(2, 'Trying to access array offset on value of type null', 'APPPATH/Libraries/Stock/StockMoreInfo.php', 105)
 2 APPPATH/Controllers/Apistock.php(66): App\Libraries\Stock\StockMoreInfo->addMoreInfo([...])
 3 SYSTEMPATH/CodeIgniter.php(907): App\Controllers\ApiStock->countGroup()
 4 SYSTEMPATH/CodeIgniter.php(457): CodeIgniter\CodeIgniter->runController(Object(App\Controllers\ApiStock))
 5 SYSTEMPATH/CodeIgniter.php(340): CodeIgniter\CodeIgniter->handleRequest(null, Object(Config\Cache), false)
 6 FCPATH/index.php(67): CodeIgniter\CodeIgniter->run()
CRITICAL - 2022-10-02 17:34:48 --> Trying to access array offset on value of type null
in APPPATH/Libraries/Stock/StockMoreInfo.php on line 105.
 1 APPPATH/Libraries/Stock/StockMoreInfo.php(105): CodeIgniter\Debug\Exceptions->errorHandler(2, 'Trying to access array offset on value of type null', 'APPPATH/Libraries/Stock/StockMoreInfo.php', 105)
 2 APPPATH/Controllers/Apistock.php(66): App\Libraries\Stock\StockMoreInfo->addMoreInfo([...])
 3 SYSTEMPATH/CodeIgniter.php(907): App\Controllers\ApiStock->countGroup()
 4 SYSTEMPATH/CodeIgniter.php(457): CodeIgniter\CodeIgniter->runController(Object(App\Controllers\ApiStock))
 5 SYSTEMPATH/CodeIgniter.php(340): CodeIgniter\CodeIgniter->handleRequest(null, Object(Config\Cache), false)
 6 FCPATH/index.php(67): CodeIgniter\CodeIgniter->run()
CRITICAL - 2022-10-02 17:35:57 --> Trying to access array offset on value of type null
in APPPATH/Libraries/Stock/StockMoreInfo.php on line 105.
 1 APPPATH/Libraries/Stock/StockMoreInfo.php(105): CodeIgniter\Debug\Exceptions->errorHandler(2, 'Trying to access array offset on value of type null', 'APPPATH/Libraries/Stock/StockMoreInfo.php', 105)
 2 APPPATH/Controllers/Apistock.php(66): App\Libraries\Stock\StockMoreInfo->addMoreInfo([...])
 3 SYSTEMPATH/CodeIgniter.php(907): App\Controllers\ApiStock->countGroup()
 4 SYSTEMPATH/CodeIgniter.php(457): CodeIgniter\CodeIgniter->runController(Object(App\Controllers\ApiStock))
 5 SYSTEMPATH/CodeIgniter.php(340): CodeIgniter\CodeIgniter->handleRequest(null, Object(Config\Cache), false)
 6 FCPATH/index.php(67): CodeIgniter\CodeIgniter->run()
