CRITICAL - 2022-11-17 20:34:55 --> file_get_contents(): Filename cannot be empty
in APPPATH/Controllers/ApiStock.php on line 105.
 1 [internal function]: CodeIgniter\Debug\Exceptions->errorHandler(2, 'file_get_contents(): Filename cannot be empty', 'APPPATH/Controllers/ApiStock.php', 105, [...])
 2 APPPATH/Controllers/ApiStock.php(105): file_get_contents('ROOTPATH/public')
 3 APPPATH/Controllers/ApiStock.php(44): App\Controllers\ApiStock->getLastStocks()
 4 SYSTEMPATH/CodeIgniter.php(907): App\Controllers\ApiStock->index()
 5 SYSTEMPATH/CodeIgniter.php(457): CodeIgniter\CodeIgniter->runController(Object(App\Controllers\ApiStock))
 6 SYSTEMPATH/CodeIgniter.php(340): CodeIgniter\CodeIgniter->handleRequest(null, Object(Config\Cache), false)
 7 FCPATH/index.php(67): CodeIgniter\CodeIgniter->run()
CRITICAL - 2022-11-17 20:34:55 --> file_get_contents(): Filename cannot be empty
in APPPATH/Controllers/ApiStock.php on line 105.
 1 [internal function]: CodeIgniter\Debug\Exceptions->errorHandler(2, 'file_get_contents(): Filename cannot be empty', 'APPPATH/Controllers/ApiStock.php', 105, [...])
 2 APPPATH/Controllers/ApiStock.php(105): file_get_contents('ROOTPATH/public')
 3 APPPATH/Controllers/ApiStock.php(65): App\Controllers\ApiStock->getLastStocks()
 4 SYSTEMPATH/CodeIgniter.php(907): App\Controllers\ApiStock->countGroup()
 5 SYSTEMPATH/CodeIgniter.php(457): CodeIgniter\CodeIgniter->runController(Object(App\Controllers\ApiStock))
 6 SYSTEMPATH/CodeIgniter.php(340): CodeIgniter\CodeIgniter->handleRequest(null, Object(Config\Cache), false)
 7 FCPATH/index.php(67): CodeIgniter\CodeIgniter->run()
CRITICAL - 2022-11-17 20:54:18 --> file_get_contents(): Filename cannot be empty
in APPPATH/Controllers/HistoryReport.php on line 51.
 1 [internal function]: CodeIgniter\Debug\Exceptions->errorHandler(2, 'file_get_contents(): Filename cannot be empty', 'APPPATH/Controllers/HistoryReport.php', 51, [...])
 2 APPPATH/Controllers/HistoryReport.php(51): file_get_contents('ROOTPATH/public')
 3 SYSTEMPATH/CodeIgniter.php(907): App\Controllers\HistoryReport->stocks()
 4 SYSTEMPATH/CodeIgniter.php(457): CodeIgniter\CodeIgniter->runController(Object(App\Controllers\HistoryReport))
 5 SYSTEMPATH/CodeIgniter.php(340): CodeIgniter\CodeIgniter->handleRequest(null, Object(Config\Cache), false)
 6 FCPATH/index.php(67): CodeIgniter\CodeIgniter->run()
CRITICAL - 2022-11-17 20:56:55 --> file_get_contents(): Filename cannot be empty
in APPPATH/Controllers/HistoryReport.php on line 52.
 1 [internal function]: CodeIgniter\Debug\Exceptions->errorHandler(2, 'file_get_contents(): Filename cannot be empty', 'APPPATH/Controllers/HistoryReport.php', 52, [...])
 2 APPPATH/Controllers/HistoryReport.php(52): file_get_contents('ROOTPATH/public')
 3 SYSTEMPATH/CodeIgniter.php(907): App\Controllers\HistoryReport->stocks()
 4 SYSTEMPATH/CodeIgniter.php(457): CodeIgniter\CodeIgniter->runController(Object(App\Controllers\HistoryReport))
 5 SYSTEMPATH/CodeIgniter.php(340): CodeIgniter\CodeIgniter->handleRequest(null, Object(Config\Cache), false)
 6 FCPATH/index.php(67): CodeIgniter\CodeIgniter->run()
CRITICAL - 2022-11-17 20:57:10 --> file_get_contents(): Filename cannot be empty
in APPPATH/Controllers/HistoryReport.php on line 53.
 1 [internal function]: CodeIgniter\Debug\Exceptions->errorHandler(2, 'file_get_contents(): Filename cannot be empty', 'APPPATH/Controllers/HistoryReport.php', 53, [...])
 2 APPPATH/Controllers/HistoryReport.php(53): file_get_contents('ROOTPATH/public')
 3 SYSTEMPATH/CodeIgniter.php(907): App\Controllers\HistoryReport->stocks()
 4 SYSTEMPATH/CodeIgniter.php(457): CodeIgniter\CodeIgniter->runController(Object(App\Controllers\HistoryReport))
 5 SYSTEMPATH/CodeIgniter.php(340): CodeIgniter\CodeIgniter->handleRequest(null, Object(Config\Cache), false)
 6 FCPATH/index.php(67): CodeIgniter\CodeIgniter->run()
