CRITICAL - 2023-02-14 19:55:11 --> file_get_contents(): Filename cannot be empty
in APPPATH/Controllers/ApiStock.php on line 105.
 1 [internal function]: CodeIgniter\Debug\Exceptions->errorHandler(2, 'file_get_contents(): Filename cannot be empty', 'APPPATH/Controllers/ApiStock.php', 105, [...])
 2 APPPATH/Controllers/ApiStock.php(105): file_get_contents('ROOTPATH/public')
 3 APPPATH/Controllers/ApiStock.php(65): App\Controllers\ApiStock->getLastStocks()
 4 SYSTEMPATH/CodeIgniter.php(907): App\Controllers\ApiStock->countGroup()
 5 SYSTEMPATH/CodeIgniter.php(457): CodeIgniter\CodeIgniter->runController(Object(App\Controllers\ApiStock))
 6 SYSTEMPATH/CodeIgniter.php(340): CodeIgniter\CodeIgniter->handleRequest(null, Object(Config\Cache), false)
 7 FCPATH/index.php(67): CodeIgniter\CodeIgniter->run()
CRITICAL - 2023-02-14 19:55:11 --> file_get_contents(): Filename cannot be empty
in APPPATH/Controllers/ApiStock.php on line 105.
 1 [internal function]: CodeIgniter\Debug\Exceptions->errorHandler(2, 'file_get_contents(): Filename cannot be empty', 'APPPATH/Controllers/ApiStock.php', 105, [...])
 2 APPPATH/Controllers/ApiStock.php(105): file_get_contents('ROOTPATH/public')
 3 APPPATH/Controllers/ApiStock.php(44): App\Controllers\ApiStock->getLastStocks()
 4 SYSTEMPATH/CodeIgniter.php(907): App\Controllers\ApiStock->index()
 5 SYSTEMPATH/CodeIgniter.php(457): CodeIgniter\CodeIgniter->runController(Object(App\Controllers\ApiStock))
 6 SYSTEMPATH/CodeIgniter.php(340): CodeIgniter\CodeIgniter->handleRequest(null, Object(Config\Cache), false)
 7 FCPATH/index.php(67): CodeIgniter\CodeIgniter->run()
CRITICAL - 2023-02-14 19:55:21 --> file_get_contents(): Filename cannot be empty
in APPPATH/Controllers/ApiStock.php on line 105.
 1 [internal function]: CodeIgniter\Debug\Exceptions->errorHandler(2, 'file_get_contents(): Filename cannot be empty', 'APPPATH/Controllers/ApiStock.php', 105, [...])
 2 APPPATH/Controllers/ApiStock.php(105): file_get_contents('ROOTPATH/public')
 3 APPPATH/Controllers/ApiStock.php(65): App\Controllers\ApiStock->getLastStocks()
 4 SYSTEMPATH/CodeIgniter.php(907): App\Controllers\ApiStock->countGroup()
 5 SYSTEMPATH/CodeIgniter.php(457): CodeIgniter\CodeIgniter->runController(Object(App\Controllers\ApiStock))
 6 SYSTEMPATH/CodeIgniter.php(340): CodeIgniter\CodeIgniter->handleRequest(null, Object(Config\Cache), false)
 7 FCPATH/index.php(67): CodeIgniter\CodeIgniter->run()
CRITICAL - 2023-02-14 19:55:21 --> file_get_contents(): Filename cannot be empty
in APPPATH/Controllers/ApiStock.php on line 105.
 1 [internal function]: CodeIgniter\Debug\Exceptions->errorHandler(2, 'file_get_contents(): Filename cannot be empty', 'APPPATH/Controllers/ApiStock.php', 105, [...])
 2 APPPATH/Controllers/ApiStock.php(105): file_get_contents('ROOTPATH/public')
 3 APPPATH/Controllers/ApiStock.php(44): App\Controllers\ApiStock->getLastStocks()
 4 SYSTEMPATH/CodeIgniter.php(907): App\Controllers\ApiStock->index()
 5 SYSTEMPATH/CodeIgniter.php(457): CodeIgniter\CodeIgniter->runController(Object(App\Controllers\ApiStock))
 6 SYSTEMPATH/CodeIgniter.php(340): CodeIgniter\CodeIgniter->handleRequest(null, Object(Config\Cache), false)
 7 FCPATH/index.php(67): CodeIgniter\CodeIgniter->run()
CRITICAL - 2023-02-14 20:05:04 --> file_get_contents(): Filename cannot be empty
in APPPATH/Controllers/ApiStock.php on line 126.
 1 [internal function]: CodeIgniter\Debug\Exceptions->errorHandler(2, 'file_get_contents(): Filename cannot be empty', 'APPPATH/Controllers/ApiStock.php', 126, [...])
 2 APPPATH/Controllers/ApiStock.php(126): file_get_contents('ROOTPATH/public')
 3 APPPATH/Controllers/ApiStock.php(64): App\Controllers\ApiStock->getLastStocks()
 4 SYSTEMPATH/CodeIgniter.php(907): App\Controllers\ApiStock->countGroup()
 5 SYSTEMPATH/CodeIgniter.php(457): CodeIgniter\CodeIgniter->runController(Object(App\Controllers\ApiStock))
 6 SYSTEMPATH/CodeIgniter.php(340): CodeIgniter\CodeIgniter->handleRequest(null, Object(Config\Cache), false)
 7 FCPATH/index.php(67): CodeIgniter\CodeIgniter->run()
CRITICAL - 2023-02-14 20:05:04 --> file_get_contents(): Filename cannot be empty
in APPPATH/Controllers/ApiStock.php on line 126.
 1 [internal function]: CodeIgniter\Debug\Exceptions->errorHandler(2, 'file_get_contents(): Filename cannot be empty', 'APPPATH/Controllers/ApiStock.php', 126, [...])
 2 APPPATH/Controllers/ApiStock.php(126): file_get_contents('ROOTPATH/public')
 3 APPPATH/Controllers/ApiStock.php(43): App\Controllers\ApiStock->getLastStocks()
 4 SYSTEMPATH/CodeIgniter.php(907): App\Controllers\ApiStock->index()
 5 SYSTEMPATH/CodeIgniter.php(457): CodeIgniter\CodeIgniter->runController(Object(App\Controllers\ApiStock))
 6 SYSTEMPATH/CodeIgniter.php(340): CodeIgniter\CodeIgniter->handleRequest(null, Object(Config\Cache), false)
 7 FCPATH/index.php(67): CodeIgniter\CodeIgniter->run()
CRITICAL - 2023-02-14 20:10:11 --> file_get_contents(): Filename cannot be empty
in APPPATH/Controllers/ApiStock.php on line 118.
 1 [internal function]: CodeIgniter\Debug\Exceptions->errorHandler(2, 'file_get_contents(): Filename cannot be empty', 'APPPATH/Controllers/ApiStock.php', 118, [...])
 2 APPPATH/Controllers/ApiStock.php(118): file_get_contents('ROOTPATH/public')
 3 APPPATH/Controllers/ApiStock.php(56): App\Controllers\ApiStock->getLastStocks()
 4 SYSTEMPATH/CodeIgniter.php(907): App\Controllers\ApiStock->countGroup()
 5 SYSTEMPATH/CodeIgniter.php(457): CodeIgniter\CodeIgniter->runController(Object(App\Controllers\ApiStock))
 6 SYSTEMPATH/CodeIgniter.php(340): CodeIgniter\CodeIgniter->handleRequest(null, Object(Config\Cache), false)
 7 FCPATH/index.php(67): CodeIgniter\CodeIgniter->run()
CRITICAL - 2023-02-14 20:10:11 --> file_get_contents(): Filename cannot be empty
in APPPATH/Controllers/ApiStock.php on line 118.
 1 [internal function]: CodeIgniter\Debug\Exceptions->errorHandler(2, 'file_get_contents(): Filename cannot be empty', 'APPPATH/Controllers/ApiStock.php', 118, [...])
 2 APPPATH/Controllers/ApiStock.php(118): file_get_contents('ROOTPATH/public')
 3 APPPATH/Controllers/ApiStock.php(35): App\Controllers\ApiStock->getLastStocks()
 4 SYSTEMPATH/CodeIgniter.php(907): App\Controllers\ApiStock->index()
 5 SYSTEMPATH/CodeIgniter.php(457): CodeIgniter\CodeIgniter->runController(Object(App\Controllers\ApiStock))
 6 SYSTEMPATH/CodeIgniter.php(340): CodeIgniter\CodeIgniter->handleRequest(null, Object(Config\Cache), false)
 7 FCPATH/index.php(67): CodeIgniter\CodeIgniter->run()
CRITICAL - 2023-02-14 20:10:21 --> file_get_contents(): Filename cannot be empty
in APPPATH/Controllers/ApiStock.php on line 118.
 1 [internal function]: CodeIgniter\Debug\Exceptions->errorHandler(2, 'file_get_contents(): Filename cannot be empty', 'APPPATH/Controllers/ApiStock.php', 118, [...])
 2 APPPATH/Controllers/ApiStock.php(118): file_get_contents('ROOTPATH/public')
 3 APPPATH/Controllers/ApiStock.php(56): App\Controllers\ApiStock->getLastStocks()
 4 SYSTEMPATH/CodeIgniter.php(907): App\Controllers\ApiStock->countGroup()
 5 SYSTEMPATH/CodeIgniter.php(457): CodeIgniter\CodeIgniter->runController(Object(App\Controllers\ApiStock))
 6 SYSTEMPATH/CodeIgniter.php(340): CodeIgniter\CodeIgniter->handleRequest(null, Object(Config\Cache), false)
 7 FCPATH/index.php(67): CodeIgniter\CodeIgniter->run()
CRITICAL - 2023-02-14 20:10:21 --> file_get_contents(): Filename cannot be empty
in APPPATH/Controllers/ApiStock.php on line 118.
 1 [internal function]: CodeIgniter\Debug\Exceptions->errorHandler(2, 'file_get_contents(): Filename cannot be empty', 'APPPATH/Controllers/ApiStock.php', 118, [...])
 2 APPPATH/Controllers/ApiStock.php(118): file_get_contents('ROOTPATH/public')
 3 APPPATH/Controllers/ApiStock.php(35): App\Controllers\ApiStock->getLastStocks()
 4 SYSTEMPATH/CodeIgniter.php(907): App\Controllers\ApiStock->index()
 5 SYSTEMPATH/CodeIgniter.php(457): CodeIgniter\CodeIgniter->runController(Object(App\Controllers\ApiStock))
 6 SYSTEMPATH/CodeIgniter.php(340): CodeIgniter\CodeIgniter->handleRequest(null, Object(Config\Cache), false)
 7 FCPATH/index.php(67): CodeIgniter\CodeIgniter->run()
CRITICAL - 2023-02-14 20:10:31 --> file_get_contents(): Filename cannot be empty
in APPPATH/Controllers/ApiStock.php on line 118.
 1 [internal function]: CodeIgniter\Debug\Exceptions->errorHandler(2, 'file_get_contents(): Filename cannot be empty', 'APPPATH/Controllers/ApiStock.php', 118, [...])
 2 APPPATH/Controllers/ApiStock.php(118): file_get_contents('ROOTPATH/public')
 3 APPPATH/Controllers/ApiStock.php(35): App\Controllers\ApiStock->getLastStocks()
 4 SYSTEMPATH/CodeIgniter.php(907): App\Controllers\ApiStock->index()
 5 SYSTEMPATH/CodeIgniter.php(457): CodeIgniter\CodeIgniter->runController(Object(App\Controllers\ApiStock))
 6 SYSTEMPATH/CodeIgniter.php(340): CodeIgniter\CodeIgniter->handleRequest(null, Object(Config\Cache), false)
 7 FCPATH/index.php(67): CodeIgniter\CodeIgniter->run()
CRITICAL - 2023-02-14 20:10:31 --> file_get_contents(): Filename cannot be empty
in APPPATH/Controllers/ApiStock.php on line 118.
 1 [internal function]: CodeIgniter\Debug\Exceptions->errorHandler(2, 'file_get_contents(): Filename cannot be empty', 'APPPATH/Controllers/ApiStock.php', 118, [...])
 2 APPPATH/Controllers/ApiStock.php(118): file_get_contents('ROOTPATH/public')
 3 APPPATH/Controllers/ApiStock.php(56): App\Controllers\ApiStock->getLastStocks()
 4 SYSTEMPATH/CodeIgniter.php(907): App\Controllers\ApiStock->countGroup()
 5 SYSTEMPATH/CodeIgniter.php(457): CodeIgniter\CodeIgniter->runController(Object(App\Controllers\ApiStock))
 6 SYSTEMPATH/CodeIgniter.php(340): CodeIgniter\CodeIgniter->handleRequest(null, Object(Config\Cache), false)
 7 FCPATH/index.php(67): CodeIgniter\CodeIgniter->run()
CRITICAL - 2023-02-14 20:10:41 --> file_get_contents(): Filename cannot be empty
in APPPATH/Controllers/ApiStock.php on line 118.
 1 [internal function]: CodeIgniter\Debug\Exceptions->errorHandler(2, 'file_get_contents(): Filename cannot be empty', 'APPPATH/Controllers/ApiStock.php', 118, [...])
 2 APPPATH/Controllers/ApiStock.php(118): file_get_contents('ROOTPATH/public')
 3 APPPATH/Controllers/ApiStock.php(56): App\Controllers\ApiStock->getLastStocks()
 4 SYSTEMPATH/CodeIgniter.php(907): App\Controllers\ApiStock->countGroup()
 5 SYSTEMPATH/CodeIgniter.php(457): CodeIgniter\CodeIgniter->runController(Object(App\Controllers\ApiStock))
 6 SYSTEMPATH/CodeIgniter.php(340): CodeIgniter\CodeIgniter->handleRequest(null, Object(Config\Cache), false)
 7 FCPATH/index.php(67): CodeIgniter\CodeIgniter->run()
CRITICAL - 2023-02-14 20:10:41 --> file_get_contents(): Filename cannot be empty
in APPPATH/Controllers/ApiStock.php on line 118.
 1 [internal function]: CodeIgniter\Debug\Exceptions->errorHandler(2, 'file_get_contents(): Filename cannot be empty', 'APPPATH/Controllers/ApiStock.php', 118, [...])
 2 APPPATH/Controllers/ApiStock.php(118): file_get_contents('ROOTPATH/public')
 3 APPPATH/Controllers/ApiStock.php(35): App\Controllers\ApiStock->getLastStocks()
 4 SYSTEMPATH/CodeIgniter.php(907): App\Controllers\ApiStock->index()
 5 SYSTEMPATH/CodeIgniter.php(457): CodeIgniter\CodeIgniter->runController(Object(App\Controllers\ApiStock))
 6 SYSTEMPATH/CodeIgniter.php(340): CodeIgniter\CodeIgniter->handleRequest(null, Object(Config\Cache), false)
 7 FCPATH/index.php(67): CodeIgniter\CodeIgniter->run()
CRITICAL - 2023-02-14 20:10:51 --> file_get_contents(): Filename cannot be empty
in APPPATH/Controllers/ApiStock.php on line 118.
 1 [internal function]: CodeIgniter\Debug\Exceptions->errorHandler(2, 'file_get_contents(): Filename cannot be empty', 'APPPATH/Controllers/ApiStock.php', 118, [...])
 2 APPPATH/Controllers/ApiStock.php(118): file_get_contents('ROOTPATH/public')
 3 APPPATH/Controllers/ApiStock.php(56): App\Controllers\ApiStock->getLastStocks()
 4 SYSTEMPATH/CodeIgniter.php(907): App\Controllers\ApiStock->countGroup()
 5 SYSTEMPATH/CodeIgniter.php(457): CodeIgniter\CodeIgniter->runController(Object(App\Controllers\ApiStock))
 6 SYSTEMPATH/CodeIgniter.php(340): CodeIgniter\CodeIgniter->handleRequest(null, Object(Config\Cache), false)
 7 FCPATH/index.php(67): CodeIgniter\CodeIgniter->run()
CRITICAL - 2023-02-14 20:10:51 --> file_get_contents(): Filename cannot be empty
in APPPATH/Controllers/ApiStock.php on line 118.
 1 [internal function]: CodeIgniter\Debug\Exceptions->errorHandler(2, 'file_get_contents(): Filename cannot be empty', 'APPPATH/Controllers/ApiStock.php', 118, [...])
 2 APPPATH/Controllers/ApiStock.php(118): file_get_contents('ROOTPATH/public')
 3 APPPATH/Controllers/ApiStock.php(35): App\Controllers\ApiStock->getLastStocks()
 4 SYSTEMPATH/CodeIgniter.php(907): App\Controllers\ApiStock->index()
 5 SYSTEMPATH/CodeIgniter.php(457): CodeIgniter\CodeIgniter->runController(Object(App\Controllers\ApiStock))
 6 SYSTEMPATH/CodeIgniter.php(340): CodeIgniter\CodeIgniter->handleRequest(null, Object(Config\Cache), false)
 7 FCPATH/index.php(67): CodeIgniter\CodeIgniter->run()
CRITICAL - 2023-02-14 20:11:01 --> file_get_contents(): Filename cannot be empty
in APPPATH/Controllers/ApiStock.php on line 118.
 1 [internal function]: CodeIgniter\Debug\Exceptions->errorHandler(2, 'file_get_contents(): Filename cannot be empty', 'APPPATH/Controllers/ApiStock.php', 118, [...])
 2 APPPATH/Controllers/ApiStock.php(118): file_get_contents('ROOTPATH/public')
 3 APPPATH/Controllers/ApiStock.php(56): App\Controllers\ApiStock->getLastStocks()
 4 SYSTEMPATH/CodeIgniter.php(907): App\Controllers\ApiStock->countGroup()
 5 SYSTEMPATH/CodeIgniter.php(457): CodeIgniter\CodeIgniter->runController(Object(App\Controllers\ApiStock))
 6 SYSTEMPATH/CodeIgniter.php(340): CodeIgniter\CodeIgniter->handleRequest(null, Object(Config\Cache), false)
 7 FCPATH/index.php(67): CodeIgniter\CodeIgniter->run()
CRITICAL - 2023-02-14 20:11:01 --> file_get_contents(): Filename cannot be empty
in APPPATH/Controllers/ApiStock.php on line 118.
 1 [internal function]: CodeIgniter\Debug\Exceptions->errorHandler(2, 'file_get_contents(): Filename cannot be empty', 'APPPATH/Controllers/ApiStock.php', 118, [...])
 2 APPPATH/Controllers/ApiStock.php(118): file_get_contents('ROOTPATH/public')
 3 APPPATH/Controllers/ApiStock.php(35): App\Controllers\ApiStock->getLastStocks()
 4 SYSTEMPATH/CodeIgniter.php(907): App\Controllers\ApiStock->index()
 5 SYSTEMPATH/CodeIgniter.php(457): CodeIgniter\CodeIgniter->runController(Object(App\Controllers\ApiStock))
 6 SYSTEMPATH/CodeIgniter.php(340): CodeIgniter\CodeIgniter->handleRequest(null, Object(Config\Cache), false)
 7 FCPATH/index.php(67): CodeIgniter\CodeIgniter->run()
CRITICAL - 2023-02-14 20:11:11 --> file_get_contents(): Filename cannot be empty
in APPPATH/Controllers/ApiStock.php on line 118.
 1 [internal function]: CodeIgniter\Debug\Exceptions->errorHandler(2, 'file_get_contents(): Filename cannot be empty', 'APPPATH/Controllers/ApiStock.php', 118, [...])
 2 APPPATH/Controllers/ApiStock.php(118): file_get_contents('ROOTPATH/public')
 3 APPPATH/Controllers/ApiStock.php(56): App\Controllers\ApiStock->getLastStocks()
 4 SYSTEMPATH/CodeIgniter.php(907): App\Controllers\ApiStock->countGroup()
 5 SYSTEMPATH/CodeIgniter.php(457): CodeIgniter\CodeIgniter->runController(Object(App\Controllers\ApiStock))
 6 SYSTEMPATH/CodeIgniter.php(340): CodeIgniter\CodeIgniter->handleRequest(null, Object(Config\Cache), false)
 7 FCPATH/index.php(67): CodeIgniter\CodeIgniter->run()
CRITICAL - 2023-02-14 20:11:11 --> file_get_contents(): Filename cannot be empty
in APPPATH/Controllers/ApiStock.php on line 118.
 1 [internal function]: CodeIgniter\Debug\Exceptions->errorHandler(2, 'file_get_contents(): Filename cannot be empty', 'APPPATH/Controllers/ApiStock.php', 118, [...])
 2 APPPATH/Controllers/ApiStock.php(118): file_get_contents('ROOTPATH/public')
 3 APPPATH/Controllers/ApiStock.php(35): App\Controllers\ApiStock->getLastStocks()
 4 SYSTEMPATH/CodeIgniter.php(907): App\Controllers\ApiStock->index()
 5 SYSTEMPATH/CodeIgniter.php(457): CodeIgniter\CodeIgniter->runController(Object(App\Controllers\ApiStock))
 6 SYSTEMPATH/CodeIgniter.php(340): CodeIgniter\CodeIgniter->handleRequest(null, Object(Config\Cache), false)
 7 FCPATH/index.php(67): CodeIgniter\CodeIgniter->run()
CRITICAL - 2023-02-14 20:11:21 --> file_get_contents(): Filename cannot be empty
in APPPATH/Controllers/ApiStock.php on line 118.
 1 [internal function]: CodeIgniter\Debug\Exceptions->errorHandler(2, 'file_get_contents(): Filename cannot be empty', 'APPPATH/Controllers/ApiStock.php', 118, [...])
 2 APPPATH/Controllers/ApiStock.php(118): file_get_contents('ROOTPATH/public')
 3 APPPATH/Controllers/ApiStock.php(56): App\Controllers\ApiStock->getLastStocks()
 4 SYSTEMPATH/CodeIgniter.php(907): App\Controllers\ApiStock->countGroup()
 5 SYSTEMPATH/CodeIgniter.php(457): CodeIgniter\CodeIgniter->runController(Object(App\Controllers\ApiStock))
 6 SYSTEMPATH/CodeIgniter.php(340): CodeIgniter\CodeIgniter->handleRequest(null, Object(Config\Cache), false)
 7 FCPATH/index.php(67): CodeIgniter\CodeIgniter->run()
CRITICAL - 2023-02-14 20:11:21 --> file_get_contents(): Filename cannot be empty
in APPPATH/Controllers/ApiStock.php on line 118.
 1 [internal function]: CodeIgniter\Debug\Exceptions->errorHandler(2, 'file_get_contents(): Filename cannot be empty', 'APPPATH/Controllers/ApiStock.php', 118, [...])
 2 APPPATH/Controllers/ApiStock.php(118): file_get_contents('ROOTPATH/public')
 3 APPPATH/Controllers/ApiStock.php(35): App\Controllers\ApiStock->getLastStocks()
 4 SYSTEMPATH/CodeIgniter.php(907): App\Controllers\ApiStock->index()
 5 SYSTEMPATH/CodeIgniter.php(457): CodeIgniter\CodeIgniter->runController(Object(App\Controllers\ApiStock))
 6 SYSTEMPATH/CodeIgniter.php(340): CodeIgniter\CodeIgniter->handleRequest(null, Object(Config\Cache), false)
 7 FCPATH/index.php(67): CodeIgniter\CodeIgniter->run()
CRITICAL - 2023-02-14 20:11:31 --> file_get_contents(): Filename cannot be empty
in APPPATH/Controllers/ApiStock.php on line 118.
 1 [internal function]: CodeIgniter\Debug\Exceptions->errorHandler(2, 'file_get_contents(): Filename cannot be empty', 'APPPATH/Controllers/ApiStock.php', 118, [...])
 2 APPPATH/Controllers/ApiStock.php(118): file_get_contents('ROOTPATH/public')
 3 APPPATH/Controllers/ApiStock.php(56): App\Controllers\ApiStock->getLastStocks()
 4 SYSTEMPATH/CodeIgniter.php(907): App\Controllers\ApiStock->countGroup()
 5 SYSTEMPATH/CodeIgniter.php(457): CodeIgniter\CodeIgniter->runController(Object(App\Controllers\ApiStock))
 6 SYSTEMPATH/CodeIgniter.php(340): CodeIgniter\CodeIgniter->handleRequest(null, Object(Config\Cache), false)
 7 FCPATH/index.php(67): CodeIgniter\CodeIgniter->run()
CRITICAL - 2023-02-14 20:11:31 --> file_get_contents(): Filename cannot be empty
in APPPATH/Controllers/ApiStock.php on line 118.
 1 [internal function]: CodeIgniter\Debug\Exceptions->errorHandler(2, 'file_get_contents(): Filename cannot be empty', 'APPPATH/Controllers/ApiStock.php', 118, [...])
 2 APPPATH/Controllers/ApiStock.php(118): file_get_contents('ROOTPATH/public')
 3 APPPATH/Controllers/ApiStock.php(35): App\Controllers\ApiStock->getLastStocks()
 4 SYSTEMPATH/CodeIgniter.php(907): App\Controllers\ApiStock->index()
 5 SYSTEMPATH/CodeIgniter.php(457): CodeIgniter\CodeIgniter->runController(Object(App\Controllers\ApiStock))
 6 SYSTEMPATH/CodeIgniter.php(340): CodeIgniter\CodeIgniter->handleRequest(null, Object(Config\Cache), false)
 7 FCPATH/index.php(67): CodeIgniter\CodeIgniter->run()
CRITICAL - 2023-02-14 20:11:41 --> file_get_contents(): Filename cannot be empty
in APPPATH/Controllers/ApiStock.php on line 118.
 1 [internal function]: CodeIgniter\Debug\Exceptions->errorHandler(2, 'file_get_contents(): Filename cannot be empty', 'APPPATH/Controllers/ApiStock.php', 118, [...])
 2 APPPATH/Controllers/ApiStock.php(118): file_get_contents('ROOTPATH/public')
 3 APPPATH/Controllers/ApiStock.php(56): App\Controllers\ApiStock->getLastStocks()
 4 SYSTEMPATH/CodeIgniter.php(907): App\Controllers\ApiStock->countGroup()
 5 SYSTEMPATH/CodeIgniter.php(457): CodeIgniter\CodeIgniter->runController(Object(App\Controllers\ApiStock))
 6 SYSTEMPATH/CodeIgniter.php(340): CodeIgniter\CodeIgniter->handleRequest(null, Object(Config\Cache), false)
 7 FCPATH/index.php(67): CodeIgniter\CodeIgniter->run()
CRITICAL - 2023-02-14 20:11:41 --> file_get_contents(): Filename cannot be empty
in APPPATH/Controllers/ApiStock.php on line 118.
 1 [internal function]: CodeIgniter\Debug\Exceptions->errorHandler(2, 'file_get_contents(): Filename cannot be empty', 'APPPATH/Controllers/ApiStock.php', 118, [...])
 2 APPPATH/Controllers/ApiStock.php(118): file_get_contents('ROOTPATH/public')
 3 APPPATH/Controllers/ApiStock.php(35): App\Controllers\ApiStock->getLastStocks()
 4 SYSTEMPATH/CodeIgniter.php(907): App\Controllers\ApiStock->index()
 5 SYSTEMPATH/CodeIgniter.php(457): CodeIgniter\CodeIgniter->runController(Object(App\Controllers\ApiStock))
 6 SYSTEMPATH/CodeIgniter.php(340): CodeIgniter\CodeIgniter->handleRequest(null, Object(Config\Cache), false)
 7 FCPATH/index.php(67): CodeIgniter\CodeIgniter->run()
CRITICAL - 2023-02-14 20:11:51 --> file_get_contents(): Filename cannot be empty
in APPPATH/Controllers/ApiStock.php on line 118.
 1 [internal function]: CodeIgniter\Debug\Exceptions->errorHandler(2, 'file_get_contents(): Filename cannot be empty', 'APPPATH/Controllers/ApiStock.php', 118, [...])
 2 APPPATH/Controllers/ApiStock.php(118): file_get_contents('ROOTPATH/public')
 3 APPPATH/Controllers/ApiStock.php(56): App\Controllers\ApiStock->getLastStocks()
 4 SYSTEMPATH/CodeIgniter.php(907): App\Controllers\ApiStock->countGroup()
 5 SYSTEMPATH/CodeIgniter.php(457): CodeIgniter\CodeIgniter->runController(Object(App\Controllers\ApiStock))
 6 SYSTEMPATH/CodeIgniter.php(340): CodeIgniter\CodeIgniter->handleRequest(null, Object(Config\Cache), false)
 7 FCPATH/index.php(67): CodeIgniter\CodeIgniter->run()
CRITICAL - 2023-02-14 20:11:51 --> file_get_contents(): Filename cannot be empty
in APPPATH/Controllers/ApiStock.php on line 118.
 1 [internal function]: CodeIgniter\Debug\Exceptions->errorHandler(2, 'file_get_contents(): Filename cannot be empty', 'APPPATH/Controllers/ApiStock.php', 118, [...])
 2 APPPATH/Controllers/ApiStock.php(118): file_get_contents('ROOTPATH/public')
 3 APPPATH/Controllers/ApiStock.php(35): App\Controllers\ApiStock->getLastStocks()
 4 SYSTEMPATH/CodeIgniter.php(907): App\Controllers\ApiStock->index()
 5 SYSTEMPATH/CodeIgniter.php(457): CodeIgniter\CodeIgniter->runController(Object(App\Controllers\ApiStock))
 6 SYSTEMPATH/CodeIgniter.php(340): CodeIgniter\CodeIgniter->handleRequest(null, Object(Config\Cache), false)
 7 FCPATH/index.php(67): CodeIgniter\CodeIgniter->run()
CRITICAL - 2023-02-14 20:12:01 --> file_get_contents(): Filename cannot be empty
in APPPATH/Controllers/ApiStock.php on line 118.
 1 [internal function]: CodeIgniter\Debug\Exceptions->errorHandler(2, 'file_get_contents(): Filename cannot be empty', 'APPPATH/Controllers/ApiStock.php', 118, [...])
 2 APPPATH/Controllers/ApiStock.php(118): file_get_contents('ROOTPATH/public')
 3 APPPATH/Controllers/ApiStock.php(56): App\Controllers\ApiStock->getLastStocks()
 4 SYSTEMPATH/CodeIgniter.php(907): App\Controllers\ApiStock->countGroup()
 5 SYSTEMPATH/CodeIgniter.php(457): CodeIgniter\CodeIgniter->runController(Object(App\Controllers\ApiStock))
 6 SYSTEMPATH/CodeIgniter.php(340): CodeIgniter\CodeIgniter->handleRequest(null, Object(Config\Cache), false)
 7 FCPATH/index.php(67): CodeIgniter\CodeIgniter->run()
CRITICAL - 2023-02-14 20:12:01 --> file_get_contents(): Filename cannot be empty
in APPPATH/Controllers/ApiStock.php on line 118.
 1 [internal function]: CodeIgniter\Debug\Exceptions->errorHandler(2, 'file_get_contents(): Filename cannot be empty', 'APPPATH/Controllers/ApiStock.php', 118, [...])
 2 APPPATH/Controllers/ApiStock.php(118): file_get_contents('ROOTPATH/public')
 3 APPPATH/Controllers/ApiStock.php(35): App\Controllers\ApiStock->getLastStocks()
 4 SYSTEMPATH/CodeIgniter.php(907): App\Controllers\ApiStock->index()
 5 SYSTEMPATH/CodeIgniter.php(457): CodeIgniter\CodeIgniter->runController(Object(App\Controllers\ApiStock))
 6 SYSTEMPATH/CodeIgniter.php(340): CodeIgniter\CodeIgniter->handleRequest(null, Object(Config\Cache), false)
 7 FCPATH/index.php(67): CodeIgniter\CodeIgniter->run()
CRITICAL - 2023-02-14 20:12:11 --> file_get_contents(): Filename cannot be empty
in APPPATH/Controllers/ApiStock.php on line 118.
 1 [internal function]: CodeIgniter\Debug\Exceptions->errorHandler(2, 'file_get_contents(): Filename cannot be empty', 'APPPATH/Controllers/ApiStock.php', 118, [...])
 2 APPPATH/Controllers/ApiStock.php(118): file_get_contents('ROOTPATH/public')
 3 APPPATH/Controllers/ApiStock.php(56): App\Controllers\ApiStock->getLastStocks()
 4 SYSTEMPATH/CodeIgniter.php(907): App\Controllers\ApiStock->countGroup()
 5 SYSTEMPATH/CodeIgniter.php(457): CodeIgniter\CodeIgniter->runController(Object(App\Controllers\ApiStock))
 6 SYSTEMPATH/CodeIgniter.php(340): CodeIgniter\CodeIgniter->handleRequest(null, Object(Config\Cache), false)
 7 FCPATH/index.php(67): CodeIgniter\CodeIgniter->run()
CRITICAL - 2023-02-14 20:12:11 --> file_get_contents(): Filename cannot be empty
in APPPATH/Controllers/ApiStock.php on line 118.
 1 [internal function]: CodeIgniter\Debug\Exceptions->errorHandler(2, 'file_get_contents(): Filename cannot be empty', 'APPPATH/Controllers/ApiStock.php', 118, [...])
 2 APPPATH/Controllers/ApiStock.php(118): file_get_contents('ROOTPATH/public')
 3 APPPATH/Controllers/ApiStock.php(35): App\Controllers\ApiStock->getLastStocks()
 4 SYSTEMPATH/CodeIgniter.php(907): App\Controllers\ApiStock->index()
 5 SYSTEMPATH/CodeIgniter.php(457): CodeIgniter\CodeIgniter->runController(Object(App\Controllers\ApiStock))
 6 SYSTEMPATH/CodeIgniter.php(340): CodeIgniter\CodeIgniter->handleRequest(null, Object(Config\Cache), false)
 7 FCPATH/index.php(67): CodeIgniter\CodeIgniter->run()
CRITICAL - 2023-02-14 20:12:21 --> file_get_contents(): Filename cannot be empty
in APPPATH/Controllers/ApiStock.php on line 118.
 1 [internal function]: CodeIgniter\Debug\Exceptions->errorHandler(2, 'file_get_contents(): Filename cannot be empty', 'APPPATH/Controllers/ApiStock.php', 118, [...])
 2 APPPATH/Controllers/ApiStock.php(118): file_get_contents('ROOTPATH/public')
 3 APPPATH/Controllers/ApiStock.php(56): App\Controllers\ApiStock->getLastStocks()
 4 SYSTEMPATH/CodeIgniter.php(907): App\Controllers\ApiStock->countGroup()
 5 SYSTEMPATH/CodeIgniter.php(457): CodeIgniter\CodeIgniter->runController(Object(App\Controllers\ApiStock))
 6 SYSTEMPATH/CodeIgniter.php(340): CodeIgniter\CodeIgniter->handleRequest(null, Object(Config\Cache), false)
 7 FCPATH/index.php(67): CodeIgniter\CodeIgniter->run()
CRITICAL - 2023-02-14 20:12:21 --> file_get_contents(): Filename cannot be empty
in APPPATH/Controllers/ApiStock.php on line 118.
 1 [internal function]: CodeIgniter\Debug\Exceptions->errorHandler(2, 'file_get_contents(): Filename cannot be empty', 'APPPATH/Controllers/ApiStock.php', 118, [...])
 2 APPPATH/Controllers/ApiStock.php(118): file_get_contents('ROOTPATH/public')
 3 APPPATH/Controllers/ApiStock.php(35): App\Controllers\ApiStock->getLastStocks()
 4 SYSTEMPATH/CodeIgniter.php(907): App\Controllers\ApiStock->index()
 5 SYSTEMPATH/CodeIgniter.php(457): CodeIgniter\CodeIgniter->runController(Object(App\Controllers\ApiStock))
 6 SYSTEMPATH/CodeIgniter.php(340): CodeIgniter\CodeIgniter->handleRequest(null, Object(Config\Cache), false)
 7 FCPATH/index.php(67): CodeIgniter\CodeIgniter->run()
CRITICAL - 2023-02-14 20:12:31 --> file_get_contents(): Filename cannot be empty
in APPPATH/Controllers/ApiStock.php on line 118.
 1 [internal function]: CodeIgniter\Debug\Exceptions->errorHandler(2, 'file_get_contents(): Filename cannot be empty', 'APPPATH/Controllers/ApiStock.php', 118, [...])
 2 APPPATH/Controllers/ApiStock.php(118): file_get_contents('ROOTPATH/public')
 3 APPPATH/Controllers/ApiStock.php(56): App\Controllers\ApiStock->getLastStocks()
 4 SYSTEMPATH/CodeIgniter.php(907): App\Controllers\ApiStock->countGroup()
 5 SYSTEMPATH/CodeIgniter.php(457): CodeIgniter\CodeIgniter->runController(Object(App\Controllers\ApiStock))
 6 SYSTEMPATH/CodeIgniter.php(340): CodeIgniter\CodeIgniter->handleRequest(null, Object(Config\Cache), false)
 7 FCPATH/index.php(67): CodeIgniter\CodeIgniter->run()
CRITICAL - 2023-02-14 20:12:31 --> file_get_contents(): Filename cannot be empty
in APPPATH/Controllers/ApiStock.php on line 118.
 1 [internal function]: CodeIgniter\Debug\Exceptions->errorHandler(2, 'file_get_contents(): Filename cannot be empty', 'APPPATH/Controllers/ApiStock.php', 118, [...])
 2 APPPATH/Controllers/ApiStock.php(118): file_get_contents('ROOTPATH/public')
 3 APPPATH/Controllers/ApiStock.php(35): App\Controllers\ApiStock->getLastStocks()
 4 SYSTEMPATH/CodeIgniter.php(907): App\Controllers\ApiStock->index()
 5 SYSTEMPATH/CodeIgniter.php(457): CodeIgniter\CodeIgniter->runController(Object(App\Controllers\ApiStock))
 6 SYSTEMPATH/CodeIgniter.php(340): CodeIgniter\CodeIgniter->handleRequest(null, Object(Config\Cache), false)
 7 FCPATH/index.php(67): CodeIgniter\CodeIgniter->run()
CRITICAL - 2023-02-14 20:12:41 --> file_get_contents(): Filename cannot be empty
in APPPATH/Controllers/ApiStock.php on line 118.
 1 [internal function]: CodeIgniter\Debug\Exceptions->errorHandler(2, 'file_get_contents(): Filename cannot be empty', 'APPPATH/Controllers/ApiStock.php', 118, [...])
 2 APPPATH/Controllers/ApiStock.php(118): file_get_contents('ROOTPATH/public')
 3 APPPATH/Controllers/ApiStock.php(56): App\Controllers\ApiStock->getLastStocks()
 4 SYSTEMPATH/CodeIgniter.php(907): App\Controllers\ApiStock->countGroup()
 5 SYSTEMPATH/CodeIgniter.php(457): CodeIgniter\CodeIgniter->runController(Object(App\Controllers\ApiStock))
 6 SYSTEMPATH/CodeIgniter.php(340): CodeIgniter\CodeIgniter->handleRequest(null, Object(Config\Cache), false)
 7 FCPATH/index.php(67): CodeIgniter\CodeIgniter->run()
CRITICAL - 2023-02-14 20:12:41 --> file_get_contents(): Filename cannot be empty
in APPPATH/Controllers/ApiStock.php on line 118.
 1 [internal function]: CodeIgniter\Debug\Exceptions->errorHandler(2, 'file_get_contents(): Filename cannot be empty', 'APPPATH/Controllers/ApiStock.php', 118, [...])
 2 APPPATH/Controllers/ApiStock.php(118): file_get_contents('ROOTPATH/public')
 3 APPPATH/Controllers/ApiStock.php(35): App\Controllers\ApiStock->getLastStocks()
 4 SYSTEMPATH/CodeIgniter.php(907): App\Controllers\ApiStock->index()
 5 SYSTEMPATH/CodeIgniter.php(457): CodeIgniter\CodeIgniter->runController(Object(App\Controllers\ApiStock))
 6 SYSTEMPATH/CodeIgniter.php(340): CodeIgniter\CodeIgniter->handleRequest(null, Object(Config\Cache), false)
 7 FCPATH/index.php(67): CodeIgniter\CodeIgniter->run()
CRITICAL - 2023-02-14 20:12:51 --> file_get_contents(): Filename cannot be empty
in APPPATH/Controllers/ApiStock.php on line 118.
 1 [internal function]: CodeIgniter\Debug\Exceptions->errorHandler(2, 'file_get_contents(): Filename cannot be empty', 'APPPATH/Controllers/ApiStock.php', 118, [...])
 2 APPPATH/Controllers/ApiStock.php(118): file_get_contents('ROOTPATH/public')
 3 APPPATH/Controllers/ApiStock.php(56): App\Controllers\ApiStock->getLastStocks()
 4 SYSTEMPATH/CodeIgniter.php(907): App\Controllers\ApiStock->countGroup()
 5 SYSTEMPATH/CodeIgniter.php(457): CodeIgniter\CodeIgniter->runController(Object(App\Controllers\ApiStock))
 6 SYSTEMPATH/CodeIgniter.php(340): CodeIgniter\CodeIgniter->handleRequest(null, Object(Config\Cache), false)
 7 FCPATH/index.php(67): CodeIgniter\CodeIgniter->run()
CRITICAL - 2023-02-14 20:12:51 --> file_get_contents(): Filename cannot be empty
in APPPATH/Controllers/ApiStock.php on line 118.
 1 [internal function]: CodeIgniter\Debug\Exceptions->errorHandler(2, 'file_get_contents(): Filename cannot be empty', 'APPPATH/Controllers/ApiStock.php', 118, [...])
 2 APPPATH/Controllers/ApiStock.php(118): file_get_contents('ROOTPATH/public')
 3 APPPATH/Controllers/ApiStock.php(35): App\Controllers\ApiStock->getLastStocks()
 4 SYSTEMPATH/CodeIgniter.php(907): App\Controllers\ApiStock->index()
 5 SYSTEMPATH/CodeIgniter.php(457): CodeIgniter\CodeIgniter->runController(Object(App\Controllers\ApiStock))
 6 SYSTEMPATH/CodeIgniter.php(340): CodeIgniter\CodeIgniter->handleRequest(null, Object(Config\Cache), false)
 7 FCPATH/index.php(67): CodeIgniter\CodeIgniter->run()
CRITICAL - 2023-02-14 20:13:01 --> file_get_contents(): Filename cannot be empty
in APPPATH/Controllers/ApiStock.php on line 118.
 1 [internal function]: CodeIgniter\Debug\Exceptions->errorHandler(2, 'file_get_contents(): Filename cannot be empty', 'APPPATH/Controllers/ApiStock.php', 118, [...])
 2 APPPATH/Controllers/ApiStock.php(118): file_get_contents('ROOTPATH/public')
 3 APPPATH/Controllers/ApiStock.php(56): App\Controllers\ApiStock->getLastStocks()
 4 SYSTEMPATH/CodeIgniter.php(907): App\Controllers\ApiStock->countGroup()
 5 SYSTEMPATH/CodeIgniter.php(457): CodeIgniter\CodeIgniter->runController(Object(App\Controllers\ApiStock))
 6 SYSTEMPATH/CodeIgniter.php(340): CodeIgniter\CodeIgniter->handleRequest(null, Object(Config\Cache), false)
 7 FCPATH/index.php(67): CodeIgniter\CodeIgniter->run()
CRITICAL - 2023-02-14 20:13:01 --> file_get_contents(): Filename cannot be empty
in APPPATH/Controllers/ApiStock.php on line 118.
 1 [internal function]: CodeIgniter\Debug\Exceptions->errorHandler(2, 'file_get_contents(): Filename cannot be empty', 'APPPATH/Controllers/ApiStock.php', 118, [...])
 2 APPPATH/Controllers/ApiStock.php(118): file_get_contents('ROOTPATH/public')
 3 APPPATH/Controllers/ApiStock.php(35): App\Controllers\ApiStock->getLastStocks()
 4 SYSTEMPATH/CodeIgniter.php(907): App\Controllers\ApiStock->index()
 5 SYSTEMPATH/CodeIgniter.php(457): CodeIgniter\CodeIgniter->runController(Object(App\Controllers\ApiStock))
 6 SYSTEMPATH/CodeIgniter.php(340): CodeIgniter\CodeIgniter->handleRequest(null, Object(Config\Cache), false)
 7 FCPATH/index.php(67): CodeIgniter\CodeIgniter->run()
CRITICAL - 2023-02-14 20:13:11 --> file_get_contents(): Filename cannot be empty
in APPPATH/Controllers/ApiStock.php on line 118.
 1 [internal function]: CodeIgniter\Debug\Exceptions->errorHandler(2, 'file_get_contents(): Filename cannot be empty', 'APPPATH/Controllers/ApiStock.php', 118, [...])
 2 APPPATH/Controllers/ApiStock.php(118): file_get_contents('ROOTPATH/public')
 3 APPPATH/Controllers/ApiStock.php(56): App\Controllers\ApiStock->getLastStocks()
 4 SYSTEMPATH/CodeIgniter.php(907): App\Controllers\ApiStock->countGroup()
 5 SYSTEMPATH/CodeIgniter.php(457): CodeIgniter\CodeIgniter->runController(Object(App\Controllers\ApiStock))
 6 SYSTEMPATH/CodeIgniter.php(340): CodeIgniter\CodeIgniter->handleRequest(null, Object(Config\Cache), false)
 7 FCPATH/index.php(67): CodeIgniter\CodeIgniter->run()
CRITICAL - 2023-02-14 20:13:11 --> file_get_contents(): Filename cannot be empty
in APPPATH/Controllers/ApiStock.php on line 118.
 1 [internal function]: CodeIgniter\Debug\Exceptions->errorHandler(2, 'file_get_contents(): Filename cannot be empty', 'APPPATH/Controllers/ApiStock.php', 118, [...])
 2 APPPATH/Controllers/ApiStock.php(118): file_get_contents('ROOTPATH/public')
 3 APPPATH/Controllers/ApiStock.php(35): App\Controllers\ApiStock->getLastStocks()
 4 SYSTEMPATH/CodeIgniter.php(907): App\Controllers\ApiStock->index()
 5 SYSTEMPATH/CodeIgniter.php(457): CodeIgniter\CodeIgniter->runController(Object(App\Controllers\ApiStock))
 6 SYSTEMPATH/CodeIgniter.php(340): CodeIgniter\CodeIgniter->handleRequest(null, Object(Config\Cache), false)
 7 FCPATH/index.php(67): CodeIgniter\CodeIgniter->run()
CRITICAL - 2023-02-14 20:13:21 --> file_get_contents(): Filename cannot be empty
in APPPATH/Controllers/ApiStock.php on line 118.
 1 [internal function]: CodeIgniter\Debug\Exceptions->errorHandler(2, 'file_get_contents(): Filename cannot be empty', 'APPPATH/Controllers/ApiStock.php', 118, [...])
 2 APPPATH/Controllers/ApiStock.php(118): file_get_contents('ROOTPATH/public')
 3 APPPATH/Controllers/ApiStock.php(56): App\Controllers\ApiStock->getLastStocks()
 4 SYSTEMPATH/CodeIgniter.php(907): App\Controllers\ApiStock->countGroup()
 5 SYSTEMPATH/CodeIgniter.php(457): CodeIgniter\CodeIgniter->runController(Object(App\Controllers\ApiStock))
 6 SYSTEMPATH/CodeIgniter.php(340): CodeIgniter\CodeIgniter->handleRequest(null, Object(Config\Cache), false)
 7 FCPATH/index.php(67): CodeIgniter\CodeIgniter->run()
CRITICAL - 2023-02-14 20:13:21 --> file_get_contents(): Filename cannot be empty
in APPPATH/Controllers/ApiStock.php on line 118.
 1 [internal function]: CodeIgniter\Debug\Exceptions->errorHandler(2, 'file_get_contents(): Filename cannot be empty', 'APPPATH/Controllers/ApiStock.php', 118, [...])
 2 APPPATH/Controllers/ApiStock.php(118): file_get_contents('ROOTPATH/public')
 3 APPPATH/Controllers/ApiStock.php(35): App\Controllers\ApiStock->getLastStocks()
 4 SYSTEMPATH/CodeIgniter.php(907): App\Controllers\ApiStock->index()
 5 SYSTEMPATH/CodeIgniter.php(457): CodeIgniter\CodeIgniter->runController(Object(App\Controllers\ApiStock))
 6 SYSTEMPATH/CodeIgniter.php(340): CodeIgniter\CodeIgniter->handleRequest(null, Object(Config\Cache), false)
 7 FCPATH/index.php(67): CodeIgniter\CodeIgniter->run()
CRITICAL - 2023-02-14 20:13:31 --> file_get_contents(): Filename cannot be empty
in APPPATH/Controllers/ApiStock.php on line 118.
 1 [internal function]: CodeIgniter\Debug\Exceptions->errorHandler(2, 'file_get_contents(): Filename cannot be empty', 'APPPATH/Controllers/ApiStock.php', 118, [...])
 2 APPPATH/Controllers/ApiStock.php(118): file_get_contents('ROOTPATH/public')
 3 APPPATH/Controllers/ApiStock.php(56): App\Controllers\ApiStock->getLastStocks()
 4 SYSTEMPATH/CodeIgniter.php(907): App\Controllers\ApiStock->countGroup()
 5 SYSTEMPATH/CodeIgniter.php(457): CodeIgniter\CodeIgniter->runController(Object(App\Controllers\ApiStock))
 6 SYSTEMPATH/CodeIgniter.php(340): CodeIgniter\CodeIgniter->handleRequest(null, Object(Config\Cache), false)
 7 FCPATH/index.php(67): CodeIgniter\CodeIgniter->run()
CRITICAL - 2023-02-14 20:13:31 --> file_get_contents(): Filename cannot be empty
in APPPATH/Controllers/ApiStock.php on line 118.
 1 [internal function]: CodeIgniter\Debug\Exceptions->errorHandler(2, 'file_get_contents(): Filename cannot be empty', 'APPPATH/Controllers/ApiStock.php', 118, [...])
 2 APPPATH/Controllers/ApiStock.php(118): file_get_contents('ROOTPATH/public')
 3 APPPATH/Controllers/ApiStock.php(35): App\Controllers\ApiStock->getLastStocks()
 4 SYSTEMPATH/CodeIgniter.php(907): App\Controllers\ApiStock->index()
 5 SYSTEMPATH/CodeIgniter.php(457): CodeIgniter\CodeIgniter->runController(Object(App\Controllers\ApiStock))
 6 SYSTEMPATH/CodeIgniter.php(340): CodeIgniter\CodeIgniter->handleRequest(null, Object(Config\Cache), false)
 7 FCPATH/index.php(67): CodeIgniter\CodeIgniter->run()
CRITICAL - 2023-02-14 20:13:41 --> file_get_contents(): Filename cannot be empty
in APPPATH/Controllers/ApiStock.php on line 118.
 1 [internal function]: CodeIgniter\Debug\Exceptions->errorHandler(2, 'file_get_contents(): Filename cannot be empty', 'APPPATH/Controllers/ApiStock.php', 118, [...])
 2 APPPATH/Controllers/ApiStock.php(118): file_get_contents('ROOTPATH/public')
 3 APPPATH/Controllers/ApiStock.php(56): App\Controllers\ApiStock->getLastStocks()
 4 SYSTEMPATH/CodeIgniter.php(907): App\Controllers\ApiStock->countGroup()
 5 SYSTEMPATH/CodeIgniter.php(457): CodeIgniter\CodeIgniter->runController(Object(App\Controllers\ApiStock))
 6 SYSTEMPATH/CodeIgniter.php(340): CodeIgniter\CodeIgniter->handleRequest(null, Object(Config\Cache), false)
 7 FCPATH/index.php(67): CodeIgniter\CodeIgniter->run()
CRITICAL - 2023-02-14 20:13:41 --> file_get_contents(): Filename cannot be empty
in APPPATH/Controllers/ApiStock.php on line 118.
 1 [internal function]: CodeIgniter\Debug\Exceptions->errorHandler(2, 'file_get_contents(): Filename cannot be empty', 'APPPATH/Controllers/ApiStock.php', 118, [...])
 2 APPPATH/Controllers/ApiStock.php(118): file_get_contents('ROOTPATH/public')
 3 APPPATH/Controllers/ApiStock.php(35): App\Controllers\ApiStock->getLastStocks()
 4 SYSTEMPATH/CodeIgniter.php(907): App\Controllers\ApiStock->index()
 5 SYSTEMPATH/CodeIgniter.php(457): CodeIgniter\CodeIgniter->runController(Object(App\Controllers\ApiStock))
 6 SYSTEMPATH/CodeIgniter.php(340): CodeIgniter\CodeIgniter->handleRequest(null, Object(Config\Cache), false)
 7 FCPATH/index.php(67): CodeIgniter\CodeIgniter->run()
CRITICAL - 2023-02-14 20:13:51 --> file_get_contents(): Filename cannot be empty
in APPPATH/Controllers/ApiStock.php on line 120.
 1 [internal function]: CodeIgniter\Debug\Exceptions->errorHandler(2, 'file_get_contents(): Filename cannot be empty', 'APPPATH/Controllers/ApiStock.php', 120, [...])
 2 APPPATH/Controllers/ApiStock.php(120): file_get_contents('ROOTPATH/public')
 3 APPPATH/Controllers/ApiStock.php(58): App\Controllers\ApiStock->getLastStocks()
 4 SYSTEMPATH/CodeIgniter.php(907): App\Controllers\ApiStock->countGroup()
 5 SYSTEMPATH/CodeIgniter.php(457): CodeIgniter\CodeIgniter->runController(Object(App\Controllers\ApiStock))
 6 SYSTEMPATH/CodeIgniter.php(340): CodeIgniter\CodeIgniter->handleRequest(null, Object(Config\Cache), false)
 7 FCPATH/index.php(67): CodeIgniter\CodeIgniter->run()
CRITICAL - 2023-02-14 20:13:51 --> file_get_contents(): Filename cannot be empty
in APPPATH/Controllers/ApiStock.php on line 120.
 1 [internal function]: CodeIgniter\Debug\Exceptions->errorHandler(2, 'file_get_contents(): Filename cannot be empty', 'APPPATH/Controllers/ApiStock.php', 120, [...])
 2 APPPATH/Controllers/ApiStock.php(120): file_get_contents('ROOTPATH/public')
 3 APPPATH/Controllers/ApiStock.php(35): App\Controllers\ApiStock->getLastStocks()
 4 SYSTEMPATH/CodeIgniter.php(907): App\Controllers\ApiStock->index()
 5 SYSTEMPATH/CodeIgniter.php(457): CodeIgniter\CodeIgniter->runController(Object(App\Controllers\ApiStock))
 6 SYSTEMPATH/CodeIgniter.php(340): CodeIgniter\CodeIgniter->handleRequest(null, Object(Config\Cache), false)
 7 FCPATH/index.php(67): CodeIgniter\CodeIgniter->run()
CRITICAL - 2023-02-14 20:14:01 --> file_get_contents(): Filename cannot be empty
in APPPATH/Controllers/ApiStock.php on line 120.
 1 [internal function]: CodeIgniter\Debug\Exceptions->errorHandler(2, 'file_get_contents(): Filename cannot be empty', 'APPPATH/Controllers/ApiStock.php', 120, [...])
 2 APPPATH/Controllers/ApiStock.php(120): file_get_contents('ROOTPATH/public')
 3 APPPATH/Controllers/ApiStock.php(58): App\Controllers\ApiStock->getLastStocks()
 4 SYSTEMPATH/CodeIgniter.php(907): App\Controllers\ApiStock->countGroup()
 5 SYSTEMPATH/CodeIgniter.php(457): CodeIgniter\CodeIgniter->runController(Object(App\Controllers\ApiStock))
 6 SYSTEMPATH/CodeIgniter.php(340): CodeIgniter\CodeIgniter->handleRequest(null, Object(Config\Cache), false)
 7 FCPATH/index.php(67): CodeIgniter\CodeIgniter->run()
CRITICAL - 2023-02-14 20:14:01 --> file_get_contents(): Filename cannot be empty
in APPPATH/Controllers/ApiStock.php on line 120.
 1 [internal function]: CodeIgniter\Debug\Exceptions->errorHandler(2, 'file_get_contents(): Filename cannot be empty', 'APPPATH/Controllers/ApiStock.php', 120, [...])
 2 APPPATH/Controllers/ApiStock.php(120): file_get_contents('ROOTPATH/public')
 3 APPPATH/Controllers/ApiStock.php(35): App\Controllers\ApiStock->getLastStocks()
 4 SYSTEMPATH/CodeIgniter.php(907): App\Controllers\ApiStock->index()
 5 SYSTEMPATH/CodeIgniter.php(457): CodeIgniter\CodeIgniter->runController(Object(App\Controllers\ApiStock))
 6 SYSTEMPATH/CodeIgniter.php(340): CodeIgniter\CodeIgniter->handleRequest(null, Object(Config\Cache), false)
 7 FCPATH/index.php(67): CodeIgniter\CodeIgniter->run()
CRITICAL - 2023-02-14 20:14:11 --> file_get_contents(): Filename cannot be empty
in APPPATH/Controllers/ApiStock.php on line 120.
 1 [internal function]: CodeIgniter\Debug\Exceptions->errorHandler(2, 'file_get_contents(): Filename cannot be empty', 'APPPATH/Controllers/ApiStock.php', 120, [...])
 2 APPPATH/Controllers/ApiStock.php(120): file_get_contents('ROOTPATH/public')
 3 APPPATH/Controllers/ApiStock.php(58): App\Controllers\ApiStock->getLastStocks()
 4 SYSTEMPATH/CodeIgniter.php(907): App\Controllers\ApiStock->countGroup()
 5 SYSTEMPATH/CodeIgniter.php(457): CodeIgniter\CodeIgniter->runController(Object(App\Controllers\ApiStock))
 6 SYSTEMPATH/CodeIgniter.php(340): CodeIgniter\CodeIgniter->handleRequest(null, Object(Config\Cache), false)
 7 FCPATH/index.php(67): CodeIgniter\CodeIgniter->run()
CRITICAL - 2023-02-14 20:14:11 --> file_get_contents(): Filename cannot be empty
in APPPATH/Controllers/ApiStock.php on line 120.
 1 [internal function]: CodeIgniter\Debug\Exceptions->errorHandler(2, 'file_get_contents(): Filename cannot be empty', 'APPPATH/Controllers/ApiStock.php', 120, [...])
 2 APPPATH/Controllers/ApiStock.php(120): file_get_contents('ROOTPATH/public')
 3 APPPATH/Controllers/ApiStock.php(35): App\Controllers\ApiStock->getLastStocks()
 4 SYSTEMPATH/CodeIgniter.php(907): App\Controllers\ApiStock->index()
 5 SYSTEMPATH/CodeIgniter.php(457): CodeIgniter\CodeIgniter->runController(Object(App\Controllers\ApiStock))
 6 SYSTEMPATH/CodeIgniter.php(340): CodeIgniter\CodeIgniter->handleRequest(null, Object(Config\Cache), false)
 7 FCPATH/index.php(67): CodeIgniter\CodeIgniter->run()
CRITICAL - 2023-02-14 20:14:21 --> file_get_contents(): Filename cannot be empty
in APPPATH/Controllers/ApiStock.php on line 120.
 1 [internal function]: CodeIgniter\Debug\Exceptions->errorHandler(2, 'file_get_contents(): Filename cannot be empty', 'APPPATH/Controllers/ApiStock.php', 120, [...])
 2 APPPATH/Controllers/ApiStock.php(120): file_get_contents('ROOTPATH/public')
 3 APPPATH/Controllers/ApiStock.php(58): App\Controllers\ApiStock->getLastStocks()
 4 SYSTEMPATH/CodeIgniter.php(907): App\Controllers\ApiStock->countGroup()
 5 SYSTEMPATH/CodeIgniter.php(457): CodeIgniter\CodeIgniter->runController(Object(App\Controllers\ApiStock))
 6 SYSTEMPATH/CodeIgniter.php(340): CodeIgniter\CodeIgniter->handleRequest(null, Object(Config\Cache), false)
 7 FCPATH/index.php(67): CodeIgniter\CodeIgniter->run()
CRITICAL - 2023-02-14 20:14:21 --> file_get_contents(): Filename cannot be empty
in APPPATH/Controllers/ApiStock.php on line 120.
 1 [internal function]: CodeIgniter\Debug\Exceptions->errorHandler(2, 'file_get_contents(): Filename cannot be empty', 'APPPATH/Controllers/ApiStock.php', 120, [...])
 2 APPPATH/Controllers/ApiStock.php(120): file_get_contents('ROOTPATH/public')
 3 APPPATH/Controllers/ApiStock.php(35): App\Controllers\ApiStock->getLastStocks()
 4 SYSTEMPATH/CodeIgniter.php(907): App\Controllers\ApiStock->index()
 5 SYSTEMPATH/CodeIgniter.php(457): CodeIgniter\CodeIgniter->runController(Object(App\Controllers\ApiStock))
 6 SYSTEMPATH/CodeIgniter.php(340): CodeIgniter\CodeIgniter->handleRequest(null, Object(Config\Cache), false)
 7 FCPATH/index.php(67): CodeIgniter\CodeIgniter->run()
CRITICAL - 2023-02-14 20:14:31 --> file_get_contents(): Filename cannot be empty
in APPPATH/Controllers/ApiStock.php on line 120.
 1 [internal function]: CodeIgniter\Debug\Exceptions->errorHandler(2, 'file_get_contents(): Filename cannot be empty', 'APPPATH/Controllers/ApiStock.php', 120, [...])
 2 APPPATH/Controllers/ApiStock.php(120): file_get_contents('ROOTPATH/public')
 3 APPPATH/Controllers/ApiStock.php(58): App\Controllers\ApiStock->getLastStocks()
 4 SYSTEMPATH/CodeIgniter.php(907): App\Controllers\ApiStock->countGroup()
 5 SYSTEMPATH/CodeIgniter.php(457): CodeIgniter\CodeIgniter->runController(Object(App\Controllers\ApiStock))
 6 SYSTEMPATH/CodeIgniter.php(340): CodeIgniter\CodeIgniter->handleRequest(null, Object(Config\Cache), false)
 7 FCPATH/index.php(67): CodeIgniter\CodeIgniter->run()
CRITICAL - 2023-02-14 20:14:31 --> file_get_contents(): Filename cannot be empty
in APPPATH/Controllers/ApiStock.php on line 120.
 1 [internal function]: CodeIgniter\Debug\Exceptions->errorHandler(2, 'file_get_contents(): Filename cannot be empty', 'APPPATH/Controllers/ApiStock.php', 120, [...])
 2 APPPATH/Controllers/ApiStock.php(120): file_get_contents('ROOTPATH/public')
 3 APPPATH/Controllers/ApiStock.php(35): App\Controllers\ApiStock->getLastStocks()
 4 SYSTEMPATH/CodeIgniter.php(907): App\Controllers\ApiStock->index()
 5 SYSTEMPATH/CodeIgniter.php(457): CodeIgniter\CodeIgniter->runController(Object(App\Controllers\ApiStock))
 6 SYSTEMPATH/CodeIgniter.php(340): CodeIgniter\CodeIgniter->handleRequest(null, Object(Config\Cache), false)
 7 FCPATH/index.php(67): CodeIgniter\CodeIgniter->run()
CRITICAL - 2023-02-14 20:14:41 --> file_get_contents(): Filename cannot be empty
in APPPATH/Controllers/ApiStock.php on line 120.
 1 [internal function]: CodeIgniter\Debug\Exceptions->errorHandler(2, 'file_get_contents(): Filename cannot be empty', 'APPPATH/Controllers/ApiStock.php', 120, [...])
 2 APPPATH/Controllers/ApiStock.php(120): file_get_contents('ROOTPATH/public')
 3 APPPATH/Controllers/ApiStock.php(58): App\Controllers\ApiStock->getLastStocks()
 4 SYSTEMPATH/CodeIgniter.php(907): App\Controllers\ApiStock->countGroup()
 5 SYSTEMPATH/CodeIgniter.php(457): CodeIgniter\CodeIgniter->runController(Object(App\Controllers\ApiStock))
 6 SYSTEMPATH/CodeIgniter.php(340): CodeIgniter\CodeIgniter->handleRequest(null, Object(Config\Cache), false)
 7 FCPATH/index.php(67): CodeIgniter\CodeIgniter->run()
CRITICAL - 2023-02-14 20:14:41 --> file_get_contents(): Filename cannot be empty
in APPPATH/Controllers/ApiStock.php on line 120.
 1 [internal function]: CodeIgniter\Debug\Exceptions->errorHandler(2, 'file_get_contents(): Filename cannot be empty', 'APPPATH/Controllers/ApiStock.php', 120, [...])
 2 APPPATH/Controllers/ApiStock.php(120): file_get_contents('ROOTPATH/public')
 3 APPPATH/Controllers/ApiStock.php(35): App\Controllers\ApiStock->getLastStocks()
 4 SYSTEMPATH/CodeIgniter.php(907): App\Controllers\ApiStock->index()
 5 SYSTEMPATH/CodeIgniter.php(457): CodeIgniter\CodeIgniter->runController(Object(App\Controllers\ApiStock))
 6 SYSTEMPATH/CodeIgniter.php(340): CodeIgniter\CodeIgniter->handleRequest(null, Object(Config\Cache), false)
 7 FCPATH/index.php(67): CodeIgniter\CodeIgniter->run()
CRITICAL - 2023-02-14 20:14:51 --> file_get_contents(): Filename cannot be empty
in APPPATH/Controllers/ApiStock.php on line 120.
 1 [internal function]: CodeIgniter\Debug\Exceptions->errorHandler(2, 'file_get_contents(): Filename cannot be empty', 'APPPATH/Controllers/ApiStock.php', 120, [...])
 2 APPPATH/Controllers/ApiStock.php(120): file_get_contents('ROOTPATH/public')
 3 APPPATH/Controllers/ApiStock.php(58): App\Controllers\ApiStock->getLastStocks()
 4 SYSTEMPATH/CodeIgniter.php(907): App\Controllers\ApiStock->countGroup()
 5 SYSTEMPATH/CodeIgniter.php(457): CodeIgniter\CodeIgniter->runController(Object(App\Controllers\ApiStock))
 6 SYSTEMPATH/CodeIgniter.php(340): CodeIgniter\CodeIgniter->handleRequest(null, Object(Config\Cache), false)
 7 FCPATH/index.php(67): CodeIgniter\CodeIgniter->run()
CRITICAL - 2023-02-14 20:14:51 --> file_get_contents(): Filename cannot be empty
in APPPATH/Controllers/ApiStock.php on line 120.
 1 [internal function]: CodeIgniter\Debug\Exceptions->errorHandler(2, 'file_get_contents(): Filename cannot be empty', 'APPPATH/Controllers/ApiStock.php', 120, [...])
 2 APPPATH/Controllers/ApiStock.php(120): file_get_contents('ROOTPATH/public')
 3 APPPATH/Controllers/ApiStock.php(35): App\Controllers\ApiStock->getLastStocks()
 4 SYSTEMPATH/CodeIgniter.php(907): App\Controllers\ApiStock->index()
 5 SYSTEMPATH/CodeIgniter.php(457): CodeIgniter\CodeIgniter->runController(Object(App\Controllers\ApiStock))
 6 SYSTEMPATH/CodeIgniter.php(340): CodeIgniter\CodeIgniter->handleRequest(null, Object(Config\Cache), false)
 7 FCPATH/index.php(67): CodeIgniter\CodeIgniter->run()
CRITICAL - 2023-02-14 20:15:01 --> file_get_contents(): Filename cannot be empty
in APPPATH/Controllers/ApiStock.php on line 120.
 1 [internal function]: CodeIgniter\Debug\Exceptions->errorHandler(2, 'file_get_contents(): Filename cannot be empty', 'APPPATH/Controllers/ApiStock.php', 120, [...])
 2 APPPATH/Controllers/ApiStock.php(120): file_get_contents('ROOTPATH/public')
 3 APPPATH/Controllers/ApiStock.php(58): App\Controllers\ApiStock->getLastStocks()
 4 SYSTEMPATH/CodeIgniter.php(907): App\Controllers\ApiStock->countGroup()
 5 SYSTEMPATH/CodeIgniter.php(457): CodeIgniter\CodeIgniter->runController(Object(App\Controllers\ApiStock))
 6 SYSTEMPATH/CodeIgniter.php(340): CodeIgniter\CodeIgniter->handleRequest(null, Object(Config\Cache), false)
 7 FCPATH/index.php(67): CodeIgniter\CodeIgniter->run()
CRITICAL - 2023-02-14 20:15:01 --> file_get_contents(): Filename cannot be empty
in APPPATH/Controllers/ApiStock.php on line 120.
 1 [internal function]: CodeIgniter\Debug\Exceptions->errorHandler(2, 'file_get_contents(): Filename cannot be empty', 'APPPATH/Controllers/ApiStock.php', 120, [...])
 2 APPPATH/Controllers/ApiStock.php(120): file_get_contents('ROOTPATH/public')
 3 APPPATH/Controllers/ApiStock.php(35): App\Controllers\ApiStock->getLastStocks()
 4 SYSTEMPATH/CodeIgniter.php(907): App\Controllers\ApiStock->index()
 5 SYSTEMPATH/CodeIgniter.php(457): CodeIgniter\CodeIgniter->runController(Object(App\Controllers\ApiStock))
 6 SYSTEMPATH/CodeIgniter.php(340): CodeIgniter\CodeIgniter->handleRequest(null, Object(Config\Cache), false)
 7 FCPATH/index.php(67): CodeIgniter\CodeIgniter->run()
CRITICAL - 2023-02-14 20:15:11 --> file_get_contents(): Filename cannot be empty
in APPPATH/Controllers/ApiStock.php on line 120.
 1 [internal function]: CodeIgniter\Debug\Exceptions->errorHandler(2, 'file_get_contents(): Filename cannot be empty', 'APPPATH/Controllers/ApiStock.php', 120, [...])
 2 APPPATH/Controllers/ApiStock.php(120): file_get_contents('ROOTPATH/public')
 3 APPPATH/Controllers/ApiStock.php(58): App\Controllers\ApiStock->getLastStocks()
 4 SYSTEMPATH/CodeIgniter.php(907): App\Controllers\ApiStock->countGroup()
 5 SYSTEMPATH/CodeIgniter.php(457): CodeIgniter\CodeIgniter->runController(Object(App\Controllers\ApiStock))
 6 SYSTEMPATH/CodeIgniter.php(340): CodeIgniter\CodeIgniter->handleRequest(null, Object(Config\Cache), false)
 7 FCPATH/index.php(67): CodeIgniter\CodeIgniter->run()
CRITICAL - 2023-02-14 20:15:11 --> file_get_contents(): Filename cannot be empty
in APPPATH/Controllers/ApiStock.php on line 120.
 1 [internal function]: CodeIgniter\Debug\Exceptions->errorHandler(2, 'file_get_contents(): Filename cannot be empty', 'APPPATH/Controllers/ApiStock.php', 120, [...])
 2 APPPATH/Controllers/ApiStock.php(120): file_get_contents('ROOTPATH/public')
 3 APPPATH/Controllers/ApiStock.php(35): App\Controllers\ApiStock->getLastStocks()
 4 SYSTEMPATH/CodeIgniter.php(907): App\Controllers\ApiStock->index()
 5 SYSTEMPATH/CodeIgniter.php(457): CodeIgniter\CodeIgniter->runController(Object(App\Controllers\ApiStock))
 6 SYSTEMPATH/CodeIgniter.php(340): CodeIgniter\CodeIgniter->handleRequest(null, Object(Config\Cache), false)
 7 FCPATH/index.php(67): CodeIgniter\CodeIgniter->run()
CRITICAL - 2023-02-14 20:15:21 --> file_get_contents(): Filename cannot be empty
in APPPATH/Controllers/ApiStock.php on line 120.
 1 [internal function]: CodeIgniter\Debug\Exceptions->errorHandler(2, 'file_get_contents(): Filename cannot be empty', 'APPPATH/Controllers/ApiStock.php', 120, [...])
 2 APPPATH/Controllers/ApiStock.php(120): file_get_contents('ROOTPATH/public')
 3 APPPATH/Controllers/ApiStock.php(58): App\Controllers\ApiStock->getLastStocks()
 4 SYSTEMPATH/CodeIgniter.php(907): App\Controllers\ApiStock->countGroup()
 5 SYSTEMPATH/CodeIgniter.php(457): CodeIgniter\CodeIgniter->runController(Object(App\Controllers\ApiStock))
 6 SYSTEMPATH/CodeIgniter.php(340): CodeIgniter\CodeIgniter->handleRequest(null, Object(Config\Cache), false)
 7 FCPATH/index.php(67): CodeIgniter\CodeIgniter->run()
CRITICAL - 2023-02-14 20:15:21 --> file_get_contents(): Filename cannot be empty
in APPPATH/Controllers/ApiStock.php on line 120.
 1 [internal function]: CodeIgniter\Debug\Exceptions->errorHandler(2, 'file_get_contents(): Filename cannot be empty', 'APPPATH/Controllers/ApiStock.php', 120, [...])
 2 APPPATH/Controllers/ApiStock.php(120): file_get_contents('ROOTPATH/public')
 3 APPPATH/Controllers/ApiStock.php(35): App\Controllers\ApiStock->getLastStocks()
 4 SYSTEMPATH/CodeIgniter.php(907): App\Controllers\ApiStock->index()
 5 SYSTEMPATH/CodeIgniter.php(457): CodeIgniter\CodeIgniter->runController(Object(App\Controllers\ApiStock))
 6 SYSTEMPATH/CodeIgniter.php(340): CodeIgniter\CodeIgniter->handleRequest(null, Object(Config\Cache), false)
 7 FCPATH/index.php(67): CodeIgniter\CodeIgniter->run()
CRITICAL - 2023-02-14 20:15:31 --> file_get_contents(): Filename cannot be empty
in APPPATH/Controllers/ApiStock.php on line 120.
 1 [internal function]: CodeIgniter\Debug\Exceptions->errorHandler(2, 'file_get_contents(): Filename cannot be empty', 'APPPATH/Controllers/ApiStock.php', 120, [...])
 2 APPPATH/Controllers/ApiStock.php(120): file_get_contents('ROOTPATH/public')
 3 APPPATH/Controllers/ApiStock.php(58): App\Controllers\ApiStock->getLastStocks()
 4 SYSTEMPATH/CodeIgniter.php(907): App\Controllers\ApiStock->countGroup()
 5 SYSTEMPATH/CodeIgniter.php(457): CodeIgniter\CodeIgniter->runController(Object(App\Controllers\ApiStock))
 6 SYSTEMPATH/CodeIgniter.php(340): CodeIgniter\CodeIgniter->handleRequest(null, Object(Config\Cache), false)
 7 FCPATH/index.php(67): CodeIgniter\CodeIgniter->run()
CRITICAL - 2023-02-14 20:15:31 --> file_get_contents(): Filename cannot be empty
in APPPATH/Controllers/ApiStock.php on line 120.
 1 [internal function]: CodeIgniter\Debug\Exceptions->errorHandler(2, 'file_get_contents(): Filename cannot be empty', 'APPPATH/Controllers/ApiStock.php', 120, [...])
 2 APPPATH/Controllers/ApiStock.php(120): file_get_contents('ROOTPATH/public')
 3 APPPATH/Controllers/ApiStock.php(35): App\Controllers\ApiStock->getLastStocks()
 4 SYSTEMPATH/CodeIgniter.php(907): App\Controllers\ApiStock->index()
 5 SYSTEMPATH/CodeIgniter.php(457): CodeIgniter\CodeIgniter->runController(Object(App\Controllers\ApiStock))
 6 SYSTEMPATH/CodeIgniter.php(340): CodeIgniter\CodeIgniter->handleRequest(null, Object(Config\Cache), false)
 7 FCPATH/index.php(67): CodeIgniter\CodeIgniter->run()
CRITICAL - 2023-02-14 20:15:41 --> file_get_contents(): Filename cannot be empty
in APPPATH/Controllers/ApiStock.php on line 122.
 1 [internal function]: CodeIgniter\Debug\Exceptions->errorHandler(2, 'file_get_contents(): Filename cannot be empty', 'APPPATH/Controllers/ApiStock.php', 122, [...])
 2 APPPATH/Controllers/ApiStock.php(122): file_get_contents('ROOTPATH/public')
 3 APPPATH/Controllers/ApiStock.php(60): App\Controllers\ApiStock->getLastStocks()
 4 SYSTEMPATH/CodeIgniter.php(907): App\Controllers\ApiStock->countGroup()
 5 SYSTEMPATH/CodeIgniter.php(457): CodeIgniter\CodeIgniter->runController(Object(App\Controllers\ApiStock))
 6 SYSTEMPATH/CodeIgniter.php(340): CodeIgniter\CodeIgniter->handleRequest(null, Object(Config\Cache), false)
 7 FCPATH/index.php(67): CodeIgniter\CodeIgniter->run()
CRITICAL - 2023-02-14 20:15:41 --> file_get_contents(): Filename cannot be empty
in APPPATH/Controllers/ApiStock.php on line 122.
 1 [internal function]: CodeIgniter\Debug\Exceptions->errorHandler(2, 'file_get_contents(): Filename cannot be empty', 'APPPATH/Controllers/ApiStock.php', 122, [...])
 2 APPPATH/Controllers/ApiStock.php(122): file_get_contents('ROOTPATH/public')
 3 APPPATH/Controllers/ApiStock.php(35): App\Controllers\ApiStock->getLastStocks()
 4 SYSTEMPATH/CodeIgniter.php(907): App\Controllers\ApiStock->index()
 5 SYSTEMPATH/CodeIgniter.php(457): CodeIgniter\CodeIgniter->runController(Object(App\Controllers\ApiStock))
 6 SYSTEMPATH/CodeIgniter.php(340): CodeIgniter\CodeIgniter->handleRequest(null, Object(Config\Cache), false)
 7 FCPATH/index.php(67): CodeIgniter\CodeIgniter->run()
CRITICAL - 2023-02-14 20:15:42 --> file_get_contents(): Filename cannot be empty
in APPPATH/Controllers/ApiStock.php on line 122.
 1 [internal function]: CodeIgniter\Debug\Exceptions->errorHandler(2, 'file_get_contents(): Filename cannot be empty', 'APPPATH/Controllers/ApiStock.php', 122, [...])
 2 APPPATH/Controllers/ApiStock.php(122): file_get_contents('ROOTPATH/public')
 3 APPPATH/Controllers/ApiStock.php(60): App\Controllers\ApiStock->getLastStocks()
 4 SYSTEMPATH/CodeIgniter.php(907): App\Controllers\ApiStock->countGroup()
 5 SYSTEMPATH/CodeIgniter.php(457): CodeIgniter\CodeIgniter->runController(Object(App\Controllers\ApiStock))
 6 SYSTEMPATH/CodeIgniter.php(340): CodeIgniter\CodeIgniter->handleRequest(null, Object(Config\Cache), false)
 7 FCPATH/index.php(67): CodeIgniter\CodeIgniter->run()
CRITICAL - 2023-02-14 20:15:42 --> file_get_contents(): Filename cannot be empty
in APPPATH/Controllers/ApiStock.php on line 122.
 1 [internal function]: CodeIgniter\Debug\Exceptions->errorHandler(2, 'file_get_contents(): Filename cannot be empty', 'APPPATH/Controllers/ApiStock.php', 122, [...])
 2 APPPATH/Controllers/ApiStock.php(122): file_get_contents('ROOTPATH/public')
 3 APPPATH/Controllers/ApiStock.php(35): App\Controllers\ApiStock->getLastStocks()
 4 SYSTEMPATH/CodeIgniter.php(907): App\Controllers\ApiStock->index()
 5 SYSTEMPATH/CodeIgniter.php(457): CodeIgniter\CodeIgniter->runController(Object(App\Controllers\ApiStock))
 6 SYSTEMPATH/CodeIgniter.php(340): CodeIgniter\CodeIgniter->handleRequest(null, Object(Config\Cache), false)
 7 FCPATH/index.php(67): CodeIgniter\CodeIgniter->run()
CRITICAL - 2023-02-14 20:15:47 --> file_get_contents(): Filename cannot be empty
in APPPATH/Controllers/ApiStock.php on line 122.
 1 [internal function]: CodeIgniter\Debug\Exceptions->errorHandler(2, 'file_get_contents(): Filename cannot be empty', 'APPPATH/Controllers/ApiStock.php', 122, [...])
 2 APPPATH/Controllers/ApiStock.php(122): file_get_contents('ROOTPATH/public')
 3 APPPATH/Controllers/ApiStock.php(60): App\Controllers\ApiStock->getLastStocks()
 4 SYSTEMPATH/CodeIgniter.php(907): App\Controllers\ApiStock->countGroup()
 5 SYSTEMPATH/CodeIgniter.php(457): CodeIgniter\CodeIgniter->runController(Object(App\Controllers\ApiStock))
 6 SYSTEMPATH/CodeIgniter.php(340): CodeIgniter\CodeIgniter->handleRequest(null, Object(Config\Cache), false)
 7 FCPATH/index.php(67): CodeIgniter\CodeIgniter->run()
CRITICAL - 2023-02-14 20:15:47 --> file_get_contents(): Filename cannot be empty
in APPPATH/Controllers/ApiStock.php on line 122.
 1 [internal function]: CodeIgniter\Debug\Exceptions->errorHandler(2, 'file_get_contents(): Filename cannot be empty', 'APPPATH/Controllers/ApiStock.php', 122, [...])
 2 APPPATH/Controllers/ApiStock.php(122): file_get_contents('ROOTPATH/public')
 3 APPPATH/Controllers/ApiStock.php(35): App\Controllers\ApiStock->getLastStocks()
 4 SYSTEMPATH/CodeIgniter.php(907): App\Controllers\ApiStock->index()
 5 SYSTEMPATH/CodeIgniter.php(457): CodeIgniter\CodeIgniter->runController(Object(App\Controllers\ApiStock))
 6 SYSTEMPATH/CodeIgniter.php(340): CodeIgniter\CodeIgniter->handleRequest(null, Object(Config\Cache), false)
 7 FCPATH/index.php(67): CodeIgniter\CodeIgniter->run()
CRITICAL - 2023-02-14 20:15:57 --> file_get_contents(): Filename cannot be empty
in APPPATH/Controllers/ApiStock.php on line 122.
 1 [internal function]: CodeIgniter\Debug\Exceptions->errorHandler(2, 'file_get_contents(): Filename cannot be empty', 'APPPATH/Controllers/ApiStock.php', 122, [...])
 2 APPPATH/Controllers/ApiStock.php(122): file_get_contents('ROOTPATH/public')
 3 APPPATH/Controllers/ApiStock.php(60): App\Controllers\ApiStock->getLastStocks()
 4 SYSTEMPATH/CodeIgniter.php(907): App\Controllers\ApiStock->countGroup()
 5 SYSTEMPATH/CodeIgniter.php(457): CodeIgniter\CodeIgniter->runController(Object(App\Controllers\ApiStock))
 6 SYSTEMPATH/CodeIgniter.php(340): CodeIgniter\CodeIgniter->handleRequest(null, Object(Config\Cache), false)
 7 FCPATH/index.php(67): CodeIgniter\CodeIgniter->run()
CRITICAL - 2023-02-14 20:15:57 --> file_get_contents(): Filename cannot be empty
in APPPATH/Controllers/ApiStock.php on line 122.
 1 [internal function]: CodeIgniter\Debug\Exceptions->errorHandler(2, 'file_get_contents(): Filename cannot be empty', 'APPPATH/Controllers/ApiStock.php', 122, [...])
 2 APPPATH/Controllers/ApiStock.php(122): file_get_contents('ROOTPATH/public')
 3 APPPATH/Controllers/ApiStock.php(35): App\Controllers\ApiStock->getLastStocks()
 4 SYSTEMPATH/CodeIgniter.php(907): App\Controllers\ApiStock->index()
 5 SYSTEMPATH/CodeIgniter.php(457): CodeIgniter\CodeIgniter->runController(Object(App\Controllers\ApiStock))
 6 SYSTEMPATH/CodeIgniter.php(340): CodeIgniter\CodeIgniter->handleRequest(null, Object(Config\Cache), false)
 7 FCPATH/index.php(67): CodeIgniter\CodeIgniter->run()
CRITICAL - 2023-02-14 20:16:07 --> file_get_contents(): Filename cannot be empty
in APPPATH/Controllers/ApiStock.php on line 122.
 1 [internal function]: CodeIgniter\Debug\Exceptions->errorHandler(2, 'file_get_contents(): Filename cannot be empty', 'APPPATH/Controllers/ApiStock.php', 122, [...])
 2 APPPATH/Controllers/ApiStock.php(122): file_get_contents('ROOTPATH/public')
 3 APPPATH/Controllers/ApiStock.php(60): App\Controllers\ApiStock->getLastStocks()
 4 SYSTEMPATH/CodeIgniter.php(907): App\Controllers\ApiStock->countGroup()
 5 SYSTEMPATH/CodeIgniter.php(457): CodeIgniter\CodeIgniter->runController(Object(App\Controllers\ApiStock))
 6 SYSTEMPATH/CodeIgniter.php(340): CodeIgniter\CodeIgniter->handleRequest(null, Object(Config\Cache), false)
 7 FCPATH/index.php(67): CodeIgniter\CodeIgniter->run()
CRITICAL - 2023-02-14 20:16:07 --> file_get_contents(): Filename cannot be empty
in APPPATH/Controllers/ApiStock.php on line 122.
 1 [internal function]: CodeIgniter\Debug\Exceptions->errorHandler(2, 'file_get_contents(): Filename cannot be empty', 'APPPATH/Controllers/ApiStock.php', 122, [...])
 2 APPPATH/Controllers/ApiStock.php(122): file_get_contents('ROOTPATH/public')
 3 APPPATH/Controllers/ApiStock.php(35): App\Controllers\ApiStock->getLastStocks()
 4 SYSTEMPATH/CodeIgniter.php(907): App\Controllers\ApiStock->index()
 5 SYSTEMPATH/CodeIgniter.php(457): CodeIgniter\CodeIgniter->runController(Object(App\Controllers\ApiStock))
 6 SYSTEMPATH/CodeIgniter.php(340): CodeIgniter\CodeIgniter->handleRequest(null, Object(Config\Cache), false)
 7 FCPATH/index.php(67): CodeIgniter\CodeIgniter->run()
CRITICAL - 2023-02-14 20:16:17 --> file_get_contents(): Filename cannot be empty
in APPPATH/Controllers/ApiStock.php on line 122.
 1 [internal function]: CodeIgniter\Debug\Exceptions->errorHandler(2, 'file_get_contents(): Filename cannot be empty', 'APPPATH/Controllers/ApiStock.php', 122, [...])
 2 APPPATH/Controllers/ApiStock.php(122): file_get_contents('ROOTPATH/public')
 3 APPPATH/Controllers/ApiStock.php(35): App\Controllers\ApiStock->getLastStocks()
 4 SYSTEMPATH/CodeIgniter.php(907): App\Controllers\ApiStock->index()
 5 SYSTEMPATH/CodeIgniter.php(457): CodeIgniter\CodeIgniter->runController(Object(App\Controllers\ApiStock))
 6 SYSTEMPATH/CodeIgniter.php(340): CodeIgniter\CodeIgniter->handleRequest(null, Object(Config\Cache), false)
 7 FCPATH/index.php(67): CodeIgniter\CodeIgniter->run()
CRITICAL - 2023-02-14 20:16:17 --> file_get_contents(): Filename cannot be empty
in APPPATH/Controllers/ApiStock.php on line 122.
 1 [internal function]: CodeIgniter\Debug\Exceptions->errorHandler(2, 'file_get_contents(): Filename cannot be empty', 'APPPATH/Controllers/ApiStock.php', 122, [...])
 2 APPPATH/Controllers/ApiStock.php(122): file_get_contents('ROOTPATH/public')
 3 APPPATH/Controllers/ApiStock.php(60): App\Controllers\ApiStock->getLastStocks()
 4 SYSTEMPATH/CodeIgniter.php(907): App\Controllers\ApiStock->countGroup()
 5 SYSTEMPATH/CodeIgniter.php(457): CodeIgniter\CodeIgniter->runController(Object(App\Controllers\ApiStock))
 6 SYSTEMPATH/CodeIgniter.php(340): CodeIgniter\CodeIgniter->handleRequest(null, Object(Config\Cache), false)
 7 FCPATH/index.php(67): CodeIgniter\CodeIgniter->run()
CRITICAL - 2023-02-14 20:16:27 --> file_get_contents(): Filename cannot be empty
in APPPATH/Controllers/ApiStock.php on line 122.
 1 [internal function]: CodeIgniter\Debug\Exceptions->errorHandler(2, 'file_get_contents(): Filename cannot be empty', 'APPPATH/Controllers/ApiStock.php', 122, [...])
 2 APPPATH/Controllers/ApiStock.php(122): file_get_contents('ROOTPATH/public')
 3 APPPATH/Controllers/ApiStock.php(35): App\Controllers\ApiStock->getLastStocks()
 4 SYSTEMPATH/CodeIgniter.php(907): App\Controllers\ApiStock->index()
 5 SYSTEMPATH/CodeIgniter.php(457): CodeIgniter\CodeIgniter->runController(Object(App\Controllers\ApiStock))
 6 SYSTEMPATH/CodeIgniter.php(340): CodeIgniter\CodeIgniter->handleRequest(null, Object(Config\Cache), false)
 7 FCPATH/index.php(67): CodeIgniter\CodeIgniter->run()
CRITICAL - 2023-02-14 20:16:27 --> file_get_contents(): Filename cannot be empty
in APPPATH/Controllers/ApiStock.php on line 122.
 1 [internal function]: CodeIgniter\Debug\Exceptions->errorHandler(2, 'file_get_contents(): Filename cannot be empty', 'APPPATH/Controllers/ApiStock.php', 122, [...])
 2 APPPATH/Controllers/ApiStock.php(122): file_get_contents('ROOTPATH/public')
 3 APPPATH/Controllers/ApiStock.php(60): App\Controllers\ApiStock->getLastStocks()
 4 SYSTEMPATH/CodeIgniter.php(907): App\Controllers\ApiStock->countGroup()
 5 SYSTEMPATH/CodeIgniter.php(457): CodeIgniter\CodeIgniter->runController(Object(App\Controllers\ApiStock))
 6 SYSTEMPATH/CodeIgniter.php(340): CodeIgniter\CodeIgniter->handleRequest(null, Object(Config\Cache), false)
 7 FCPATH/index.php(67): CodeIgniter\CodeIgniter->run()
CRITICAL - 2023-02-14 20:16:37 --> file_get_contents(): Filename cannot be empty
in APPPATH/Controllers/ApiStock.php on line 122.
 1 [internal function]: CodeIgniter\Debug\Exceptions->errorHandler(2, 'file_get_contents(): Filename cannot be empty', 'APPPATH/Controllers/ApiStock.php', 122, [...])
 2 APPPATH/Controllers/ApiStock.php(122): file_get_contents('ROOTPATH/public')
 3 APPPATH/Controllers/ApiStock.php(35): App\Controllers\ApiStock->getLastStocks()
 4 SYSTEMPATH/CodeIgniter.php(907): App\Controllers\ApiStock->index()
 5 SYSTEMPATH/CodeIgniter.php(457): CodeIgniter\CodeIgniter->runController(Object(App\Controllers\ApiStock))
 6 SYSTEMPATH/CodeIgniter.php(340): CodeIgniter\CodeIgniter->handleRequest(null, Object(Config\Cache), false)
 7 FCPATH/index.php(67): CodeIgniter\CodeIgniter->run()
CRITICAL - 2023-02-14 20:16:37 --> file_get_contents(): Filename cannot be empty
in APPPATH/Controllers/ApiStock.php on line 122.
 1 [internal function]: CodeIgniter\Debug\Exceptions->errorHandler(2, 'file_get_contents(): Filename cannot be empty', 'APPPATH/Controllers/ApiStock.php', 122, [...])
 2 APPPATH/Controllers/ApiStock.php(122): file_get_contents('ROOTPATH/public')
 3 APPPATH/Controllers/ApiStock.php(60): App\Controllers\ApiStock->getLastStocks()
 4 SYSTEMPATH/CodeIgniter.php(907): App\Controllers\ApiStock->countGroup()
 5 SYSTEMPATH/CodeIgniter.php(457): CodeIgniter\CodeIgniter->runController(Object(App\Controllers\ApiStock))
 6 SYSTEMPATH/CodeIgniter.php(340): CodeIgniter\CodeIgniter->handleRequest(null, Object(Config\Cache), false)
 7 FCPATH/index.php(67): CodeIgniter\CodeIgniter->run()
CRITICAL - 2023-02-14 20:16:47 --> file_get_contents(): Filename cannot be empty
in APPPATH/Controllers/ApiStock.php on line 122.
 1 [internal function]: CodeIgniter\Debug\Exceptions->errorHandler(2, 'file_get_contents(): Filename cannot be empty', 'APPPATH/Controllers/ApiStock.php', 122, [...])
 2 APPPATH/Controllers/ApiStock.php(122): file_get_contents('ROOTPATH/public')
 3 APPPATH/Controllers/ApiStock.php(35): App\Controllers\ApiStock->getLastStocks()
 4 SYSTEMPATH/CodeIgniter.php(907): App\Controllers\ApiStock->index()
 5 SYSTEMPATH/CodeIgniter.php(457): CodeIgniter\CodeIgniter->runController(Object(App\Controllers\ApiStock))
 6 SYSTEMPATH/CodeIgniter.php(340): CodeIgniter\CodeIgniter->handleRequest(null, Object(Config\Cache), false)
 7 FCPATH/index.php(67): CodeIgniter\CodeIgniter->run()
CRITICAL - 2023-02-14 20:16:47 --> file_get_contents(): Filename cannot be empty
in APPPATH/Controllers/ApiStock.php on line 122.
 1 [internal function]: CodeIgniter\Debug\Exceptions->errorHandler(2, 'file_get_contents(): Filename cannot be empty', 'APPPATH/Controllers/ApiStock.php', 122, [...])
 2 APPPATH/Controllers/ApiStock.php(122): file_get_contents('ROOTPATH/public')
 3 APPPATH/Controllers/ApiStock.php(60): App\Controllers\ApiStock->getLastStocks()
 4 SYSTEMPATH/CodeIgniter.php(907): App\Controllers\ApiStock->countGroup()
 5 SYSTEMPATH/CodeIgniter.php(457): CodeIgniter\CodeIgniter->runController(Object(App\Controllers\ApiStock))
 6 SYSTEMPATH/CodeIgniter.php(340): CodeIgniter\CodeIgniter->handleRequest(null, Object(Config\Cache), false)
 7 FCPATH/index.php(67): CodeIgniter\CodeIgniter->run()
CRITICAL - 2023-02-14 20:16:57 --> file_get_contents(): Filename cannot be empty
in APPPATH/Controllers/ApiStock.php on line 122.
 1 [internal function]: CodeIgniter\Debug\Exceptions->errorHandler(2, 'file_get_contents(): Filename cannot be empty', 'APPPATH/Controllers/ApiStock.php', 122, [...])
 2 APPPATH/Controllers/ApiStock.php(122): file_get_contents('ROOTPATH/public')
 3 APPPATH/Controllers/ApiStock.php(60): App\Controllers\ApiStock->getLastStocks()
 4 SYSTEMPATH/CodeIgniter.php(907): App\Controllers\ApiStock->countGroup()
 5 SYSTEMPATH/CodeIgniter.php(457): CodeIgniter\CodeIgniter->runController(Object(App\Controllers\ApiStock))
 6 SYSTEMPATH/CodeIgniter.php(340): CodeIgniter\CodeIgniter->handleRequest(null, Object(Config\Cache), false)
 7 FCPATH/index.php(67): CodeIgniter\CodeIgniter->run()
CRITICAL - 2023-02-14 20:16:57 --> file_get_contents(): Filename cannot be empty
in APPPATH/Controllers/ApiStock.php on line 122.
 1 [internal function]: CodeIgniter\Debug\Exceptions->errorHandler(2, 'file_get_contents(): Filename cannot be empty', 'APPPATH/Controllers/ApiStock.php', 122, [...])
 2 APPPATH/Controllers/ApiStock.php(122): file_get_contents('ROOTPATH/public')
 3 APPPATH/Controllers/ApiStock.php(35): App\Controllers\ApiStock->getLastStocks()
 4 SYSTEMPATH/CodeIgniter.php(907): App\Controllers\ApiStock->index()
 5 SYSTEMPATH/CodeIgniter.php(457): CodeIgniter\CodeIgniter->runController(Object(App\Controllers\ApiStock))
 6 SYSTEMPATH/CodeIgniter.php(340): CodeIgniter\CodeIgniter->handleRequest(null, Object(Config\Cache), false)
 7 FCPATH/index.php(67): CodeIgniter\CodeIgniter->run()
CRITICAL - 2023-02-14 20:16:58 --> file_get_contents(): Filename cannot be empty
in APPPATH/Controllers/ApiStock.php on line 122.
 1 [internal function]: CodeIgniter\Debug\Exceptions->errorHandler(2, 'file_get_contents(): Filename cannot be empty', 'APPPATH/Controllers/ApiStock.php', 122, [...])
 2 APPPATH/Controllers/ApiStock.php(122): file_get_contents('ROOTPATH/public')
 3 APPPATH/Controllers/ApiStock.php(60): App\Controllers\ApiStock->getLastStocks()
 4 SYSTEMPATH/CodeIgniter.php(907): App\Controllers\ApiStock->countGroup()
 5 SYSTEMPATH/CodeIgniter.php(457): CodeIgniter\CodeIgniter->runController(Object(App\Controllers\ApiStock))
 6 SYSTEMPATH/CodeIgniter.php(340): CodeIgniter\CodeIgniter->handleRequest(null, Object(Config\Cache), false)
 7 FCPATH/index.php(67): CodeIgniter\CodeIgniter->run()
CRITICAL - 2023-02-14 20:16:58 --> file_get_contents(): Filename cannot be empty
in APPPATH/Controllers/ApiStock.php on line 122.
 1 [internal function]: CodeIgniter\Debug\Exceptions->errorHandler(2, 'file_get_contents(): Filename cannot be empty', 'APPPATH/Controllers/ApiStock.php', 122, [...])
 2 APPPATH/Controllers/ApiStock.php(122): file_get_contents('ROOTPATH/public')
 3 APPPATH/Controllers/ApiStock.php(35): App\Controllers\ApiStock->getLastStocks()
 4 SYSTEMPATH/CodeIgniter.php(907): App\Controllers\ApiStock->index()
 5 SYSTEMPATH/CodeIgniter.php(457): CodeIgniter\CodeIgniter->runController(Object(App\Controllers\ApiStock))
 6 SYSTEMPATH/CodeIgniter.php(340): CodeIgniter\CodeIgniter->handleRequest(null, Object(Config\Cache), false)
 7 FCPATH/index.php(67): CodeIgniter\CodeIgniter->run()
CRITICAL - 2023-02-14 20:17:05 --> file_get_contents(): Filename cannot be empty
in APPPATH/Controllers/ApiStock.php on line 122.
 1 [internal function]: CodeIgniter\Debug\Exceptions->errorHandler(2, 'file_get_contents(): Filename cannot be empty', 'APPPATH/Controllers/ApiStock.php', 122, [...])
 2 APPPATH/Controllers/ApiStock.php(122): file_get_contents('ROOTPATH/public')
 3 APPPATH/Controllers/ApiStock.php(60): App\Controllers\ApiStock->getLastStocks()
 4 SYSTEMPATH/CodeIgniter.php(907): App\Controllers\ApiStock->countGroup()
 5 SYSTEMPATH/CodeIgniter.php(457): CodeIgniter\CodeIgniter->runController(Object(App\Controllers\ApiStock))
 6 SYSTEMPATH/CodeIgniter.php(340): CodeIgniter\CodeIgniter->handleRequest(null, Object(Config\Cache), false)
 7 FCPATH/index.php(67): CodeIgniter\CodeIgniter->run()
CRITICAL - 2023-02-14 20:17:05 --> file_get_contents(): Filename cannot be empty
in APPPATH/Controllers/ApiStock.php on line 122.
 1 [internal function]: CodeIgniter\Debug\Exceptions->errorHandler(2, 'file_get_contents(): Filename cannot be empty', 'APPPATH/Controllers/ApiStock.php', 122, [...])
 2 APPPATH/Controllers/ApiStock.php(122): file_get_contents('ROOTPATH/public')
 3 APPPATH/Controllers/ApiStock.php(35): App\Controllers\ApiStock->getLastStocks()
 4 SYSTEMPATH/CodeIgniter.php(907): App\Controllers\ApiStock->index()
 5 SYSTEMPATH/CodeIgniter.php(457): CodeIgniter\CodeIgniter->runController(Object(App\Controllers\ApiStock))
 6 SYSTEMPATH/CodeIgniter.php(340): CodeIgniter\CodeIgniter->handleRequest(null, Object(Config\Cache), false)
 7 FCPATH/index.php(67): CodeIgniter\CodeIgniter->run()
CRITICAL - 2023-02-14 20:17:15 --> file_get_contents(): Filename cannot be empty
in APPPATH/Controllers/ApiStock.php on line 122.
 1 [internal function]: CodeIgniter\Debug\Exceptions->errorHandler(2, 'file_get_contents(): Filename cannot be empty', 'APPPATH/Controllers/ApiStock.php', 122, [...])
 2 APPPATH/Controllers/ApiStock.php(122): file_get_contents('ROOTPATH/public')
 3 APPPATH/Controllers/ApiStock.php(60): App\Controllers\ApiStock->getLastStocks()
 4 SYSTEMPATH/CodeIgniter.php(907): App\Controllers\ApiStock->countGroup()
 5 SYSTEMPATH/CodeIgniter.php(457): CodeIgniter\CodeIgniter->runController(Object(App\Controllers\ApiStock))
 6 SYSTEMPATH/CodeIgniter.php(340): CodeIgniter\CodeIgniter->handleRequest(null, Object(Config\Cache), false)
 7 FCPATH/index.php(67): CodeIgniter\CodeIgniter->run()
CRITICAL - 2023-02-14 20:17:15 --> file_get_contents(): Filename cannot be empty
in APPPATH/Controllers/ApiStock.php on line 122.
 1 [internal function]: CodeIgniter\Debug\Exceptions->errorHandler(2, 'file_get_contents(): Filename cannot be empty', 'APPPATH/Controllers/ApiStock.php', 122, [...])
 2 APPPATH/Controllers/ApiStock.php(122): file_get_contents('ROOTPATH/public')
 3 APPPATH/Controllers/ApiStock.php(35): App\Controllers\ApiStock->getLastStocks()
 4 SYSTEMPATH/CodeIgniter.php(907): App\Controllers\ApiStock->index()
 5 SYSTEMPATH/CodeIgniter.php(457): CodeIgniter\CodeIgniter->runController(Object(App\Controllers\ApiStock))
 6 SYSTEMPATH/CodeIgniter.php(340): CodeIgniter\CodeIgniter->handleRequest(null, Object(Config\Cache), false)
 7 FCPATH/index.php(67): CodeIgniter\CodeIgniter->run()
CRITICAL - 2023-02-14 20:17:25 --> file_get_contents(): Filename cannot be empty
in APPPATH/Controllers/ApiStock.php on line 122.
 1 [internal function]: CodeIgniter\Debug\Exceptions->errorHandler(2, 'file_get_contents(): Filename cannot be empty', 'APPPATH/Controllers/ApiStock.php', 122, [...])
 2 APPPATH/Controllers/ApiStock.php(122): file_get_contents('ROOTPATH/public')
 3 APPPATH/Controllers/ApiStock.php(60): App\Controllers\ApiStock->getLastStocks()
 4 SYSTEMPATH/CodeIgniter.php(907): App\Controllers\ApiStock->countGroup()
 5 SYSTEMPATH/CodeIgniter.php(457): CodeIgniter\CodeIgniter->runController(Object(App\Controllers\ApiStock))
 6 SYSTEMPATH/CodeIgniter.php(340): CodeIgniter\CodeIgniter->handleRequest(null, Object(Config\Cache), false)
 7 FCPATH/index.php(67): CodeIgniter\CodeIgniter->run()
CRITICAL - 2023-02-14 20:17:25 --> file_get_contents(): Filename cannot be empty
in APPPATH/Controllers/ApiStock.php on line 122.
 1 [internal function]: CodeIgniter\Debug\Exceptions->errorHandler(2, 'file_get_contents(): Filename cannot be empty', 'APPPATH/Controllers/ApiStock.php', 122, [...])
 2 APPPATH/Controllers/ApiStock.php(122): file_get_contents('ROOTPATH/public')
 3 APPPATH/Controllers/ApiStock.php(35): App\Controllers\ApiStock->getLastStocks()
 4 SYSTEMPATH/CodeIgniter.php(907): App\Controllers\ApiStock->index()
 5 SYSTEMPATH/CodeIgniter.php(457): CodeIgniter\CodeIgniter->runController(Object(App\Controllers\ApiStock))
 6 SYSTEMPATH/CodeIgniter.php(340): CodeIgniter\CodeIgniter->handleRequest(null, Object(Config\Cache), false)
 7 FCPATH/index.php(67): CodeIgniter\CodeIgniter->run()
CRITICAL - 2023-02-14 20:17:30 --> file_get_contents(): Filename cannot be empty
in APPPATH/Controllers/ApiStock.php on line 122.
 1 [internal function]: CodeIgniter\Debug\Exceptions->errorHandler(2, 'file_get_contents(): Filename cannot be empty', 'APPPATH/Controllers/ApiStock.php', 122, [...])
 2 APPPATH/Controllers/ApiStock.php(122): file_get_contents('ROOTPATH/public')
 3 APPPATH/Controllers/ApiStock.php(60): App\Controllers\ApiStock->getLastStocks()
 4 SYSTEMPATH/CodeIgniter.php(907): App\Controllers\ApiStock->countGroup()
 5 SYSTEMPATH/CodeIgniter.php(457): CodeIgniter\CodeIgniter->runController(Object(App\Controllers\ApiStock))
 6 SYSTEMPATH/CodeIgniter.php(340): CodeIgniter\CodeIgniter->handleRequest(null, Object(Config\Cache), false)
 7 FCPATH/index.php(67): CodeIgniter\CodeIgniter->run()
CRITICAL - 2023-02-14 20:17:30 --> file_get_contents(): Filename cannot be empty
in APPPATH/Controllers/ApiStock.php on line 122.
 1 [internal function]: CodeIgniter\Debug\Exceptions->errorHandler(2, 'file_get_contents(): Filename cannot be empty', 'APPPATH/Controllers/ApiStock.php', 122, [...])
 2 APPPATH/Controllers/ApiStock.php(122): file_get_contents('ROOTPATH/public')
 3 APPPATH/Controllers/ApiStock.php(35): App\Controllers\ApiStock->getLastStocks()
 4 SYSTEMPATH/CodeIgniter.php(907): App\Controllers\ApiStock->index()
 5 SYSTEMPATH/CodeIgniter.php(457): CodeIgniter\CodeIgniter->runController(Object(App\Controllers\ApiStock))
 6 SYSTEMPATH/CodeIgniter.php(340): CodeIgniter\CodeIgniter->handleRequest(null, Object(Config\Cache), false)
 7 FCPATH/index.php(67): CodeIgniter\CodeIgniter->run()
CRITICAL - 2023-02-14 20:17:40 --> file_get_contents(): Filename cannot be empty
in APPPATH/Controllers/ApiStock.php on line 122.
 1 [internal function]: CodeIgniter\Debug\Exceptions->errorHandler(2, 'file_get_contents(): Filename cannot be empty', 'APPPATH/Controllers/ApiStock.php', 122, [...])
 2 APPPATH/Controllers/ApiStock.php(122): file_get_contents('ROOTPATH/public')
 3 APPPATH/Controllers/ApiStock.php(35): App\Controllers\ApiStock->getLastStocks()
 4 SYSTEMPATH/CodeIgniter.php(907): App\Controllers\ApiStock->index()
 5 SYSTEMPATH/CodeIgniter.php(457): CodeIgniter\CodeIgniter->runController(Object(App\Controllers\ApiStock))
 6 SYSTEMPATH/CodeIgniter.php(340): CodeIgniter\CodeIgniter->handleRequest(null, Object(Config\Cache), false)
 7 FCPATH/index.php(67): CodeIgniter\CodeIgniter->run()
CRITICAL - 2023-02-14 20:17:40 --> file_get_contents(): Filename cannot be empty
in APPPATH/Controllers/ApiStock.php on line 122.
 1 [internal function]: CodeIgniter\Debug\Exceptions->errorHandler(2, 'file_get_contents(): Filename cannot be empty', 'APPPATH/Controllers/ApiStock.php', 122, [...])
 2 APPPATH/Controllers/ApiStock.php(122): file_get_contents('ROOTPATH/public')
 3 APPPATH/Controllers/ApiStock.php(60): App\Controllers\ApiStock->getLastStocks()
 4 SYSTEMPATH/CodeIgniter.php(907): App\Controllers\ApiStock->countGroup()
 5 SYSTEMPATH/CodeIgniter.php(457): CodeIgniter\CodeIgniter->runController(Object(App\Controllers\ApiStock))
 6 SYSTEMPATH/CodeIgniter.php(340): CodeIgniter\CodeIgniter->handleRequest(null, Object(Config\Cache), false)
 7 FCPATH/index.php(67): CodeIgniter\CodeIgniter->run()
CRITICAL - 2023-02-14 20:17:50 --> file_get_contents(): Filename cannot be empty
in APPPATH/Controllers/ApiStock.php on line 122.
 1 [internal function]: CodeIgniter\Debug\Exceptions->errorHandler(2, 'file_get_contents(): Filename cannot be empty', 'APPPATH/Controllers/ApiStock.php', 122, [...])
 2 APPPATH/Controllers/ApiStock.php(122): file_get_contents('ROOTPATH/public')
 3 APPPATH/Controllers/ApiStock.php(60): App\Controllers\ApiStock->getLastStocks()
 4 SYSTEMPATH/CodeIgniter.php(907): App\Controllers\ApiStock->countGroup()
 5 SYSTEMPATH/CodeIgniter.php(457): CodeIgniter\CodeIgniter->runController(Object(App\Controllers\ApiStock))
 6 SYSTEMPATH/CodeIgniter.php(340): CodeIgniter\CodeIgniter->handleRequest(null, Object(Config\Cache), false)
 7 FCPATH/index.php(67): CodeIgniter\CodeIgniter->run()
CRITICAL - 2023-02-14 20:17:50 --> file_get_contents(): Filename cannot be empty
in APPPATH/Controllers/ApiStock.php on line 122.
 1 [internal function]: CodeIgniter\Debug\Exceptions->errorHandler(2, 'file_get_contents(): Filename cannot be empty', 'APPPATH/Controllers/ApiStock.php', 122, [...])
 2 APPPATH/Controllers/ApiStock.php(122): file_get_contents('ROOTPATH/public')
 3 APPPATH/Controllers/ApiStock.php(35): App\Controllers\ApiStock->getLastStocks()
 4 SYSTEMPATH/CodeIgniter.php(907): App\Controllers\ApiStock->index()
 5 SYSTEMPATH/CodeIgniter.php(457): CodeIgniter\CodeIgniter->runController(Object(App\Controllers\ApiStock))
 6 SYSTEMPATH/CodeIgniter.php(340): CodeIgniter\CodeIgniter->handleRequest(null, Object(Config\Cache), false)
 7 FCPATH/index.php(67): CodeIgniter\CodeIgniter->run()
CRITICAL - 2023-02-14 20:17:53 --> file_get_contents(): Filename cannot be empty
in APPPATH/Controllers/ApiStock.php on line 122.
 1 [internal function]: CodeIgniter\Debug\Exceptions->errorHandler(2, 'file_get_contents(): Filename cannot be empty', 'APPPATH/Controllers/ApiStock.php', 122, [...])
 2 APPPATH/Controllers/ApiStock.php(122): file_get_contents('ROOTPATH/public')
 3 APPPATH/Controllers/ApiStock.php(35): App\Controllers\ApiStock->getLastStocks()
 4 SYSTEMPATH/CodeIgniter.php(907): App\Controllers\ApiStock->index()
 5 SYSTEMPATH/CodeIgniter.php(457): CodeIgniter\CodeIgniter->runController(Object(App\Controllers\ApiStock))
 6 SYSTEMPATH/CodeIgniter.php(340): CodeIgniter\CodeIgniter->handleRequest(null, Object(Config\Cache), false)
 7 FCPATH/index.php(67): CodeIgniter\CodeIgniter->run()
CRITICAL - 2023-02-14 20:18:21 --> file_get_contents(): Filename cannot be empty
in APPPATH/Controllers/ApiStock.php on line 122.
 1 [internal function]: CodeIgniter\Debug\Exceptions->errorHandler(2, 'file_get_contents(): Filename cannot be empty', 'APPPATH/Controllers/ApiStock.php', 122, [...])
 2 APPPATH/Controllers/ApiStock.php(122): file_get_contents('ROOTPATH/public')
 3 APPPATH/Controllers/ApiStock.php(35): App\Controllers\ApiStock->getLastStocks()
 4 SYSTEMPATH/CodeIgniter.php(907): App\Controllers\ApiStock->index()
 5 SYSTEMPATH/CodeIgniter.php(457): CodeIgniter\CodeIgniter->runController(Object(App\Controllers\ApiStock))
 6 SYSTEMPATH/CodeIgniter.php(340): CodeIgniter\CodeIgniter->handleRequest(null, Object(Config\Cache), false)
 7 FCPATH/index.php(67): CodeIgniter\CodeIgniter->run()
CRITICAL - 2023-02-14 20:18:33 --> file_get_contents(): Filename cannot be empty
in APPPATH/Controllers/ApiStock.php on line 122.
 1 [internal function]: CodeIgniter\Debug\Exceptions->errorHandler(2, 'file_get_contents(): Filename cannot be empty', 'APPPATH/Controllers/ApiStock.php', 122, [...])
 2 APPPATH/Controllers/ApiStock.php(122): file_get_contents('ROOTPATH/public')
 3 APPPATH/Controllers/ApiStock.php(35): App\Controllers\ApiStock->getLastStocks()
 4 SYSTEMPATH/CodeIgniter.php(907): App\Controllers\ApiStock->index()
 5 SYSTEMPATH/CodeIgniter.php(457): CodeIgniter\CodeIgniter->runController(Object(App\Controllers\ApiStock))
 6 SYSTEMPATH/CodeIgniter.php(340): CodeIgniter\CodeIgniter->handleRequest(null, Object(Config\Cache), false)
 7 FCPATH/index.php(67): CodeIgniter\CodeIgniter->run()
CRITICAL - 2023-02-14 20:18:35 --> file_get_contents(): Filename cannot be empty
in APPPATH/Controllers/ApiStock.php on line 122.
 1 [internal function]: CodeIgniter\Debug\Exceptions->errorHandler(2, 'file_get_contents(): Filename cannot be empty', 'APPPATH/Controllers/ApiStock.php', 122, [...])
 2 APPPATH/Controllers/ApiStock.php(122): file_get_contents('ROOTPATH/public')
 3 APPPATH/Controllers/ApiStock.php(35): App\Controllers\ApiStock->getLastStocks()
 4 SYSTEMPATH/CodeIgniter.php(907): App\Controllers\ApiStock->index()
 5 SYSTEMPATH/CodeIgniter.php(457): CodeIgniter\CodeIgniter->runController(Object(App\Controllers\ApiStock))
 6 SYSTEMPATH/CodeIgniter.php(340): CodeIgniter\CodeIgniter->handleRequest(null, Object(Config\Cache), false)
 7 FCPATH/index.php(67): CodeIgniter\CodeIgniter->run()
CRITICAL - 2023-02-14 20:18:38 --> file_get_contents(): Filename cannot be empty
in APPPATH/Controllers/ApiStock.php on line 122.
 1 [internal function]: CodeIgniter\Debug\Exceptions->errorHandler(2, 'file_get_contents(): Filename cannot be empty', 'APPPATH/Controllers/ApiStock.php', 122, [...])
 2 APPPATH/Controllers/ApiStock.php(122): file_get_contents('ROOTPATH/public')
 3 APPPATH/Controllers/ApiStock.php(35): App\Controllers\ApiStock->getLastStocks()
 4 SYSTEMPATH/CodeIgniter.php(907): App\Controllers\ApiStock->index()
 5 SYSTEMPATH/CodeIgniter.php(457): CodeIgniter\CodeIgniter->runController(Object(App\Controllers\ApiStock))
 6 SYSTEMPATH/CodeIgniter.php(340): CodeIgniter\CodeIgniter->handleRequest(null, Object(Config\Cache), false)
 7 FCPATH/index.php(67): CodeIgniter\CodeIgniter->run()
CRITICAL - 2023-02-14 20:18:51 --> file_get_contents(): Filename cannot be empty
in APPPATH/Controllers/ApiStock.php on line 122.
 1 [internal function]: CodeIgniter\Debug\Exceptions->errorHandler(2, 'file_get_contents(): Filename cannot be empty', 'APPPATH/Controllers/ApiStock.php', 122, [...])
 2 APPPATH/Controllers/ApiStock.php(122): file_get_contents('ROOTPATH/public')
 3 APPPATH/Controllers/ApiStock.php(35): App\Controllers\ApiStock->getLastStocks()
 4 SYSTEMPATH/CodeIgniter.php(907): App\Controllers\ApiStock->index()
 5 SYSTEMPATH/CodeIgniter.php(457): CodeIgniter\CodeIgniter->runController(Object(App\Controllers\ApiStock))
 6 SYSTEMPATH/CodeIgniter.php(340): CodeIgniter\CodeIgniter->handleRequest(null, Object(Config\Cache), false)
 7 FCPATH/index.php(67): CodeIgniter\CodeIgniter->run()
CRITICAL - 2023-02-14 20:19:20 --> file_get_contents(): Filename cannot be empty
in APPPATH/Controllers/ApiStock.php on line 122.
 1 [internal function]: CodeIgniter\Debug\Exceptions->errorHandler(2, 'file_get_contents(): Filename cannot be empty', 'APPPATH/Controllers/ApiStock.php', 122, [...])
 2 APPPATH/Controllers/ApiStock.php(122): file_get_contents('ROOTPATH/public')
 3 APPPATH/Controllers/ApiStock.php(35): App\Controllers\ApiStock->getLastStocks()
 4 SYSTEMPATH/CodeIgniter.php(907): App\Controllers\ApiStock->index()
 5 SYSTEMPATH/CodeIgniter.php(457): CodeIgniter\CodeIgniter->runController(Object(App\Controllers\ApiStock))
 6 SYSTEMPATH/CodeIgniter.php(340): CodeIgniter\CodeIgniter->handleRequest(null, Object(Config\Cache), false)
 7 FCPATH/index.php(67): CodeIgniter\CodeIgniter->run()
CRITICAL - 2023-02-14 20:19:22 --> file_get_contents(): Filename cannot be empty
in APPPATH/Controllers/ApiStock.php on line 122.
 1 [internal function]: CodeIgniter\Debug\Exceptions->errorHandler(2, 'file_get_contents(): Filename cannot be empty', 'APPPATH/Controllers/ApiStock.php', 122, [...])
 2 APPPATH/Controllers/ApiStock.php(122): file_get_contents('ROOTPATH/public')
 3 APPPATH/Controllers/ApiStock.php(35): App\Controllers\ApiStock->getLastStocks()
 4 SYSTEMPATH/CodeIgniter.php(907): App\Controllers\ApiStock->index()
 5 SYSTEMPATH/CodeIgniter.php(457): CodeIgniter\CodeIgniter->runController(Object(App\Controllers\ApiStock))
 6 SYSTEMPATH/CodeIgniter.php(340): CodeIgniter\CodeIgniter->handleRequest(null, Object(Config\Cache), false)
 7 FCPATH/index.php(67): CodeIgniter\CodeIgniter->run()
CRITICAL - 2023-02-14 20:19:55 --> file_get_contents(): Filename cannot be empty
in APPPATH/Controllers/ApiStock.php on line 122.
 1 [internal function]: CodeIgniter\Debug\Exceptions->errorHandler(2, 'file_get_contents(): Filename cannot be empty', 'APPPATH/Controllers/ApiStock.php', 122, [...])
 2 APPPATH/Controllers/ApiStock.php(122): file_get_contents('ROOTPATH/public')
 3 APPPATH/Controllers/ApiStock.php(35): App\Controllers\ApiStock->getLastStocks()
 4 SYSTEMPATH/CodeIgniter.php(907): App\Controllers\ApiStock->index()
 5 SYSTEMPATH/CodeIgniter.php(457): CodeIgniter\CodeIgniter->runController(Object(App\Controllers\ApiStock))
 6 SYSTEMPATH/CodeIgniter.php(340): CodeIgniter\CodeIgniter->handleRequest(null, Object(Config\Cache), false)
 7 FCPATH/index.php(67): CodeIgniter\CodeIgniter->run()
CRITICAL - 2023-02-14 20:20:13 --> file_get_contents(): Filename cannot be empty
in APPPATH/Controllers/ApiStock.php on line 122.
 1 [internal function]: CodeIgniter\Debug\Exceptions->errorHandler(2, 'file_get_contents(): Filename cannot be empty', 'APPPATH/Controllers/ApiStock.php', 122, [...])
 2 APPPATH/Controllers/ApiStock.php(122): file_get_contents('ROOTPATH/public')
 3 APPPATH/Controllers/ApiStock.php(35): App\Controllers\ApiStock->getLastStocks()
 4 SYSTEMPATH/CodeIgniter.php(907): App\Controllers\ApiStock->index()
 5 SYSTEMPATH/CodeIgniter.php(457): CodeIgniter\CodeIgniter->runController(Object(App\Controllers\ApiStock))
 6 SYSTEMPATH/CodeIgniter.php(340): CodeIgniter\CodeIgniter->handleRequest(null, Object(Config\Cache), false)
 7 FCPATH/index.php(67): CodeIgniter\CodeIgniter->run()
