CRITICAL - 2022-11-14 21:08:30 --> Call to undefined function App\Libraries\Transaction\Filters\getYesterday()
in APPPATH/Libraries/Transaction/Filters/FilterYesterday.php on line 32.
 1 APPPATH/Libraries/Transaction/TransactionFilter.php(30): App\Libraries\Transaction\Filters\FilterYesterday->get('AAA')
 2 APPPATH/Libraries/Transaction/TransactionFilter.php(44): App\Libraries\Transaction\TransactionFilter->filter('AAA')
 3 APPPATH/Libraries/Stock/StockMoreInfo.php(82): App\Libraries\Transaction\TransactionFilter->getTotalVol('AAA')
 4 APPPATH/Commands/RawStock.php(40): App\Libraries\Stock\StockMoreInfo->addMoreInfo([...])
 5 SYSTEMPATH/CLI/Commands.php(63): App\Commands\RawStock->run([])
 6 SYSTEMPATH/CLI/CommandRunner.php(65): CodeIgniter\CLI\Commands->run('rawstock', [])
 7 SYSTEMPATH/CLI/CommandRunner.php(51): CodeIgniter\CLI\CommandRunner->index([])
 8 SYSTEMPATH/CodeIgniter.php(900): CodeIgniter\CLI\CommandRunner->_remap('index', [...])
 9 SYSTEMPATH/CodeIgniter.php(457): CodeIgniter\CodeIgniter->runController(Object(CodeIgniter\CLI\CommandRunner))
10 SYSTEMPATH/CodeIgniter.php(336): CodeIgniter\CodeIgniter->handleRequest(null, Object(Config\Cache), false)
11 SYSTEMPATH/CLI/Console.php(48): CodeIgniter\CodeIgniter->run()
12 ROOTPATH/spark(98): CodeIgniter\CLI\Console->run()
CRITICAL - 2022-11-14 21:09:33 --> Call to undefined function getYesterday()
in APPPATH/Libraries/Transaction/Filters/FilterYesterday.php on line 32.
 1 APPPATH/Libraries/Transaction/TransactionFilter.php(30): App\Libraries\Transaction\Filters\FilterYesterday->get('AAA')
 2 APPPATH/Libraries/Transaction/TransactionFilter.php(44): App\Libraries\Transaction\TransactionFilter->filter('AAA')
 3 APPPATH/Libraries/Stock/StockMoreInfo.php(82): App\Libraries\Transaction\TransactionFilter->getTotalVol('AAA')
 4 APPPATH/Commands/RawStock.php(40): App\Libraries\Stock\StockMoreInfo->addMoreInfo([...])
 5 SYSTEMPATH/CLI/Commands.php(63): App\Commands\RawStock->run([])
 6 SYSTEMPATH/CLI/CommandRunner.php(65): CodeIgniter\CLI\Commands->run('rawstock', [])
 7 SYSTEMPATH/CLI/CommandRunner.php(51): CodeIgniter\CLI\CommandRunner->index([])
 8 SYSTEMPATH/CodeIgniter.php(900): CodeIgniter\CLI\CommandRunner->_remap('index', [...])
 9 SYSTEMPATH/CodeIgniter.php(457): CodeIgniter\CodeIgniter->runController(Object(CodeIgniter\CLI\CommandRunner))
10 SYSTEMPATH/CodeIgniter.php(336): CodeIgniter\CodeIgniter->handleRequest(null, Object(Config\Cache), false)
11 SYSTEMPATH/CLI/Console.php(48): CodeIgniter\CodeIgniter->run()
12 ROOTPATH/spark(98): CodeIgniter\CLI\Console->run()
CRITICAL - 2022-11-14 21:12:04 --> Array to string conversion
in APPPATH/Commands/RawStock.php on line 46.
 1 APPPATH/Commands/RawStock.php(46): CodeIgniter\Debug\Exceptions->errorHandler(2, 'Array to string conversion', 'APPPATH/Commands/RawStock.php', 46)
 2 SYSTEMPATH/CLI/Commands.php(63): App\Commands\RawStock->run([])
 3 SYSTEMPATH/CLI/CommandRunner.php(65): CodeIgniter\CLI\Commands->run('rawstock', [])
 4 SYSTEMPATH/CLI/CommandRunner.php(51): CodeIgniter\CLI\CommandRunner->index([])
 5 SYSTEMPATH/CodeIgniter.php(900): CodeIgniter\CLI\CommandRunner->_remap('index', [...])
 6 SYSTEMPATH/CodeIgniter.php(457): CodeIgniter\CodeIgniter->runController(Object(CodeIgniter\CLI\CommandRunner))
 7 SYSTEMPATH/CodeIgniter.php(336): CodeIgniter\CodeIgniter->handleRequest(null, Object(Config\Cache), false)
 8 SYSTEMPATH/CLI/Console.php(48): CodeIgniter\CodeIgniter->run()
 9 ROOTPATH/spark(98): CodeIgniter\CLI\Console->run()
CRITICAL - 2022-11-14 21:14:48 --> Call to undefined function App\Libraries\Transaction\Filters\getYesterday()
in APPPATH/Libraries/Transaction/Filters/FilterYesterday.php on line 32.
 1 APPPATH/Libraries/Transaction/TransactionFilter.php(30): App\Libraries\Transaction\Filters\FilterYesterday->get('AAA')
 2 APPPATH/Libraries/Transaction/TransactionFilter.php(44): App\Libraries\Transaction\TransactionFilter->filter('AAA')
 3 APPPATH/Libraries/Stock/StockMoreInfo.php(82): App\Libraries\Transaction\TransactionFilter->getTotalVol('AAA')
 4 APPPATH/Commands/RawStock.php(40): App\Libraries\Stock\StockMoreInfo->addMoreInfo([...])
 5 SYSTEMPATH/CLI/Commands.php(63): App\Commands\RawStock->run([])
 6 SYSTEMPATH/CLI/CommandRunner.php(65): CodeIgniter\CLI\Commands->run('rawstock', [])
 7 SYSTEMPATH/CLI/CommandRunner.php(51): CodeIgniter\CLI\CommandRunner->index([])
 8 SYSTEMPATH/CodeIgniter.php(900): CodeIgniter\CLI\CommandRunner->_remap('index', [...])
 9 SYSTEMPATH/CodeIgniter.php(457): CodeIgniter\CodeIgniter->runController(Object(CodeIgniter\CLI\CommandRunner))
10 SYSTEMPATH/CodeIgniter.php(336): CodeIgniter\CodeIgniter->handleRequest(null, Object(Config\Cache), false)
11 SYSTEMPATH/CLI/Console.php(48): CodeIgniter\CodeIgniter->run()
12 ROOTPATH/spark(98): CodeIgniter\CLI\Console->run()
