CRITICAL - 2023-03-09 19:38:46 --> Creation of dynamic property App\Commands\RawData::$exchangeService is deprecated
in APPPATH/Commands/RawData.php on line 25.
 1 APPPATH/Commands/RawData.php(25): CodeIgniter\Debug\Exceptions->errorHandler(8192, 'Creation of dynamic property App\\Commands\\RawData::$exchangeService is deprecated', 'APPPATH/Commands/RawData.php', 25)
 2 SYSTEMPATH/CLI/Commands.php(113): App\Commands\RawData->__construct(Object(CodeIgniter\Log\Logger), Object(CodeIgniter\CLI\Commands))
 3 SYSTEMPATH/CLI/Commands.php(46): CodeIgniter\CLI\Commands->discoverCommands()
 4 SYSTEMPATH/Config/Services.php(162): CodeIgniter\CLI\Commands->__construct()
 5 SYSTEMPATH/Config/BaseService.php(253): CodeIgniter\Config\Services::commands(false)
 6 SYSTEMPATH/Config/BaseService.php(194): CodeIgniter\Config\BaseService::__callStatic('commands', [...])
 7 SYSTEMPATH/Config/Services.php(159): CodeIgniter\Config\BaseService::getSharedInstance('commands')
 8 SYSTEMPATH/Config/BaseService.php(253): CodeIgniter\Config\Services::commands()
 9 SYSTEMPATH/CLI/CommandRunner.php(35): CodeIgniter\Config\BaseService::__callStatic('commands', [])
10 SYSTEMPATH/CodeIgniter.php(869): CodeIgniter\CLI\CommandRunner->__construct()
11 SYSTEMPATH/CodeIgniter.php(448): CodeIgniter\CodeIgniter->createController()
12 SYSTEMPATH/CodeIgniter.php(336): CodeIgniter\CodeIgniter->handleRequest(null, Object(Config\Cache), false)
13 SYSTEMPATH/CLI/Console.php(48): CodeIgniter\CodeIgniter->run()
14 ROOTPATH/spark(98): CodeIgniter\CLI\Console->run()
CRITICAL - 2023-03-09 19:39:22 --> Creation of dynamic property App\Commands\RawData::$exchangeService is deprecated
in APPPATH/Commands/RawData.php on line 25.
 1 APPPATH/Commands/RawData.php(25): CodeIgniter\Debug\Exceptions->errorHandler(8192, 'Creation of dynamic property App\\Commands\\RawData::$exchangeService is deprecated', 'APPPATH/Commands/RawData.php', 25)
 2 SYSTEMPATH/CLI/Commands.php(113): App\Commands\RawData->__construct(Object(CodeIgniter\Log\Logger), Object(CodeIgniter\CLI\Commands))
 3 SYSTEMPATH/CLI/Commands.php(46): CodeIgniter\CLI\Commands->discoverCommands()
 4 SYSTEMPATH/Config/Services.php(162): CodeIgniter\CLI\Commands->__construct()
 5 SYSTEMPATH/Config/BaseService.php(253): CodeIgniter\Config\Services::commands(false)
 6 SYSTEMPATH/Config/BaseService.php(194): CodeIgniter\Config\BaseService::__callStatic('commands', [...])
 7 SYSTEMPATH/Config/Services.php(159): CodeIgniter\Config\BaseService::getSharedInstance('commands')
 8 SYSTEMPATH/Config/BaseService.php(253): CodeIgniter\Config\Services::commands()
 9 SYSTEMPATH/CLI/CommandRunner.php(35): CodeIgniter\Config\BaseService::__callStatic('commands', [])
10 SYSTEMPATH/CodeIgniter.php(869): CodeIgniter\CLI\CommandRunner->__construct()
11 SYSTEMPATH/CodeIgniter.php(448): CodeIgniter\CodeIgniter->createController()
12 SYSTEMPATH/CodeIgniter.php(336): CodeIgniter\CodeIgniter->handleRequest(null, Object(Config\Cache), false)
13 SYSTEMPATH/CLI/Console.php(48): CodeIgniter\CodeIgniter->run()
14 ROOTPATH/spark(98): CodeIgniter\CLI\Console->run()
CRITICAL - 2023-03-09 19:40:32 --> Creation of dynamic property App\Commands\RawStock::$exchangeService is deprecated
in APPPATH/Commands/RawStock.php on line 25.
 1 APPPATH/Commands/RawStock.php(25): CodeIgniter\Debug\Exceptions->errorHandler(8192, 'Creation of dynamic property App\\Commands\\RawStock::$exchangeService is deprecated', 'APPPATH/Commands/RawStock.php', 25)
 2 SYSTEMPATH/CLI/Commands.php(113): App\Commands\RawStock->__construct(Object(CodeIgniter\Log\Logger), Object(CodeIgniter\CLI\Commands))
 3 SYSTEMPATH/CLI/Commands.php(46): CodeIgniter\CLI\Commands->discoverCommands()
 4 SYSTEMPATH/Config/Services.php(162): CodeIgniter\CLI\Commands->__construct()
 5 SYSTEMPATH/Config/BaseService.php(253): CodeIgniter\Config\Services::commands(false)
 6 SYSTEMPATH/Config/BaseService.php(194): CodeIgniter\Config\BaseService::__callStatic('commands', [...])
 7 SYSTEMPATH/Config/Services.php(159): CodeIgniter\Config\BaseService::getSharedInstance('commands')
 8 SYSTEMPATH/Config/BaseService.php(253): CodeIgniter\Config\Services::commands()
 9 SYSTEMPATH/CLI/CommandRunner.php(35): CodeIgniter\Config\BaseService::__callStatic('commands', [])
10 SYSTEMPATH/CodeIgniter.php(869): CodeIgniter\CLI\CommandRunner->__construct()
11 SYSTEMPATH/CodeIgniter.php(448): CodeIgniter\CodeIgniter->createController()
12 SYSTEMPATH/CodeIgniter.php(336): CodeIgniter\CodeIgniter->handleRequest(null, Object(Config\Cache), false)
13 SYSTEMPATH/CLI/Console.php(48): CodeIgniter\CodeIgniter->run()
14 ROOTPATH/spark(98): CodeIgniter\CLI\Console->run()
CRITICAL - 2023-03-09 19:41:48 --> During inheritance of ArrayAccess: Uncaught ErrorException: Return type of PHPHtmlParser\Dom\Node\Collection::offsetGet($offset) should either be compatible with ArrayAccess::offsetGet(mixed $offset): mixed, or the #[\ReturnTypeWillChange] attribute should be used to temporarily suppress the notice in /Users/luan/Code/codetest/vendor/paquettg/php-html-parser/src/PHPHtmlParser/Dom/Node/Collection.php:133
Stack trace:
#0 /Users/luan/Code/codetest/vendor/paquettg/php-html-parser/src/PHPHtmlParser/Dom/Node/Collection.php(16): CodeIgniter\Debug\Exceptions->errorHandler(8192, 'Return type of ...', '/Users/luan/Cod...', 133)
#1 /Users/luan/Code/codetest/vendor/codeigniter4/framework/system/Autoloader/Autoloader.php(282): include_once('/Users/luan/Cod...')
#2 /Users/luan/Code/codetest/vendor/codeigniter4/framework/system/Autoloader/Autoloader.php(259): CodeIgniter\Autoloader\Autoloader->includeFile('/Users/luan/Cod...')
#3 /Users/luan/Code/codetest/vendor/codeigniter4/framework/system/Autoloader/Autoloader.php(237): CodeIgniter\Autoloader\Autoloader->loadInNamespace('PHPHtmlParser\\D...')
#4 /Users/luan/Code/codetest/vendor/paquettg/php-html-parser/src/PHPHtmlParser/Selector/Selector.php(65): CodeIgniter\Autoloader\Autoloader->loadClass('PHPHtmlParser\\D...')
#5 /Users/luan/Code/codetest/vendor/paquettg/php-html-parser/src/PHPHtmlParser/Dom/Node/AbstractNode.php(437): PHPHtmlParser\Selector\Selector->find(Object(PHPHtmlParser\Dom\Node\HtmlNode))
#6 /Users/luan/Code/codetest/vendor/paquettg/php-html-parser/src/PHPHtmlParser/Dom/Parser.php(121): PHPHtmlParser\Dom\Node\AbstractNode->find('meta[http-equiv...', 0)
#7 /Users/luan/Code/codetest/vendor/paquettg/php-html-parser/src/PHPHtmlParser/Dom.php(160): PHPHtmlParser\Dom\Parser->detectCharset(Object(PHPHtmlParser\Options), 'UTF-8', Object(PHPHtmlParser\Dom\Node\HtmlNode))
#8 /Users/luan/Code/codetest/app/Services/HistoryTransaction/AbstractRequest.php(48): PHPHtmlParser\Dom->loadStr('\r\n<!DOCTYPE htm...')
#9 /Users/luan/Code/codetest/app/Commands/RawTransaction.php(46): App\Services\HistoryTransaction\AbstractRequest->request(Array)
#10 /Users/luan/Code/codetest/vendor/codeigniter4/framework/system/CLI/Commands.php(63): App\Commands\RawTransaction->run(Array)
#11 /Users/luan/Code/codetest/vendor/codeigniter4/framework/system/CLI/CommandRunner.php(65): CodeIgniter\CLI\Commands->run('rawtransaction', Array)
#12 /Users/luan/Code/codetest/vendor/codeigniter4/framework/system/CLI/CommandRunner.php(51): CodeIgniter\CLI\CommandRunner->index(Array)
#13 /Users/luan/Code/codetest/vendor/codeigniter4/framework/system/CodeIgniter.php(900): CodeIgniter\CLI\CommandRunner->_remap('index', Array)
#14 /Users/luan/Code/codetest/vendor/codeigniter4/framework/system/CodeIgniter.php(457): CodeIgniter\CodeIgniter->runController(Object(CodeIgniter\CLI\CommandRunner))
#15 /Users/luan/Code/codetest/vendor/codeigniter4/framework/system/CodeIgniter.php(336): CodeIgniter\CodeIgniter->handleRequest(NULL, Object(Config\Cache), false)
#16 /Users/luan/Code/codetest/vendor/codeigniter4/framework/system/CLI/Console.php(48): CodeIgniter\CodeIgniter->run()
#17 /Users/luan/Code/codetest/spark(98): CodeIgniter\CLI\Console->run()
#18 {main}
in VENDORPATH/paquettg/php-html-parser/src/PHPHtmlParser/Dom/Node/Collection.php on line 16.
 1 [internal function]: CodeIgniter\Debug\Exceptions->shutdownHandler()
CRITICAL - 2023-03-09 19:42:37 --> During inheritance of ArrayAccess: Uncaught ErrorException: Return type of PHPHtmlParser\Dom\Node\Collection::offsetGet($offset) should either be compatible with ArrayAccess::offsetGet(mixed $offset): mixed, or the #[\ReturnTypeWillChange] attribute should be used to temporarily suppress the notice in /Users/luan/Code/codetest/vendor/paquettg/php-html-parser/src/PHPHtmlParser/Dom/Node/Collection.php:133
Stack trace:
#0 /Users/luan/Code/codetest/vendor/paquettg/php-html-parser/src/PHPHtmlParser/Dom/Node/Collection.php(16): CodeIgniter\Debug\Exceptions->errorHandler(8192, 'Return type of ...', '/Users/luan/Cod...', 133)
#1 /Users/luan/Code/codetest/vendor/codeigniter4/framework/system/Autoloader/Autoloader.php(312): include_once('/Users/luan/Cod...')
#2 /Users/luan/Code/codetest/vendor/codeigniter4/framework/system/Autoloader/Autoloader.php(289): CodeIgniter\Autoloader\Autoloader->includeFile('/Users/luan/Cod...')
#3 /Users/luan/Code/codetest/vendor/codeigniter4/framework/system/Autoloader/Autoloader.php(267): CodeIgniter\Autoloader\Autoloader->loadInNamespace('PHPHtmlParser\\D...')
#4 /Users/luan/Code/codetest/vendor/paquettg/php-html-parser/src/PHPHtmlParser/Selector/Selector.php(65): CodeIgniter\Autoloader\Autoloader->loadClass('PHPHtmlParser\\D...')
#5 /Users/luan/Code/codetest/vendor/paquettg/php-html-parser/src/PHPHtmlParser/Dom/Node/AbstractNode.php(437): PHPHtmlParser\Selector\Selector->find(Object(PHPHtmlParser\Dom\Node\HtmlNode))
#6 /Users/luan/Code/codetest/vendor/paquettg/php-html-parser/src/PHPHtmlParser/Dom/Parser.php(121): PHPHtmlParser\Dom\Node\AbstractNode->find('meta[http-equiv...', 0)
#7 /Users/luan/Code/codetest/vendor/paquettg/php-html-parser/src/PHPHtmlParser/Dom.php(160): PHPHtmlParser\Dom\Parser->detectCharset(Object(PHPHtmlParser\Options), 'UTF-8', Object(PHPHtmlParser\Dom\Node\HtmlNode))
#8 /Users/luan/Code/codetest/app/Services/HistoryTransaction/AbstractRequest.php(48): PHPHtmlParser\Dom->loadStr('\r\n<!DOCTYPE htm...')
#9 /Users/luan/Code/codetest/app/Commands/RawTransaction.php(46): App\Services\HistoryTransaction\AbstractRequest->request(Array)
#10 /Users/luan/Code/codetest/vendor/codeigniter4/framework/system/CLI/Commands.php(65): App\Commands\RawTransaction->run(Array)
#11 /Users/luan/Code/codetest/vendor/codeigniter4/framework/system/CLI/Console.php(37): CodeIgniter\CLI\Commands->run('rawtransaction', Array)
#12 /Users/luan/Code/codetest/spark(98): CodeIgniter\CLI\Console->run()
#13 {main}
in VENDORPATH/paquettg/php-html-parser/src/PHPHtmlParser/Dom/Node/Collection.php on line 16.
 1 [internal function]: CodeIgniter\Debug\Exceptions->shutdownHandler()
